
2021-01-17T05:53:00.835374,2,oximeter,processed
2021-01-17T05:53:00.835568,2,oximeter,detected
2021-01-17T05:53:00.836072,2,oximeter,persisted
2021-01-17T05:53:01.235413,2,ecg,processed
2021-01-17T05:53:01.235602,2,ecg,detected
2021-01-17T05:53:01.235847,2,ecg,persisted
2021-01-17T05:53:01.435474,2,thermometer,processed
2021-01-17T05:53:01.435612,2,thermometer,detected
2021-01-17T05:53:01.435772,2,thermometer,persisted
2021-01-17T05:53:01.835537,3,oximeter,processed
2021-01-17T05:53:01.835651,3,oximeter,detected
2021-01-17T05:53:01.835870,3,oximeter,persisted
2021-01-17T05:53:02.235687,3,ecg,processed
2021-01-17T05:53:02.235832,3,ecg,detected
2021-01-17T05:53:02.236004,3,ecg,persisted
2021-01-17T05:53:02.435764,3,thermometer,processed
2021-01-17T05:53:02.435882,3,thermometer,detected
2021-01-17T05:53:02.436037,3,thermometer,persisted
2021-01-17T05:53:02.835993,4,oximeter,processed
2021-01-17T05:53:02.836201,4,oximeter,detected
2021-01-17T05:53:02.836397,4,oximeter,persisted
2021-01-17T05:53:03.236301,4,ecg,processed
2021-01-17T05:53:03.236483,4,ecg,detected
2021-01-17T05:53:03.236871,4,ecg,persisted
2021-01-17T05:53:03.436434,4,thermometer,processed
2021-01-17T05:53:03.436588,4,thermometer,detected
2021-01-17T05:53:03.437043,4,thermometer,persisted
2021-01-17T05:53:03.836468,5,oximeter,processed
2021-01-17T05:53:03.836609,5,oximeter,detected
2021-01-17T05:53:03.836775,5,oximeter,persisted
2021-01-17T05:53:04.236645,5,ecg,processed
2021-01-17T05:53:04.236816,5,ecg,detected
2021-01-17T05:53:04.237074,5,ecg,persisted
2021-01-17T05:53:04.436758,5,thermometer,processed
2021-01-17T05:53:04.436905,5,thermometer,detected
2021-01-17T05:53:04.437078,5,thermometer,persisted
2021-01-17T05:53:04.836911,6,oximeter,processed
2021-01-17T05:53:04.837097,6,oximeter,detected
2021-01-17T05:53:04.837286,6,oximeter,persisted
2021-01-17T05:53:05.237172,6,ecg,processed
2021-01-17T05:53:05.237329,6,ecg,detected
2021-01-17T05:53:05.237526,6,ecg,persisted
2021-01-17T05:53:05.437196,6,thermometer,processed
2021-01-17T05:53:05.437334,6,thermometer,detected
2021-01-17T05:53:05.437478,6,thermometer,persisted
2021-01-17T05:53:05.837318,7,oximeter,processed
2021-01-17T05:53:05.837485,7,oximeter,detected
2021-01-17T05:53:05.837666,7,oximeter,persisted
2021-01-17T05:53:06.237492,7,ecg,processed
2021-01-17T05:53:06.237683,7,ecg,detected
2021-01-17T05:53:06.237872,7,ecg,persisted
2021-01-17T05:53:06.437613,7,thermometer,processed
2021-01-17T05:53:06.437806,7,thermometer,detected
2021-01-17T05:53:06.437998,7,thermometer,persisted
2021-01-17T05:53:06.837732,8,oximeter,processed
2021-01-17T05:53:06.837888,8,oximeter,detected
2021-01-17T05:53:06.838108,8,oximeter,persisted
2021-01-17T05:53:07.237920,8,ecg,processed
2021-01-17T05:53:07.238080,8,ecg,detected
2021-01-17T05:53:07.238280,8,ecg,persisted
2021-01-17T05:53:07.437996,8,thermometer,processed
2021-01-17T05:53:07.438199,8,thermometer,detected
2021-01-17T05:53:07.438401,8,thermometer,persisted
2021-01-17T05:53:07.838201,9,oximeter,processed
2021-01-17T05:53:07.838401,9,oximeter,detected
2021-01-17T05:53:07.838644,9,oximeter,persisted
2021-01-17T05:53:08.238413,9,ecg,processed
2021-01-17T05:53:08.238618,9,ecg,detected
2021-01-17T05:53:08.239070,9,ecg,persisted
2021-01-17T05:53:08.438477,9,thermometer,processed
2021-01-17T05:53:08.438619,9,thermometer,detected
2021-01-17T05:53:08.438805,9,thermometer,persisted
2021-01-17T05:53:08.838642,10,oximeter,processed
2021-01-17T05:53:08.838802,10,oximeter,detected
2021-01-17T05:53:08.839008,10,oximeter,persisted
2021-01-17T05:53:09.238807,10,ecg,processed
2021-01-17T05:53:09.238998,10,ecg,detected
2021-01-17T05:53:09.239274,10,ecg,persisted
2021-01-17T05:53:09.438863,10,thermometer,processed
2021-01-17T05:53:09.439008,10,thermometer,detected
2021-01-17T05:53:09.439175,10,thermometer,persisted
2021-01-17T05:53:09.839060,11,oximeter,processed
2021-01-17T05:53:09.839253,11,oximeter,detected
2021-01-17T05:53:09.839542,11,oximeter,persisted
2021-01-17T05:53:10.239237,11,ecg,processed
2021-01-17T05:53:10.239439,11,ecg,detected
2021-01-17T05:53:10.239669,11,ecg,persisted
2021-01-17T05:53:10.439410,11,thermometer,processed
2021-01-17T05:53:10.439593,11,thermometer,detected
2021-01-17T05:53:10.439826,11,thermometer,persisted
2021-01-17T05:53:10.839530,12,oximeter,processed
2021-01-17T05:53:10.839692,12,oximeter,detected
2021-01-17T05:53:10.840241,12,oximeter,persisted
2021-01-17T05:53:11.239646,12,ecg,processed
2021-01-17T05:53:11.239753,12,ecg,detected
2021-01-17T05:53:11.239853,12,ecg,persisted
2021-01-17T05:53:11.439726,12,thermometer,processed
2021-01-17T05:53:11.439875,12,thermometer,detected
2021-01-17T05:53:11.440097,12,thermometer,persisted
2021-01-17T05:53:11.839878,13,oximeter,processed
2021-01-17T05:53:11.840020,13,oximeter,detected
2021-01-17T05:53:11.840186,13,oximeter,persisted
2021-01-17T05:53:12.240071,13,ecg,processed
2021-01-17T05:53:12.240284,13,ecg,detected
2021-01-17T05:53:12.240579,13,ecg,persisted
2021-01-17T05:53:12.440116,13,thermometer,processed
2021-01-17T05:53:12.440241,13,thermometer,detected
2021-01-17T05:53:12.440413,13,thermometer,persisted
2021-01-17T05:53:12.840258,14,oximeter,processed
2021-01-17T05:53:12.840354,14,oximeter,detected
2021-01-17T05:53:12.840452,14,oximeter,persisted
2021-01-17T05:53:13.240519,14,ecg,processed
2021-01-17T05:53:13.240686,14,ecg,detected
2021-01-17T05:53:13.241242,14,ecg,persisted
2021-01-17T05:53:13.440598,14,thermometer,processed
2021-01-17T05:53:13.440755,14,thermometer,detected
2021-01-17T05:53:13.440906,14,thermometer,persisted
2021-01-17T05:53:13.840735,15,oximeter,processed
2021-01-17T05:53:13.840885,15,oximeter,detected
2021-01-17T05:53:13.841047,15,oximeter,persisted
2021-01-17T05:53:14.240824,15,ecg,processed
2021-01-17T05:53:14.240924,15,ecg,detected
2021-01-17T05:53:14.241112,15,ecg,persisted
2021-01-17T05:53:14.440965,15,thermometer,processed
2021-01-17T05:53:14.441125,15,thermometer,detected
2021-01-17T05:53:14.441260,15,thermometer,persisted
2021-01-17T05:53:14.841125,16,oximeter,processed
2021-01-17T05:53:14.841252,16,oximeter,detected
2021-01-17T05:53:14.841421,16,oximeter,persisted
2021-01-17T05:53:15.241276,16,ecg,processed
2021-01-17T05:53:15.241430,16,ecg,detected
2021-01-17T05:53:15.241641,16,ecg,persisted
2021-01-17T05:53:15.441335,16,thermometer,processed
2021-01-17T05:53:15.441466,16,thermometer,detected
2021-01-17T05:53:15.441690,16,thermometer,persisted
2021-01-17T05:53:15.841496,17,oximeter,processed
2021-01-17T05:53:15.841660,17,oximeter,detected
2021-01-17T05:53:15.842247,17,oximeter,persisted
2021-01-17T05:53:16.241673,17,ecg,processed
2021-01-17T05:53:16.241827,17,ecg,detected
2021-01-17T05:53:16.242050,17,ecg,persisted
2021-01-17T05:53:16.441764,17,thermometer,processed
2021-01-17T05:53:16.441946,17,thermometer,detected
2021-01-17T05:53:16.442149,17,thermometer,persisted
2021-01-17T05:53:16.841934,18,oximeter,processed
2021-01-17T05:53:16.842131,18,oximeter,detected
2021-01-17T05:53:16.842355,18,oximeter,persisted
2021-01-17T05:53:17.242199,18,ecg,processed
2021-01-17T05:53:17.242405,18,ecg,detected
2021-01-17T05:53:17.243312,18,ecg,persisted
2021-01-17T05:53:17.442171,18,thermometer,processed
2021-01-17T05:53:17.442322,18,thermometer,detected
2021-01-17T05:53:17.442530,18,thermometer,persisted
2021-01-17T05:53:17.842386,19,oximeter,processed
2021-01-17T05:53:17.842568,19,oximeter,detected
2021-01-17T05:53:17.843094,19,oximeter,persisted
2021-01-17T05:53:18.242521,19,ecg,processed
2021-01-17T05:53:18.242719,19,ecg,detected
2021-01-17T05:53:18.242956,19,ecg,persisted
2021-01-17T05:53:18.442640,19,thermometer,processed
2021-01-17T05:53:18.442849,19,thermometer,detected
2021-01-17T05:53:18.443052,19,thermometer,persisted
2021-01-17T05:53:18.842790,20,oximeter,processed
2021-01-17T05:53:18.842916,20,oximeter,detected
2021-01-17T05:53:18.843059,20,oximeter,persisted
2021-01-17T05:53:19.242953,20,ecg,processed
2021-01-17T05:53:19.243128,20,ecg,detected
2021-01-17T05:53:19.243280,20,ecg,persisted
2021-01-17T05:53:19.443003,20,thermometer,processed
2021-01-17T05:53:19.443171,20,thermometer,detected
2021-01-17T05:53:19.443412,20,thermometer,persisted
2021-01-17T05:53:19.843193,21,oximeter,processed
2021-01-17T05:53:19.843399,21,oximeter,detected
2021-01-17T05:53:19.843634,21,oximeter,persisted
2021-01-17T05:53:20.243451,21,ecg,processed
2021-01-17T05:53:20.243628,21,ecg,detected
2021-01-17T05:53:20.243934,21,ecg,persisted
2021-01-17T05:53:20.443404,21,thermometer,processed
2021-01-17T05:53:20.443526,21,thermometer,detected
2021-01-17T05:53:20.443670,21,thermometer,persisted
2021-01-17T05:53:20.843545,22,oximeter,processed
2021-01-17T05:53:20.843704,22,oximeter,detected
2021-01-17T05:53:20.843904,22,oximeter,persisted
2021-01-17T05:53:21.243710,22,ecg,processed
2021-01-17T05:53:21.243905,22,ecg,detected
2021-01-17T05:53:21.244132,22,ecg,persisted
2021-01-17T05:53:21.443724,22,thermometer,processed
2021-01-17T05:53:21.443870,22,thermometer,detected
2021-01-17T05:53:21.444043,22,thermometer,persisted
2021-01-17T05:53:21.843926,23,oximeter,processed
2021-01-17T05:53:21.844127,23,oximeter,detected
2021-01-17T05:53:21.844433,23,oximeter,persisted
2021-01-17T05:53:22.244039,23,ecg,processed
2021-01-17T05:53:22.244145,23,ecg,detected
2021-01-17T05:53:22.244392,23,ecg,persisted
2021-01-17T05:53:22.444184,23,thermometer,processed
2021-01-17T05:53:22.444380,23,thermometer,detected
2021-01-17T05:53:22.444655,23,thermometer,persisted
2021-01-17T05:53:22.844372,24,oximeter,processed
2021-01-17T05:53:22.844554,24,oximeter,detected
2021-01-17T05:53:22.844834,24,oximeter,persisted
2021-01-17T05:53:23.244460,24,ecg,processed
2021-01-17T05:53:23.244619,24,ecg,detected
2021-01-17T05:53:23.244811,24,ecg,persisted
2021-01-17T05:53:23.444568,24,thermometer,processed
2021-01-17T05:53:23.444729,24,thermometer,detected
2021-01-17T05:53:23.445041,24,thermometer,persisted
2021-01-17T05:53:23.844667,25,oximeter,processed
2021-01-17T05:53:23.844829,25,oximeter,detected
2021-01-17T05:53:23.845085,25,oximeter,persisted
2021-01-17T05:53:24.244907,25,ecg,processed
2021-01-17T05:53:24.245147,25,ecg,detected
2021-01-17T05:53:24.245495,25,ecg,persisted
2021-01-17T05:53:24.444905,25,thermometer,processed
2021-01-17T05:53:24.445054,25,thermometer,detected
2021-01-17T05:53:24.445451,25,thermometer,persisted
2021-01-17T05:53:24.845069,26,oximeter,processed
2021-01-17T05:53:24.845265,26,oximeter,detected
2021-01-17T05:53:24.845587,26,oximeter,persisted
2021-01-17T05:53:25.245277,26,ecg,processed
2021-01-17T05:53:25.245445,26,ecg,detected
2021-01-17T05:53:25.245638,26,ecg,persisted
2021-01-17T05:53:25.445357,26,thermometer,processed
2021-01-17T05:53:25.445505,26,thermometer,detected
2021-01-17T05:53:25.445700,26,thermometer,persisted
2021-01-17T05:53:25.845524,27,oximeter,processed
2021-01-17T05:53:25.845708,27,oximeter,detected
2021-01-17T05:53:25.845950,27,oximeter,persisted
2021-01-17T05:53:26.245644,27,ecg,processed
2021-01-17T05:53:26.245814,27,ecg,detected
2021-01-17T05:53:26.246037,27,ecg,persisted
2021-01-17T05:53:26.445753,27,thermometer,processed
2021-01-17T05:53:26.445898,27,thermometer,detected
2021-01-17T05:53:26.446088,27,thermometer,persisted
2021-01-17T05:53:26.845896,28,oximeter,processed
2021-01-17T05:53:26.846056,28,oximeter,detected
2021-01-17T05:53:26.846268,28,oximeter,persisted
2021-01-17T05:53:27.246077,28,ecg,processed
2021-01-17T05:53:27.246277,28,ecg,detected
2021-01-17T05:53:27.246510,28,ecg,persisted
2021-01-17T05:53:27.446141,28,thermometer,processed
2021-01-17T05:53:27.446352,28,thermometer,detected
2021-01-17T05:53:27.446575,28,thermometer,persisted
2021-01-17T05:53:27.846358,29,oximeter,processed
2021-01-17T05:53:27.846568,29,oximeter,detected
2021-01-17T05:53:27.846768,29,oximeter,persisted
2021-01-17T05:53:28.246478,29,ecg,processed
2021-01-17T05:53:28.246675,29,ecg,detected
2021-01-17T05:53:28.247002,29,ecg,persisted
2021-01-17T05:53:28.446522,29,thermometer,processed
2021-01-17T05:53:28.446697,29,thermometer,detected
2021-01-17T05:53:28.446903,29,thermometer,persisted
2021-01-17T05:53:28.846697,30,oximeter,processed
2021-01-17T05:53:28.846901,30,oximeter,detected
2021-01-17T05:53:28.847108,30,oximeter,persisted
2021-01-17T05:53:29.246876,30,ecg,processed
2021-01-17T05:53:29.247034,30,ecg,detected
2021-01-17T05:53:29.247227,30,ecg,persisted
2021-01-17T05:53:29.446946,30,thermometer,processed
2021-01-17T05:53:29.447121,30,thermometer,detected
2021-01-17T05:53:29.447422,30,thermometer,persisted
2021-01-17T05:53:29.847149,31,oximeter,processed
2021-01-17T05:53:29.847342,31,oximeter,detected
2021-01-17T05:53:29.847566,31,oximeter,persisted
2021-01-17T05:53:30.247382,31,ecg,processed
2021-01-17T05:53:30.247533,31,ecg,detected
2021-01-17T05:53:30.247722,31,ecg,persisted
2021-01-17T05:53:30.447416,31,thermometer,processed
2021-01-17T05:53:30.447558,31,thermometer,detected
2021-01-17T05:53:30.448715,31,thermometer,persisted
2021-01-17T05:53:30.847603,32,oximeter,processed
2021-01-17T05:53:30.847802,32,oximeter,detected
2021-01-17T05:53:30.848180,32,oximeter,persisted
2021-01-17T05:53:31.247767,32,ecg,processed
2021-01-17T05:53:31.247919,32,ecg,detected
2021-01-17T05:53:31.248103,32,ecg,persisted
2021-01-17T05:53:31.447796,32,thermometer,processed
2021-01-17T05:53:31.447936,32,thermometer,detected
2021-01-17T05:53:31.448174,32,thermometer,persisted
2021-01-17T05:53:31.847929,33,oximeter,processed
2021-01-17T05:53:31.848007,33,oximeter,detected
2021-01-17T05:53:31.848078,33,oximeter,persisted
2021-01-17T05:53:32.248188,33,ecg,processed
2021-01-17T05:53:32.248352,33,ecg,detected
2021-01-17T05:53:32.248744,33,ecg,persisted
2021-01-17T05:53:32.448327,33,thermometer,processed
2021-01-17T05:53:32.448534,33,thermometer,detected
2021-01-17T05:53:32.448736,33,thermometer,persisted
2021-01-17T05:53:32.848422,34,oximeter,processed
2021-01-17T05:53:32.848622,34,oximeter,detected
2021-01-17T05:53:32.848948,34,oximeter,persisted
2021-01-17T05:53:33.248587,34,ecg,processed
2021-01-17T05:53:33.248751,34,ecg,detected
2021-01-17T05:53:33.248986,34,ecg,persisted
2021-01-17T05:53:33.448709,34,thermometer,processed
2021-01-17T05:53:33.448892,34,thermometer,detected
2021-01-17T05:53:33.452584,34,thermometer,persisted
2021-01-17T05:53:33.848851,35,oximeter,processed
2021-01-17T05:53:33.849004,35,oximeter,detected
2021-01-17T05:53:33.849192,35,oximeter,persisted
2021-01-17T05:53:34.249021,35,ecg,processed
2021-01-17T05:53:34.249212,35,ecg,detected
2021-01-17T05:53:34.249439,35,ecg,persisted
2021-01-17T05:53:34.449158,35,thermometer,processed
2021-01-17T05:53:34.449334,35,thermometer,detected
2021-01-17T05:53:34.449534,35,thermometer,persisted
2021-01-17T05:53:34.849310,36,oximeter,processed
2021-01-17T05:53:34.849463,36,oximeter,detected
2021-01-17T05:53:34.849656,36,oximeter,persisted
2021-01-17T05:53:35.249413,36,ecg,processed
2021-01-17T05:53:35.249497,36,ecg,detected
2021-01-17T05:53:35.249642,36,ecg,persisted
2021-01-17T05:53:35.449589,36,thermometer,processed
2021-01-17T05:53:35.449784,36,thermometer,detected
2021-01-17T05:53:35.450034,36,thermometer,persisted
2021-01-17T05:53:35.849720,37,oximeter,processed
2021-01-17T05:53:35.849927,37,oximeter,detected
2021-01-17T05:53:35.850171,37,oximeter,persisted
2021-01-17T05:53:36.249987,37,ecg,processed
2021-01-17T05:53:36.250192,37,ecg,detected
2021-01-17T05:53:36.250433,37,ecg,persisted
2021-01-17T05:53:36.450051,37,thermometer,processed
2021-01-17T05:53:36.450255,37,thermometer,detected
2021-01-17T05:53:36.450931,37,thermometer,persisted
2021-01-17T05:53:36.850131,38,oximeter,processed
2021-01-17T05:53:36.850270,38,oximeter,detected
2021-01-17T05:53:36.850523,38,oximeter,persisted
2021-01-17T05:53:37.250326,38,ecg,processed
2021-01-17T05:53:37.250457,38,ecg,detected
2021-01-17T05:53:37.250602,38,ecg,persisted
2021-01-17T05:53:37.450421,38,thermometer,processed
2021-01-17T05:53:37.450588,38,thermometer,detected
2021-01-17T05:53:37.450960,38,thermometer,persisted
2021-01-17T05:53:37.850559,39,oximeter,processed
2021-01-17T05:53:37.850721,39,oximeter,detected
2021-01-17T05:53:37.850918,39,oximeter,persisted
2021-01-17T05:53:38.250724,39,ecg,processed
2021-01-17T05:53:38.250924,39,ecg,detected
2021-01-17T05:53:38.251134,39,ecg,persisted
2021-01-17T05:53:38.450738,39,thermometer,processed
2021-01-17T05:53:38.450907,39,thermometer,detected
2021-01-17T05:53:38.454315,39,thermometer,persisted
2021-01-17T05:53:38.850988,40,oximeter,processed
2021-01-17T05:53:38.851193,40,oximeter,detected
2021-01-17T05:53:38.851797,40,oximeter,persisted
2021-01-17T05:53:39.251139,40,ecg,processed
2021-01-17T05:53:39.251371,40,ecg,detected
2021-01-17T05:53:39.251882,40,ecg,persisted
2021-01-17T05:53:39.451272,40,thermometer,processed
2021-01-17T05:53:39.451554,40,thermometer,detected
2021-01-17T05:53:39.451972,40,thermometer,persisted
2021-01-17T05:53:39.851247,41,oximeter,processed
2021-01-17T05:53:39.851341,41,oximeter,detected
2021-01-17T05:53:39.851417,41,oximeter,persisted
2021-01-17T05:53:40.251456,41,ecg,processed
2021-01-17T05:53:40.251621,41,ecg,detected
2021-01-17T05:53:40.251943,41,ecg,persisted
2021-01-17T05:53:40.451574,41,thermometer,processed
2021-01-17T05:53:40.451713,41,thermometer,detected
2021-01-17T05:53:40.451869,41,thermometer,persisted
2021-01-17T05:53:40.851695,42,oximeter,processed
2021-01-17T05:53:40.851793,42,oximeter,detected
2021-01-17T05:53:40.851894,42,oximeter,persisted
2021-01-17T05:53:41.251874,42,ecg,processed
2021-01-17T05:53:41.252047,42,ecg,detected
2021-01-17T05:53:41.252245,42,ecg,persisted
2021-01-17T05:53:41.451991,42,thermometer,processed
2021-01-17T05:53:41.452161,42,thermometer,detected
2021-01-17T05:53:41.452353,42,thermometer,persisted
2021-01-17T05:53:41.852128,43,oximeter,processed
2021-01-17T05:53:41.852281,43,oximeter,detected
2021-01-17T05:53:41.852489,43,oximeter,persisted
2021-01-17T05:53:42.252262,43,ecg,processed
2021-01-17T05:53:42.252346,43,ecg,detected
2021-01-17T05:53:42.252561,43,ecg,persisted
2021-01-17T05:53:42.452461,43,thermometer,processed
2021-01-17T05:53:42.452695,43,thermometer,detected
2021-01-17T05:53:42.452908,43,thermometer,persisted
2021-01-17T05:53:42.852649,44,oximeter,processed
2021-01-17T05:53:42.852813,44,oximeter,detected
2021-01-17T05:53:42.852997,44,oximeter,persisted
2021-01-17T05:53:43.252759,44,ecg,processed
2021-01-17T05:53:43.252958,44,ecg,detected
2021-01-17T05:53:43.253183,44,ecg,persisted
2021-01-17T05:53:43.452845,44,thermometer,processed
2021-01-17T05:53:43.453079,44,thermometer,detected
2021-01-17T05:53:43.456715,44,thermometer,persisted
2021-01-17T05:53:43.852903,45,oximeter,processed
2021-01-17T05:53:43.853044,45,oximeter,detected
2021-01-17T05:53:43.853130,45,oximeter,persisted
2021-01-17T05:53:44.253161,45,ecg,processed
2021-01-17T05:53:44.253375,45,ecg,detected
2021-01-17T05:53:44.253882,45,ecg,persisted
2021-01-17T05:53:44.453206,45,thermometer,processed
2021-01-17T05:53:44.453391,45,thermometer,detected
2021-01-17T05:53:44.453552,45,thermometer,persisted
2021-01-17T05:53:44.853378,46,oximeter,processed
2021-01-17T05:53:44.853532,46,oximeter,detected
2021-01-17T05:53:44.853815,46,oximeter,persisted
2021-01-17T05:53:45.253558,46,ecg,processed
2021-01-17T05:53:45.253727,46,ecg,detected
2021-01-17T05:53:45.253961,46,ecg,persisted
2021-01-17T05:53:45.453682,46,thermometer,processed
2021-01-17T05:53:45.453906,46,thermometer,detected
2021-01-17T05:53:45.454127,46,thermometer,persisted
2021-01-17T05:53:45.853896,47,oximeter,processed
2021-01-17T05:53:45.854059,47,oximeter,detected
2021-01-17T05:53:45.854291,47,oximeter,persisted
2021-01-17T05:53:46.254180,47,ecg,processed
2021-01-17T05:53:46.254405,47,ecg,detected
2021-01-17T05:53:46.255203,47,ecg,persisted
2021-01-17T05:53:46.454218,47,thermometer,processed
2021-01-17T05:53:46.454406,47,thermometer,detected
2021-01-17T05:53:46.454730,47,thermometer,persisted
2021-01-17T05:53:46.854335,48,oximeter,processed
2021-01-17T05:53:46.854499,48,oximeter,detected
2021-01-17T05:53:46.854725,48,oximeter,persisted
2021-01-17T05:53:47.254493,48,ecg,processed
2021-01-17T05:53:47.254686,48,ecg,detected
2021-01-17T05:53:47.255007,48,ecg,persisted
2021-01-17T05:53:47.454551,48,thermometer,processed
2021-01-17T05:53:47.454697,48,thermometer,detected
2021-01-17T05:53:47.454947,48,thermometer,persisted
2021-01-17T05:53:47.854883,49,oximeter,processed
2021-01-17T05:53:47.855128,49,oximeter,detected
2021-01-17T05:53:47.856010,49,oximeter,persisted
2021-01-17T05:53:48.254929,49,ecg,processed
2021-01-17T05:53:48.255074,49,ecg,detected
2021-01-17T05:53:48.255367,49,ecg,persisted
2021-01-17T05:53:48.455010,49,thermometer,processed
2021-01-17T05:53:48.455215,49,thermometer,detected
2021-01-17T05:53:48.458869,49,thermometer,persisted
2021-01-17T05:53:48.855175,50,oximeter,processed
2021-01-17T05:53:48.855386,50,oximeter,detected
2021-01-17T05:53:48.855583,50,oximeter,persisted
2021-01-17T05:53:49.255334,50,ecg,processed
2021-01-17T05:53:49.255527,50,ecg,detected
2021-01-17T05:53:49.255739,50,ecg,persisted
2021-01-17T05:53:49.455484,50,thermometer,processed
2021-01-17T05:53:49.455645,50,thermometer,detected
2021-01-17T05:53:49.455851,50,thermometer,persisted
2021-01-17T05:53:49.855544,51,oximeter,processed
2021-01-17T05:53:49.855739,51,oximeter,detected
2021-01-17T05:53:49.855970,51,oximeter,persisted
2021-01-17T05:53:50.255731,51,ecg,processed
2021-01-17T05:53:50.255973,51,ecg,detected
2021-01-17T05:53:50.256555,51,ecg,persisted
2021-01-17T05:53:50.455808,51,thermometer,processed
2021-01-17T05:53:50.456014,51,thermometer,detected
2021-01-17T05:53:50.456292,51,thermometer,persisted
2021-01-17T05:53:50.855987,52,oximeter,processed
2021-01-17T05:53:50.856178,52,oximeter,detected
2021-01-17T05:53:50.856391,52,oximeter,persisted
2021-01-17T05:53:51.256095,52,ecg,processed
2021-01-17T05:53:51.256253,52,ecg,detected
2021-01-17T05:53:51.256458,52,ecg,persisted
2021-01-17T05:53:51.456184,52,thermometer,processed
2021-01-17T05:53:51.456342,52,thermometer,detected
2021-01-17T05:53:51.456553,52,thermometer,persisted
2021-01-17T05:53:51.856331,53,oximeter,processed
2021-01-17T05:53:51.856499,53,oximeter,detected
2021-01-17T05:53:51.856718,53,oximeter,persisted
2021-01-17T05:53:52.256486,53,ecg,processed
2021-01-17T05:53:52.256649,53,ecg,detected
2021-01-17T05:53:52.256909,53,ecg,persisted
2021-01-17T05:53:52.456604,53,thermometer,processed
2021-01-17T05:53:52.456784,53,thermometer,detected
2021-01-17T05:53:52.457190,53,thermometer,persisted
2021-01-17T05:53:52.856740,54,oximeter,processed
2021-01-17T05:53:52.856903,54,oximeter,detected
2021-01-17T05:53:52.857144,54,oximeter,persisted
2021-01-17T05:53:53.256911,54,ecg,processed
2021-01-17T05:53:53.257039,54,ecg,detected
2021-01-17T05:53:53.257199,54,ecg,persisted
2021-01-17T05:53:53.457020,54,thermometer,processed
2021-01-17T05:53:53.457189,54,thermometer,detected
2021-01-17T05:53:53.460934,54,thermometer,persisted
2021-01-17T05:53:53.857197,55,oximeter,processed
2021-01-17T05:53:53.857393,55,oximeter,detected
2021-01-17T05:53:53.857570,55,oximeter,persisted
2021-01-17T05:53:54.257335,55,ecg,processed
2021-01-17T05:53:54.257517,55,ecg,detected
2021-01-17T05:53:54.257757,55,ecg,persisted
2021-01-17T05:53:54.457465,55,thermometer,processed
2021-01-17T05:53:54.457655,55,thermometer,detected
2021-01-17T05:53:54.457936,55,thermometer,persisted
2021-01-17T05:53:54.857584,56,oximeter,processed
2021-01-17T05:53:54.857726,56,oximeter,detected
2021-01-17T05:53:54.857938,56,oximeter,persisted
2021-01-17T05:53:55.257847,56,ecg,processed
2021-01-17T05:53:55.258042,56,ecg,detected
2021-01-17T05:53:55.258282,56,ecg,persisted
2021-01-17T05:53:55.457888,56,thermometer,processed
2021-01-17T05:53:55.458070,56,thermometer,detected
2021-01-17T05:53:55.458289,56,thermometer,persisted
2021-01-17T05:53:55.858041,57,oximeter,processed
2021-01-17T05:53:55.858240,57,oximeter,detected
2021-01-17T05:53:55.858476,57,oximeter,persisted
2021-01-17T05:53:56.258290,57,ecg,processed
2021-01-17T05:53:56.258458,57,ecg,detected
2021-01-17T05:53:56.258667,57,ecg,persisted
2021-01-17T05:53:56.458380,57,thermometer,processed
2021-01-17T05:53:56.458573,57,thermometer,detected
2021-01-17T05:53:56.458797,57,thermometer,persisted
2021-01-17T05:53:56.858545,58,oximeter,processed
2021-01-17T05:53:56.858740,58,oximeter,detected
2021-01-17T05:53:56.859038,58,oximeter,persisted
2021-01-17T05:53:57.258829,58,ecg,processed
2021-01-17T05:53:57.259002,58,ecg,detected
2021-01-17T05:53:57.259176,58,ecg,persisted
2021-01-17T05:53:57.458734,58,thermometer,processed
2021-01-17T05:53:57.458823,58,thermometer,detected
2021-01-17T05:53:57.458980,58,thermometer,persisted
2021-01-17T05:53:57.859063,59,oximeter,processed
2021-01-17T05:53:57.859312,59,oximeter,detected
2021-01-17T05:53:57.860075,59,oximeter,persisted
2021-01-17T05:53:58.259108,59,ecg,processed
2021-01-17T05:53:58.259271,59,ecg,detected
2021-01-17T05:53:58.259591,59,ecg,persisted
2021-01-17T05:53:58.459199,59,thermometer,processed
2021-01-17T05:53:58.459374,59,thermometer,detected
2021-01-17T05:53:58.462913,59,thermometer,persisted
2021-01-17T05:53:58.859381,60,oximeter,processed
2021-01-17T05:53:58.859531,60,oximeter,detected
2021-01-17T05:53:58.859734,60,oximeter,persisted
2021-01-17T05:53:59.259379,60,ecg,processed
2021-01-17T05:53:59.259462,60,ecg,detected
2021-01-17T05:53:59.259722,60,ecg,persisted
2021-01-17T05:53:59.459438,60,thermometer,processed
2021-01-17T05:53:59.459516,60,thermometer,detected
2021-01-17T05:53:59.459643,60,thermometer,persisted
2021-01-17T05:53:59.859557,61,oximeter,processed
2021-01-17T05:53:59.859635,61,oximeter,detected
2021-01-17T05:53:59.859773,61,oximeter,persisted
2021-01-17T05:54:00.259793,61,ecg,processed
2021-01-17T05:54:00.259990,61,ecg,detected
2021-01-17T05:54:00.260246,61,ecg,persisted
2021-01-17T05:54:00.459928,61,thermometer,processed
2021-01-17T05:54:00.460095,61,thermometer,detected
2021-01-17T05:54:00.460450,61,thermometer,persisted
2021-01-17T05:54:00.860096,62,oximeter,processed
2021-01-17T05:54:00.860261,62,oximeter,detected
2021-01-17T05:54:00.860927,62,oximeter,persisted
2021-01-17T05:54:01.260137,62,ecg,processed
2021-01-17T05:54:01.260218,62,ecg,detected
2021-01-17T05:54:01.260302,62,ecg,persisted
2021-01-17T05:54:01.460309,62,thermometer,processed
2021-01-17T05:54:01.460476,62,thermometer,detected
2021-01-17T05:54:01.460696,62,thermometer,persisted
2021-01-17T05:54:01.860439,63,oximeter,processed
2021-01-17T05:54:01.860633,63,oximeter,detected
2021-01-17T05:54:01.860843,63,oximeter,persisted
2021-01-17T05:54:02.260486,63,ecg,processed
2021-01-17T05:54:02.260566,63,ecg,detected
2021-01-17T05:54:02.260644,63,ecg,persisted
2021-01-17T05:54:02.460674,63,thermometer,processed
2021-01-17T05:54:02.460850,63,thermometer,detected
2021-01-17T05:54:02.461136,63,thermometer,persisted
2021-01-17T05:54:02.860815,64,oximeter,processed
2021-01-17T05:54:02.861006,64,oximeter,detected
2021-01-17T05:54:02.861233,64,oximeter,persisted
2021-01-17T05:54:03.260862,64,ecg,processed
2021-01-17T05:54:03.260963,64,ecg,detected
2021-01-17T05:54:03.261056,64,ecg,persisted
2021-01-17T05:54:03.461076,64,thermometer,processed
2021-01-17T05:54:03.461296,64,thermometer,detected
2021-01-17T05:54:03.464836,64,thermometer,persisted
2021-01-17T05:54:03.861176,65,oximeter,processed
2021-01-17T05:54:03.861342,65,oximeter,detected
2021-01-17T05:54:03.861549,65,oximeter,persisted
2021-01-17T05:54:04.261257,65,ecg,processed
2021-01-17T05:54:04.261340,65,ecg,detected
2021-01-17T05:54:04.261442,65,ecg,persisted
2021-01-17T05:54:04.461466,65,thermometer,processed
2021-01-17T05:54:04.461682,65,thermometer,detected
2021-01-17T05:54:04.461863,65,thermometer,persisted
2021-01-17T05:54:04.861453,66,oximeter,processed
2021-01-17T05:54:04.861530,66,oximeter,detected
2021-01-17T05:54:04.861623,66,oximeter,persisted
2021-01-17T05:54:05.261731,66,ecg,processed
2021-01-17T05:54:05.261924,66,ecg,detected
2021-01-17T05:54:05.262136,66,ecg,persisted
2021-01-17T05:54:05.461773,66,thermometer,processed
2021-01-17T05:54:05.461921,66,thermometer,detected
2021-01-17T05:54:05.462079,66,thermometer,persisted
2021-01-17T05:54:05.861852,67,oximeter,processed
2021-01-17T05:54:05.861936,67,oximeter,detected
2021-01-17T05:54:05.862014,67,oximeter,persisted
2021-01-17T05:54:06.262065,67,ecg,processed
2021-01-17T05:54:06.262226,67,ecg,detected
2021-01-17T05:54:06.262439,67,ecg,persisted
2021-01-17T05:54:06.462094,67,thermometer,processed
2021-01-17T05:54:06.462194,67,thermometer,detected
2021-01-17T05:54:06.462282,67,thermometer,persisted
2021-01-17T05:54:06.862310,68,oximeter,processed
2021-01-17T05:54:06.862504,68,oximeter,detected
2021-01-17T05:54:06.862748,68,oximeter,persisted
2021-01-17T05:54:07.262353,68,ecg,processed
2021-01-17T05:54:07.262434,68,ecg,detected
2021-01-17T05:54:07.262526,68,ecg,persisted
2021-01-17T05:54:07.462484,68,thermometer,processed
2021-01-17T05:54:07.462719,68,thermometer,detected
2021-01-17T05:54:07.462816,68,thermometer,persisted
2021-01-17T05:54:07.862635,69,oximeter,processed
2021-01-17T05:54:07.862841,69,oximeter,detected
2021-01-17T05:54:07.863375,69,oximeter,persisted
2021-01-17T05:54:08.262689,69,ecg,processed
2021-01-17T05:54:08.262775,69,ecg,detected
2021-01-17T05:54:08.262863,69,ecg,persisted
2021-01-17T05:54:08.462836,69,thermometer,processed
2021-01-17T05:54:08.463035,69,thermometer,detected
2021-01-17T05:54:08.466469,69,thermometer,persisted
2021-01-17T05:54:08.862989,70,oximeter,processed
2021-01-17T05:54:08.863181,70,oximeter,detected
2021-01-17T05:54:08.863427,70,oximeter,persisted
2021-01-17T05:54:09.263039,70,ecg,processed
2021-01-17T05:54:09.263124,70,ecg,detected
2021-01-17T05:54:09.263209,70,ecg,persisted
2021-01-17T05:54:09.463211,70,thermometer,processed
2021-01-17T05:54:09.463406,70,thermometer,detected
2021-01-17T05:54:09.463564,70,thermometer,persisted
2021-01-17T05:54:09.863364,71,oximeter,processed
2021-01-17T05:54:09.863522,71,oximeter,detected
2021-01-17T05:54:09.863735,71,oximeter,persisted
2021-01-17T05:54:10.263379,71,ecg,processed
2021-01-17T05:54:10.263464,71,ecg,detected
2021-01-17T05:54:10.263548,71,ecg,persisted
2021-01-17T05:54:10.463513,71,thermometer,processed
2021-01-17T05:54:10.463661,71,thermometer,detected
2021-01-17T05:54:10.463806,71,thermometer,persisted
2021-01-17T05:54:10.863608,72,oximeter,processed
2021-01-17T05:54:10.863702,72,oximeter,detected
2021-01-17T05:54:10.863792,72,oximeter,persisted
2021-01-17T05:54:11.263762,72,ecg,processed
2021-01-17T05:54:11.263851,72,ecg,detected
2021-01-17T05:54:11.263953,72,ecg,persisted
2021-01-17T05:54:11.463962,72,thermometer,processed
2021-01-17T05:54:11.464244,72,thermometer,detected
2021-01-17T05:54:11.464474,72,thermometer,persisted
2021-01-17T05:54:11.863977,73,oximeter,processed
2021-01-17T05:54:11.864065,73,oximeter,detected
2021-01-17T05:54:11.864162,73,oximeter,persisted
2021-01-17T05:54:12.264115,73,ecg,processed
2021-01-17T05:54:12.264199,73,ecg,detected
2021-01-17T05:54:12.264290,73,ecg,persisted
2021-01-17T05:54:12.464284,73,thermometer,processed
2021-01-17T05:54:12.464436,73,thermometer,detected
2021-01-17T05:54:12.464773,73,thermometer,persisted
2021-01-17T05:54:12.864351,74,oximeter,processed
2021-01-17T05:54:12.864441,74,oximeter,detected
2021-01-17T05:54:12.864534,74,oximeter,persisted
2021-01-17T05:54:13.264501,74,ecg,processed
2021-01-17T05:54:13.264585,74,ecg,detected
2021-01-17T05:54:13.264674,74,ecg,persisted
2021-01-17T05:54:13.464775,74,thermometer,processed
2021-01-17T05:54:13.464981,74,thermometer,detected
2021-01-17T05:54:13.468560,74,thermometer,persisted
2021-01-17T05:54:13.864804,75,oximeter,processed
2021-01-17T05:54:13.864943,75,oximeter,detected
2021-01-17T05:54:13.865133,75,oximeter,persisted
2021-01-17T05:54:14.264912,75,ecg,processed
2021-01-17T05:54:14.264994,75,ecg,detected
2021-01-17T05:54:14.265092,75,ecg,persisted
2021-01-17T05:54:14.465043,75,thermometer,processed
2021-01-17T05:54:14.465162,75,thermometer,detected
2021-01-17T05:54:14.465272,75,thermometer,persisted
2021-01-17T05:54:14.865195,76,oximeter,processed
2021-01-17T05:54:14.865397,76,oximeter,detected
2021-01-17T05:54:14.865671,76,oximeter,persisted
2021-01-17T05:54:15.265263,76,ecg,processed
2021-01-17T05:54:15.265361,76,ecg,detected
2021-01-17T05:54:15.265461,76,ecg,persisted
2021-01-17T05:54:15.465472,76,thermometer,processed
2021-01-17T05:54:15.465701,76,thermometer,detected
2021-01-17T05:54:15.465920,76,thermometer,persisted
2021-01-17T05:54:15.865531,77,oximeter,processed
2021-01-17T05:54:15.865606,77,oximeter,detected
2021-01-17T05:54:15.865700,77,oximeter,persisted
2021-01-17T05:54:16.265671,77,ecg,processed
2021-01-17T05:54:16.265755,77,ecg,detected
2021-01-17T05:54:16.265851,77,ecg,persisted
2021-01-17T05:54:16.465910,77,thermometer,processed
2021-01-17T05:54:16.466112,77,thermometer,detected
2021-01-17T05:54:16.466348,77,thermometer,persisted
2021-01-17T05:54:16.865943,78,oximeter,processed
2021-01-17T05:54:16.866033,78,oximeter,detected
2021-01-17T05:54:16.866124,78,oximeter,persisted
2021-01-17T05:54:17.266114,78,ecg,processed
2021-01-17T05:54:17.266194,78,ecg,detected
2021-01-17T05:54:17.266290,78,ecg,persisted
2021-01-17T05:54:17.466324,78,thermometer,processed
2021-01-17T05:54:17.466560,78,thermometer,detected
2021-01-17T05:54:17.466820,78,thermometer,persisted
2021-01-17T05:54:17.866445,79,oximeter,processed
2021-01-17T05:54:17.866615,79,oximeter,detected
2021-01-17T05:54:17.866852,79,oximeter,persisted
2021-01-17T05:54:18.266522,79,ecg,processed
2021-01-17T05:54:18.266610,79,ecg,detected
2021-01-17T05:54:18.266708,79,ecg,persisted
2021-01-17T05:54:18.466709,79,thermometer,processed
2021-01-17T05:54:18.466940,79,thermometer,detected
2021-01-17T05:54:18.467158,79,thermometer,persisted
2021-01-17T05:54:18.866761,80,oximeter,processed
2021-01-17T05:54:18.866850,80,oximeter,detected
2021-01-17T05:54:18.866936,80,oximeter,persisted
2021-01-17T05:54:19.266898,80,ecg,processed
2021-01-17T05:54:19.266981,80,ecg,detected
2021-01-17T05:54:19.267072,80,ecg,persisted
2021-01-17T05:54:19.466998,80,thermometer,processed
2021-01-17T05:54:19.467087,80,thermometer,detected
2021-01-17T05:54:19.467168,80,thermometer,persisted
2021-01-17T05:54:19.867200,81,oximeter,processed
2021-01-17T05:54:19.867415,81,oximeter,detected
2021-01-17T05:54:19.867640,81,oximeter,persisted
2021-01-17T05:54:20.267272,81,ecg,processed
2021-01-17T05:54:20.267367,81,ecg,detected
2021-01-17T05:54:20.267465,81,ecg,persisted
2021-01-17T05:54:20.467360,81,thermometer,processed
2021-01-17T05:54:20.467463,81,thermometer,detected
2021-01-17T05:54:20.467548,81,thermometer,persisted
2021-01-17T05:54:20.867556,82,oximeter,processed
2021-01-17T05:54:20.867722,82,oximeter,detected
2021-01-17T05:54:20.867955,82,oximeter,persisted
2021-01-17T05:54:21.267590,82,ecg,processed
2021-01-17T05:54:21.267676,82,ecg,detected
2021-01-17T05:54:21.267765,82,ecg,persisted
2021-01-17T05:54:21.467733,82,thermometer,processed
2021-01-17T05:54:21.467863,82,thermometer,detected
2021-01-17T05:54:21.467988,82,thermometer,persisted
2021-01-17T05:54:21.867908,83,oximeter,processed
2021-01-17T05:54:21.868112,83,oximeter,detected
2021-01-17T05:54:21.868601,83,oximeter,persisted
2021-01-17T05:54:22.267964,83,ecg,processed
2021-01-17T05:54:22.268048,83,ecg,detected
2021-01-17T05:54:22.268137,83,ecg,persisted
2021-01-17T05:54:22.468032,83,thermometer,processed
2021-01-17T05:54:22.468124,83,thermometer,detected
2021-01-17T05:54:22.468220,83,thermometer,persisted
2021-01-17T05:54:22.868166,84,oximeter,processed
2021-01-17T05:54:22.868256,84,oximeter,detected
2021-01-17T05:54:22.868341,84,oximeter,persisted
2021-01-17T05:54:23.268353,84,ecg,processed
2021-01-17T05:54:23.268450,84,ecg,detected
2021-01-17T05:54:23.268536,84,ecg,persisted
2021-01-17T05:54:23.468527,84,thermometer,processed
2021-01-17T05:54:23.468789,84,thermometer,detected
2021-01-17T05:54:23.472359,84,thermometer,persisted
2021-01-17T05:54:23.868568,85,oximeter,processed
2021-01-17T05:54:23.868641,85,oximeter,detected
2021-01-17T05:54:23.868732,85,oximeter,persisted
2021-01-17T05:54:24.268746,85,ecg,processed
2021-01-17T05:54:24.268832,85,ecg,detected
2021-01-17T05:54:24.268925,85,ecg,persisted
2021-01-17T05:54:24.468898,85,thermometer,processed
2021-01-17T05:54:24.469083,85,thermometer,detected
2021-01-17T05:54:24.469303,85,thermometer,persisted
2021-01-17T05:54:24.868965,86,oximeter,processed
2021-01-17T05:54:24.869057,86,oximeter,detected
2021-01-17T05:54:24.869137,86,oximeter,persisted
2021-01-17T05:54:25.269145,86,ecg,processed
2021-01-17T05:54:25.269243,86,ecg,detected
2021-01-17T05:54:25.269323,86,ecg,persisted
2021-01-17T05:54:25.469339,86,thermometer,processed
2021-01-17T05:54:25.469496,86,thermometer,detected
2021-01-17T05:54:25.469732,86,thermometer,persisted
2021-01-17T05:54:25.869366,87,oximeter,processed
2021-01-17T05:54:25.869443,87,oximeter,detected
2021-01-17T05:54:25.869536,87,oximeter,persisted
2021-01-17T05:54:26.269546,87,ecg,processed
2021-01-17T05:54:26.269648,87,ecg,detected
2021-01-17T05:54:26.269754,87,ecg,persisted
2021-01-17T05:54:26.469720,87,thermometer,processed
2021-01-17T05:54:26.469930,87,thermometer,detected
2021-01-17T05:54:26.470722,87,thermometer,persisted
2021-01-17T05:54:26.869787,88,oximeter,processed
2021-01-17T05:54:26.869859,88,oximeter,detected
2021-01-17T05:54:26.869941,88,oximeter,persisted
2021-01-17T05:54:27.269969,88,ecg,processed
2021-01-17T05:54:27.270052,88,ecg,detected
2021-01-17T05:54:27.270149,88,ecg,persisted
2021-01-17T05:54:27.470090,88,thermometer,processed
2021-01-17T05:54:27.470189,88,thermometer,detected
2021-01-17T05:54:27.470437,88,thermometer,persisted
2021-01-17T05:54:27.870202,89,oximeter,processed
2021-01-17T05:54:27.870292,89,oximeter,detected
2021-01-17T05:54:27.870380,89,oximeter,persisted
2021-01-17T05:54:28.270544,89,ecg,processed
2021-01-17T05:54:28.270793,89,ecg,detected
2021-01-17T05:54:28.271677,89,ecg,persisted
2021-01-17T05:54:28.470497,89,thermometer,processed
2021-01-17T05:54:28.470578,89,thermometer,detected
2021-01-17T05:54:28.470717,89,thermometer,persisted
2021-01-17T05:54:28.870776,90,oximeter,processed
2021-01-17T05:54:28.870961,90,oximeter,detected
2021-01-17T05:54:28.871166,90,oximeter,persisted
2021-01-17T05:54:29.270869,90,ecg,processed
2021-01-17T05:54:29.271080,90,ecg,detected
2021-01-17T05:54:29.271499,90,ecg,persisted
2021-01-17T05:54:29.470857,90,thermometer,processed
2021-01-17T05:54:29.470939,90,thermometer,detected
2021-01-17T05:54:29.471023,90,thermometer,persisted
2021-01-17T05:54:29.870998,91,oximeter,processed
2021-01-17T05:54:29.871068,91,oximeter,detected
2021-01-17T05:54:29.871133,91,oximeter,persisted
2021-01-17T05:54:30.271143,91,ecg,processed
2021-01-17T05:54:30.271230,91,ecg,detected
2021-01-17T05:54:30.271328,91,ecg,persisted
2021-01-17T05:54:30.471368,91,thermometer,processed
2021-01-17T05:54:30.471565,91,thermometer,detected
2021-01-17T05:54:30.471772,91,thermometer,persisted
2021-01-17T05:54:30.871409,92,oximeter,processed
2021-01-17T05:54:30.871497,92,oximeter,detected
2021-01-17T05:54:30.871586,92,oximeter,persisted
2021-01-17T05:54:31.271567,92,ecg,processed
2021-01-17T05:54:31.271673,92,ecg,detected
2021-01-17T05:54:31.271760,92,ecg,persisted
2021-01-17T05:54:31.471755,92,thermometer,processed
2021-01-17T05:54:31.471977,92,thermometer,detected
2021-01-17T05:54:31.472189,92,thermometer,persisted
2021-01-17T05:54:31.871794,93,oximeter,processed
2021-01-17T05:54:31.871909,93,oximeter,detected
2021-01-17T05:54:31.872080,93,oximeter,persisted
2021-01-17T05:54:32.272000,93,ecg,processed
2021-01-17T05:54:32.272161,93,ecg,detected
2021-01-17T05:54:32.272376,93,ecg,persisted
2021-01-17T05:54:32.472076,93,thermometer,processed
2021-01-17T05:54:32.472274,93,thermometer,detected
2021-01-17T05:54:32.472416,93,thermometer,persisted
2021-01-17T05:54:32.872249,94,oximeter,processed
2021-01-17T05:54:32.872440,94,oximeter,detected
2021-01-17T05:54:32.872674,94,oximeter,persisted
2021-01-17T05:54:33.272416,94,ecg,processed
2021-01-17T05:54:33.272615,94,ecg,detected
2021-01-17T05:54:33.272851,94,ecg,persisted
2021-01-17T05:54:33.472494,94,thermometer,processed
2021-01-17T05:54:33.472655,94,thermometer,detected
2021-01-17T05:54:33.476404,94,thermometer,persisted
2021-01-17T05:54:33.872652,95,oximeter,processed
2021-01-17T05:54:33.872800,95,oximeter,detected
2021-01-17T05:54:33.873136,95,oximeter,persisted
2021-01-17T05:54:34.272861,95,ecg,processed
2021-01-17T05:54:34.273025,95,ecg,detected
2021-01-17T05:54:34.273216,95,ecg,persisted
2021-01-17T05:54:34.472917,95,thermometer,processed
2021-01-17T05:54:34.473103,95,thermometer,detected
2021-01-17T05:54:34.473304,95,thermometer,persisted
2021-01-17T05:54:34.873124,96,oximeter,processed
2021-01-17T05:54:34.873279,96,oximeter,detected
2021-01-17T05:54:34.873481,96,oximeter,persisted
2021-01-17T05:54:35.273259,96,ecg,processed
2021-01-17T05:54:35.273438,96,ecg,detected
2021-01-17T05:54:35.273674,96,ecg,persisted
2021-01-17T05:54:35.473351,96,thermometer,processed
2021-01-17T05:54:35.473542,96,thermometer,detected
2021-01-17T05:54:35.473750,96,thermometer,persisted
2021-01-17T05:54:35.873515,97,oximeter,processed
2021-01-17T05:54:35.873661,97,oximeter,detected
2021-01-17T05:54:35.873879,97,oximeter,persisted
2021-01-17T05:54:36.273647,97,ecg,processed
2021-01-17T05:54:36.273802,97,ecg,detected
2021-01-17T05:54:36.273995,97,ecg,persisted
2021-01-17T05:54:36.473740,97,thermometer,processed
2021-01-17T05:54:36.473933,97,thermometer,detected
2021-01-17T05:54:36.474163,97,thermometer,persisted
2021-01-17T05:54:36.873899,98,oximeter,processed
2021-01-17T05:54:36.874048,98,oximeter,detected
2021-01-17T05:54:36.874271,98,oximeter,persisted
2021-01-17T05:54:37.274096,98,ecg,processed
2021-01-17T05:54:37.274258,98,ecg,detected
2021-01-17T05:54:37.274491,98,ecg,persisted
2021-01-17T05:54:37.474173,98,thermometer,processed
2021-01-17T05:54:37.474370,98,thermometer,detected
2021-01-17T05:54:37.474589,98,thermometer,persisted
2021-01-17T05:54:37.874341,99,oximeter,processed
2021-01-17T05:54:37.874519,99,oximeter,detected
2021-01-17T05:54:37.874737,99,oximeter,persisted
2021-01-17T05:54:38.274533,99,ecg,processed
2021-01-17T05:54:38.274726,99,ecg,detected
2021-01-17T05:54:38.274960,99,ecg,persisted
2021-01-17T05:54:38.474662,99,thermometer,processed
2021-01-17T05:54:38.474863,99,thermometer,detected
2021-01-17T05:54:38.478447,99,thermometer,persisted
2021-01-17T05:54:38.874766,100,oximeter,processed
2021-01-17T05:54:38.874913,100,oximeter,detected
2021-01-17T05:54:38.875119,100,oximeter,persisted
2021-01-17T05:54:39.274944,100,ecg,processed
2021-01-17T05:54:39.275134,100,ecg,detected
2021-01-17T05:54:39.275398,100,ecg,persisted
2021-01-17T05:54:39.475086,100,thermometer,processed
2021-01-17T05:54:39.475313,100,thermometer,detected
2021-01-17T05:54:39.475759,100,thermometer,persisted
2021-01-17T05:54:39.875187,101,oximeter,processed
2021-01-17T05:54:39.875392,101,oximeter,detected
2021-01-17T05:54:39.875601,101,oximeter,persisted
2021-01-17T05:54:40.275429,101,ecg,processed
2021-01-17T05:54:40.275621,101,ecg,detected
2021-01-17T05:54:40.275831,101,ecg,persisted
2021-01-17T05:54:40.475531,101,thermometer,processed
2021-01-17T05:54:40.475722,101,thermometer,detected
2021-01-17T05:54:40.475938,101,thermometer,persisted
2021-01-17T05:54:40.875637,102,oximeter,processed
2021-01-17T05:54:40.875787,102,oximeter,detected
2021-01-17T05:54:40.876010,102,oximeter,persisted
2021-01-17T05:54:41.275904,102,ecg,processed
2021-01-17T05:54:41.276239,102,ecg,detected
2021-01-17T05:54:41.276791,102,ecg,persisted
2021-01-17T05:54:41.475999,102,thermometer,processed
2021-01-17T05:54:41.476212,102,thermometer,detected
2021-01-17T05:54:41.477326,102,thermometer,persisted
2021-01-17T05:54:41.876115,103,oximeter,processed
2021-01-17T05:54:41.876310,103,oximeter,detected
2021-01-17T05:54:41.876545,103,oximeter,persisted
2021-01-17T05:54:42.276315,103,ecg,processed
2021-01-17T05:54:42.276519,103,ecg,detected
2021-01-17T05:54:42.276736,103,ecg,persisted
2021-01-17T05:54:42.476449,103,thermometer,processed
2021-01-17T05:54:42.476637,103,thermometer,detected
2021-01-17T05:54:42.476831,103,thermometer,persisted
2021-01-17T05:54:42.876562,104,oximeter,processed
2021-01-17T05:54:42.876752,104,oximeter,detected
2021-01-17T05:54:42.876987,104,oximeter,persisted
2021-01-17T05:54:43.276805,104,ecg,processed
2021-01-17T05:54:43.277020,104,ecg,detected
2021-01-17T05:54:43.277582,104,ecg,persisted
2021-01-17T05:54:43.476939,104,thermometer,processed
2021-01-17T05:54:43.477148,104,thermometer,detected
2021-01-17T05:54:43.480842,104,thermometer,persisted
2021-01-17T05:54:43.877053,105,oximeter,processed
2021-01-17T05:54:43.877243,105,oximeter,detected
2021-01-17T05:54:43.877439,105,oximeter,persisted
2021-01-17T05:54:44.277126,105,ecg,processed
2021-01-17T05:54:44.277312,105,ecg,detected
2021-01-17T05:54:44.277552,105,ecg,persisted
2021-01-17T05:54:44.477225,105,thermometer,processed
2021-01-17T05:54:44.477418,105,thermometer,detected
2021-01-17T05:54:44.477823,105,thermometer,persisted
2021-01-17T05:54:44.877364,106,oximeter,processed
2021-01-17T05:54:44.877549,106,oximeter,detected
2021-01-17T05:54:44.877941,106,oximeter,persisted
2021-01-17T05:54:45.277598,106,ecg,processed
2021-01-17T05:54:45.277847,106,ecg,detected
2021-01-17T05:54:45.278650,106,ecg,persisted
2021-01-17T05:54:45.477635,106,thermometer,processed
2021-01-17T05:54:45.477797,106,thermometer,detected
2021-01-17T05:54:45.478031,106,thermometer,persisted
2021-01-17T05:54:45.877795,107,oximeter,processed
2021-01-17T05:54:45.877979,107,oximeter,detected
2021-01-17T05:54:45.878200,107,oximeter,persisted
2021-01-17T05:54:46.277939,107,ecg,processed
2021-01-17T05:54:46.278097,107,ecg,detected
2021-01-17T05:54:46.278320,107,ecg,persisted
2021-01-17T05:54:46.478062,107,thermometer,processed
2021-01-17T05:54:46.478228,107,thermometer,detected
2021-01-17T05:54:46.478415,107,thermometer,persisted
2021-01-17T05:54:46.878193,108,oximeter,processed
2021-01-17T05:54:46.878341,108,oximeter,detected
2021-01-17T05:54:46.878548,108,oximeter,persisted
2021-01-17T05:54:47.278359,108,ecg,processed
2021-01-17T05:54:47.278517,108,ecg,detected
2021-01-17T05:54:47.278757,108,ecg,persisted
2021-01-17T05:54:47.478473,108,thermometer,processed
2021-01-17T05:54:47.478629,108,thermometer,detected
2021-01-17T05:54:47.478841,108,thermometer,persisted
2021-01-17T05:54:47.878630,109,oximeter,processed
2021-01-17T05:54:47.878813,109,oximeter,detected
2021-01-17T05:54:47.879004,109,oximeter,persisted
2021-01-17T05:54:48.278787,109,ecg,processed
2021-01-17T05:54:48.278984,109,ecg,detected
2021-01-17T05:54:48.279192,109,ecg,persisted
2021-01-17T05:54:48.478869,109,thermometer,processed
2021-01-17T05:54:48.479037,109,thermometer,detected
2021-01-17T05:54:48.482841,109,thermometer,persisted
2021-01-17T05:54:48.879053,110,oximeter,processed
2021-01-17T05:54:48.879229,110,oximeter,detected
2021-01-17T05:54:48.879446,110,oximeter,persisted
2021-01-17T05:54:49.479277,110,thermometer,processed
2021-01-17T05:54:49.479458,110,thermometer,detected
2021-01-17T05:54:49.479699,110,thermometer,persisted
2021-01-17T05:54:49.879481,111,oximeter,processed
2021-01-17T05:54:49.879663,111,oximeter,detected
2021-01-17T05:54:49.879870,111,oximeter,persisted
2021-01-17T05:54:50.479885,111,thermometer,processed
2021-01-17T05:54:50.480080,111,thermometer,detected
2021-01-17T05:54:50.480326,111,thermometer,persisted
2021-01-17T05:54:50.879884,112,oximeter,processed
2021-01-17T05:54:50.880030,112,oximeter,detected
2021-01-17T05:54:50.880233,112,oximeter,persisted
2021-01-17T05:54:51.480122,112,thermometer,processed
2021-01-17T05:54:51.480282,112,thermometer,detected
2021-01-17T05:54:51.480530,112,thermometer,persisted
2021-01-17T05:54:51.880307,113,oximeter,processed
2021-01-17T05:54:51.880450,113,oximeter,detected
2021-01-17T05:54:51.880654,113,oximeter,persisted
2021-01-17T05:54:52.480549,113,thermometer,processed
2021-01-17T05:54:52.480700,113,thermometer,detected
2021-01-17T05:54:52.480898,113,thermometer,persisted
2021-01-17T05:54:52.880711,114,oximeter,processed
2021-01-17T05:54:52.880897,114,oximeter,detected
2021-01-17T05:54:52.881101,114,oximeter,persisted
2021-01-17T05:54:53.480936,114,thermometer,processed
2021-01-17T05:54:53.481116,114,thermometer,detected
2021-01-17T05:54:53.484903,114,thermometer,persisted
2021-01-17T05:54:53.881123,115,oximeter,processed
2021-01-17T05:54:53.881270,115,oximeter,detected
2021-01-17T05:54:53.881500,115,oximeter,persisted
2021-01-17T05:54:54.481328,115,thermometer,processed
2021-01-17T05:54:54.481492,115,thermometer,detected
2021-01-17T05:54:54.481732,115,thermometer,persisted
2021-01-17T05:54:54.881525,116,oximeter,processed
2021-01-17T05:54:54.881708,116,oximeter,detected
2021-01-17T05:54:54.881919,116,oximeter,persisted
2021-01-17T05:54:55.481780,116,thermometer,processed
2021-01-17T05:54:55.481977,116,thermometer,detected
2021-01-17T05:54:55.482207,116,thermometer,persisted
2021-01-17T05:54:55.881967,117,oximeter,processed
2021-01-17T05:54:55.882159,117,oximeter,detected
2021-01-17T05:54:55.882409,117,oximeter,persisted
2021-01-17T05:54:56.482168,117,thermometer,processed
2021-01-17T05:54:56.482327,117,thermometer,detected
2021-01-17T05:54:56.482527,117,thermometer,persisted
2021-01-17T05:54:56.882341,118,oximeter,processed
2021-01-17T05:54:56.882546,118,oximeter,detected
2021-01-17T05:54:56.882824,118,oximeter,persisted
2021-01-17T05:54:57.482676,118,thermometer,processed
2021-01-17T05:54:57.482866,118,thermometer,detected
2021-01-17T05:54:57.483109,118,thermometer,persisted
2021-01-17T05:54:57.882755,119,oximeter,processed
2021-01-17T05:54:57.882941,119,oximeter,detected
2021-01-17T05:54:57.883178,119,oximeter,persisted
2021-01-17T05:54:58.482983,119,thermometer,processed
2021-01-17T05:54:58.483159,119,thermometer,detected
2021-01-17T05:54:58.486625,119,thermometer,persisted
