
2021-01-17T01:19:56.974569,2,oximeter,processed
2021-01-17T01:19:56.974741,2,oximeter,detected
2021-01-17T01:19:56.974984,2,oximeter,persisted
2021-01-17T01:19:57.174577,2,ecg,processed
2021-01-17T01:19:57.174793,2,ecg,detected
2021-01-17T01:19:57.175165,2,ecg,persisted
2021-01-17T01:19:57.574730,2,thermometer,processed
2021-01-17T01:19:57.574862,2,thermometer,detected
2021-01-17T01:19:57.575014,2,thermometer,persisted
2021-01-17T01:19:57.974917,3,oximeter,processed
2021-01-17T01:19:57.975097,3,oximeter,detected
2021-01-17T01:19:57.975295,3,oximeter,persisted
2021-01-17T01:19:58.175065,3,ecg,processed
2021-01-17T01:19:58.175254,3,ecg,detected
2021-01-17T01:19:58.175864,3,ecg,persisted
2021-01-17T01:19:58.575206,3,thermometer,processed
2021-01-17T01:19:58.575388,3,thermometer,detected
2021-01-17T01:19:58.575639,3,thermometer,persisted
2021-01-17T01:19:58.975377,4,oximeter,processed
2021-01-17T01:19:58.975578,4,oximeter,detected
2021-01-17T01:19:58.975967,4,oximeter,persisted
2021-01-17T01:19:59.175442,4,ecg,processed
2021-01-17T01:19:59.175705,4,ecg,detected
2021-01-17T01:19:59.179547,4,ecg,persisted
2021-01-17T01:19:59.575649,4,thermometer,processed
2021-01-17T01:19:59.575875,4,thermometer,detected
2021-01-17T01:19:59.576531,4,thermometer,persisted
2021-01-17T01:19:59.975780,5,oximeter,processed
2021-01-17T01:19:59.975964,5,oximeter,detected
2021-01-17T01:19:59.976396,5,oximeter,persisted
2021-01-17T01:20:00.175892,5,ecg,processed
2021-01-17T01:20:00.176119,5,ecg,detected
2021-01-17T01:20:00.176364,5,ecg,persisted
2021-01-17T01:20:00.576044,5,thermometer,processed
2021-01-17T01:20:00.576238,5,thermometer,detected
2021-01-17T01:20:00.576631,5,thermometer,persisted
2021-01-17T01:20:00.976178,6,oximeter,processed
2021-01-17T01:20:00.976337,6,oximeter,detected
2021-01-17T01:20:00.976944,6,oximeter,persisted
2021-01-17T01:20:01.176285,6,ecg,processed
2021-01-17T01:20:01.176448,6,ecg,detected
2021-01-17T01:20:01.176801,6,ecg,persisted
2021-01-17T01:20:01.576517,6,thermometer,processed
2021-01-17T01:20:01.576732,6,thermometer,detected
2021-01-17T01:20:01.577168,6,thermometer,persisted
2021-01-17T01:20:01.976587,7,oximeter,processed
2021-01-17T01:20:01.976788,7,oximeter,detected
2021-01-17T01:20:01.977164,7,oximeter,persisted
2021-01-17T01:20:02.176674,7,ecg,processed
2021-01-17T01:20:02.176800,7,ecg,detected
2021-01-17T01:20:02.176988,7,ecg,persisted
2021-01-17T01:20:02.576849,7,thermometer,processed
2021-01-17T01:20:02.577083,7,thermometer,detected
2021-01-17T01:20:02.577337,7,thermometer,persisted
2021-01-17T01:20:02.977024,8,oximeter,processed
2021-01-17T01:20:02.977226,8,oximeter,detected
2021-01-17T01:20:02.977522,8,oximeter,persisted
2021-01-17T01:20:03.177128,8,ecg,processed
2021-01-17T01:20:03.177323,8,ecg,detected
2021-01-17T01:20:03.177793,8,ecg,persisted
2021-01-17T01:20:03.577214,8,thermometer,processed
2021-01-17T01:20:03.577330,8,thermometer,detected
2021-01-17T01:20:03.577478,8,thermometer,persisted
2021-01-17T01:20:03.977435,9,oximeter,processed
2021-01-17T01:20:03.977600,9,oximeter,detected
2021-01-17T01:20:03.977865,9,oximeter,persisted
2021-01-17T01:20:04.177531,9,ecg,processed
2021-01-17T01:20:04.177723,9,ecg,detected
2021-01-17T01:20:04.178056,9,ecg,persisted
2021-01-17T01:20:04.577713,9,thermometer,processed
2021-01-17T01:20:04.577909,9,thermometer,detected
2021-01-17T01:20:04.578158,9,thermometer,persisted
2021-01-17T01:20:04.977891,10,oximeter,processed
2021-01-17T01:20:04.978051,10,oximeter,detected
2021-01-17T01:20:04.978601,10,oximeter,persisted
2021-01-17T01:20:05.178000,10,ecg,processed
2021-01-17T01:20:05.178238,10,ecg,detected
2021-01-17T01:20:05.178571,10,ecg,persisted
2021-01-17T01:20:05.578208,10,thermometer,processed
2021-01-17T01:20:05.578421,10,thermometer,detected
2021-01-17T01:20:05.578783,10,thermometer,persisted
2021-01-17T01:20:05.978384,11,oximeter,processed
2021-01-17T01:20:05.978567,11,oximeter,detected
2021-01-17T01:20:05.978911,11,oximeter,persisted
2021-01-17T01:20:06.178477,11,ecg,processed
2021-01-17T01:20:06.178701,11,ecg,detected
2021-01-17T01:20:06.178942,11,ecg,persisted
2021-01-17T01:20:06.578693,11,thermometer,processed
2021-01-17T01:20:06.578940,11,thermometer,detected
2021-01-17T01:20:06.579706,11,thermometer,persisted
2021-01-17T01:20:06.978796,12,oximeter,processed
2021-01-17T01:20:06.978998,12,oximeter,detected
2021-01-17T01:20:06.979246,12,oximeter,persisted
2021-01-17T01:20:07.178893,12,ecg,processed
2021-01-17T01:20:07.179112,12,ecg,detected
2021-01-17T01:20:07.179739,12,ecg,persisted
2021-01-17T01:20:07.579071,12,thermometer,processed
2021-01-17T01:20:07.579234,12,thermometer,detected
2021-01-17T01:20:07.579604,12,thermometer,persisted
2021-01-17T01:20:07.979243,13,oximeter,processed
2021-01-17T01:20:07.979399,13,oximeter,detected
2021-01-17T01:20:07.979946,13,oximeter,persisted
2021-01-17T01:20:08.179341,13,ecg,processed
2021-01-17T01:20:08.179552,13,ecg,detected
2021-01-17T01:20:08.180134,13,ecg,persisted
2021-01-17T01:20:08.579571,13,thermometer,processed
2021-01-17T01:20:08.579778,13,thermometer,detected
2021-01-17T01:20:08.580027,13,thermometer,persisted
2021-01-17T01:20:08.979693,14,oximeter,processed
2021-01-17T01:20:08.979900,14,oximeter,detected
2021-01-17T01:20:08.980594,14,oximeter,persisted
2021-01-17T01:20:09.179772,14,ecg,processed
2021-01-17T01:20:09.179995,14,ecg,detected
2021-01-17T01:20:09.180445,14,ecg,persisted
2021-01-17T01:20:09.579977,14,thermometer,processed
2021-01-17T01:20:09.580198,14,thermometer,detected
2021-01-17T01:20:09.580457,14,thermometer,persisted
2021-01-17T01:20:09.980116,15,oximeter,processed
2021-01-17T01:20:09.980279,15,oximeter,detected
2021-01-17T01:20:09.980660,15,oximeter,persisted
2021-01-17T01:20:10.180183,15,ecg,processed
2021-01-17T01:20:10.180402,15,ecg,detected
2021-01-17T01:20:10.180920,15,ecg,persisted
2021-01-17T01:20:10.580435,15,thermometer,processed
2021-01-17T01:20:10.580658,15,thermometer,detected
2021-01-17T01:20:10.581283,15,thermometer,persisted
2021-01-17T01:20:10.980550,16,oximeter,processed
2021-01-17T01:20:10.980733,16,oximeter,detected
2021-01-17T01:20:10.981251,16,oximeter,persisted
2021-01-17T01:20:11.180639,16,ecg,processed
2021-01-17T01:20:11.180866,16,ecg,detected
2021-01-17T01:20:11.181434,16,ecg,persisted
2021-01-17T01:20:11.580801,16,thermometer,processed
2021-01-17T01:20:11.581022,16,thermometer,detected
2021-01-17T01:20:11.581249,16,thermometer,persisted
2021-01-17T01:20:11.980978,17,oximeter,processed
2021-01-17T01:20:11.981165,17,oximeter,detected
2021-01-17T01:20:11.981703,17,oximeter,persisted
2021-01-17T01:20:12.181086,17,ecg,processed
2021-01-17T01:20:12.181292,17,ecg,detected
2021-01-17T01:20:12.181545,17,ecg,persisted
2021-01-17T01:20:12.581248,17,thermometer,processed
2021-01-17T01:20:12.581464,17,thermometer,detected
2021-01-17T01:20:12.581723,17,thermometer,persisted
2021-01-17T01:20:12.981431,18,oximeter,processed
2021-01-17T01:20:12.981617,18,oximeter,detected
2021-01-17T01:20:12.982051,18,oximeter,persisted
2021-01-17T01:20:13.181496,18,ecg,processed
2021-01-17T01:20:13.181729,18,ecg,detected
2021-01-17T01:20:13.181989,18,ecg,persisted
2021-01-17T01:20:13.581658,18,thermometer,processed
2021-01-17T01:20:13.581871,18,thermometer,detected
2021-01-17T01:20:13.582311,18,thermometer,persisted
2021-01-17T01:20:13.981820,19,oximeter,processed
2021-01-17T01:20:13.981982,19,oximeter,detected
2021-01-17T01:20:13.982314,19,oximeter,persisted
2021-01-17T01:20:14.181951,19,ecg,processed
2021-01-17T01:20:14.182181,19,ecg,detected
2021-01-17T01:20:14.182808,19,ecg,persisted
2021-01-17T01:20:14.582097,19,thermometer,processed
2021-01-17T01:20:14.582281,19,thermometer,detected
2021-01-17T01:20:14.582693,19,thermometer,persisted
2021-01-17T01:20:14.982250,20,oximeter,processed
2021-01-17T01:20:14.982414,20,oximeter,detected
2021-01-17T01:20:14.982971,20,oximeter,persisted
2021-01-17T01:20:15.182362,20,ecg,processed
2021-01-17T01:20:15.182585,20,ecg,detected
2021-01-17T01:20:15.183298,20,ecg,persisted
2021-01-17T01:20:15.582517,20,thermometer,processed
2021-01-17T01:20:15.582744,20,thermometer,detected
2021-01-17T01:20:15.583202,20,thermometer,persisted
2021-01-17T01:20:15.982743,21,oximeter,processed
2021-01-17T01:20:15.982934,21,oximeter,detected
2021-01-17T01:20:15.983410,21,oximeter,persisted
2021-01-17T01:20:16.182844,21,ecg,processed
2021-01-17T01:20:16.183087,21,ecg,detected
2021-01-17T01:20:16.183459,21,ecg,persisted
2021-01-17T01:20:16.582987,21,thermometer,processed
2021-01-17T01:20:16.583183,21,thermometer,detected
2021-01-17T01:20:16.583616,21,thermometer,persisted
2021-01-17T01:20:16.983127,22,oximeter,processed
2021-01-17T01:20:16.983290,22,oximeter,detected
2021-01-17T01:20:16.983469,22,oximeter,persisted
2021-01-17T01:20:17.183292,22,ecg,processed
2021-01-17T01:20:17.183436,22,ecg,detected
2021-01-17T01:20:17.183698,22,ecg,persisted
2021-01-17T01:20:17.583540,22,thermometer,processed
2021-01-17T01:20:17.583757,22,thermometer,detected
2021-01-17T01:20:17.584120,22,thermometer,persisted
2021-01-17T01:20:17.983680,23,oximeter,processed
2021-01-17T01:20:17.983865,23,oximeter,detected
2021-01-17T01:20:17.984424,23,oximeter,persisted
2021-01-17T01:20:18.183738,23,ecg,processed
2021-01-17T01:20:18.183934,23,ecg,detected
2021-01-17T01:20:18.184293,23,ecg,persisted
2021-01-17T01:20:18.583913,23,thermometer,processed
2021-01-17T01:20:18.584138,23,thermometer,detected
2021-01-17T01:20:18.584388,23,thermometer,persisted
2021-01-17T01:20:18.984029,24,oximeter,processed
2021-01-17T01:20:18.984215,24,oximeter,detected
2021-01-17T01:20:18.984944,24,oximeter,persisted
2021-01-17T01:20:19.184123,24,ecg,processed
2021-01-17T01:20:19.184362,24,ecg,detected
2021-01-17T01:20:19.184871,24,ecg,persisted
2021-01-17T01:20:19.584292,24,thermometer,processed
2021-01-17T01:20:19.584506,24,thermometer,detected
2021-01-17T01:20:19.584970,24,thermometer,persisted
2021-01-17T01:20:19.984494,25,oximeter,processed
2021-01-17T01:20:19.984662,25,oximeter,detected
2021-01-17T01:20:19.985201,25,oximeter,persisted
2021-01-17T01:20:20.184560,25,ecg,processed
2021-01-17T01:20:20.184797,25,ecg,detected
2021-01-17T01:20:20.185470,25,ecg,persisted
2021-01-17T01:20:20.584719,25,thermometer,processed
2021-01-17T01:20:20.584935,25,thermometer,detected
2021-01-17T01:20:20.585544,25,thermometer,persisted
2021-01-17T01:20:20.984959,26,oximeter,processed
2021-01-17T01:20:20.985133,26,oximeter,detected
2021-01-17T01:20:20.985773,26,oximeter,persisted
2021-01-17T01:20:21.185075,26,ecg,processed
2021-01-17T01:20:21.185321,26,ecg,detected
2021-01-17T01:20:21.185954,26,ecg,persisted
2021-01-17T01:20:21.585198,26,thermometer,processed
2021-01-17T01:20:21.585428,26,thermometer,detected
2021-01-17T01:20:21.585672,26,thermometer,persisted
2021-01-17T01:20:21.985557,27,oximeter,processed
2021-01-17T01:20:21.985841,27,oximeter,detected
2021-01-17T01:20:21.986249,27,oximeter,persisted
2021-01-17T01:20:22.185512,27,ecg,processed
2021-01-17T01:20:22.185717,27,ecg,detected
2021-01-17T01:20:22.185985,27,ecg,persisted
2021-01-17T01:20:22.585703,27,thermometer,processed
2021-01-17T01:20:22.585942,27,thermometer,detected
2021-01-17T01:20:22.589724,27,thermometer,persisted
2021-01-17T01:20:22.985818,28,oximeter,processed
2021-01-17T01:20:22.986012,28,oximeter,detected
2021-01-17T01:20:22.986442,28,oximeter,persisted
2021-01-17T01:20:23.185918,28,ecg,processed
2021-01-17T01:20:23.186139,28,ecg,detected
2021-01-17T01:20:23.186781,28,ecg,persisted
2021-01-17T01:20:23.586084,28,thermometer,processed
2021-01-17T01:20:23.586308,28,thermometer,detected
2021-01-17T01:20:23.586636,28,thermometer,persisted
2021-01-17T01:20:23.986299,29,oximeter,processed
2021-01-17T01:20:23.986502,29,oximeter,detected
2021-01-17T01:20:23.987339,29,oximeter,persisted
2021-01-17T01:20:24.186316,29,ecg,processed
2021-01-17T01:20:24.186548,29,ecg,detected
2021-01-17T01:20:24.187082,29,ecg,persisted
2021-01-17T01:20:24.586448,29,thermometer,processed
2021-01-17T01:20:24.586619,29,thermometer,detected
2021-01-17T01:20:24.586869,29,thermometer,persisted
2021-01-17T01:20:24.786465,30,oximeter,processed
2021-01-17T01:20:24.786545,30,oximeter,detected
2021-01-17T01:20:24.786649,30,oximeter,persisted
2021-01-17T01:20:25.186596,30,ecg,processed
2021-01-17T01:20:25.186700,30,ecg,detected
2021-01-17T01:20:25.186796,30,ecg,persisted
2021-01-17T01:20:25.586853,30,thermometer,processed
2021-01-17T01:20:25.587080,30,thermometer,detected
2021-01-17T01:20:25.587653,30,thermometer,persisted
2021-01-17T01:20:25.987103,31,oximeter,processed
2021-01-17T01:20:25.987316,31,oximeter,detected
2021-01-17T01:20:25.987740,31,oximeter,persisted
2021-01-17T01:20:26.187148,31,ecg,processed
2021-01-17T01:20:26.187372,31,ecg,detected
2021-01-17T01:20:26.187644,31,ecg,persisted
2021-01-17T01:20:28.187968,33,ecg,processed
2021-01-17T01:20:28.188171,33,ecg,detected
2021-01-17T01:20:28.188403,33,ecg,persisted
2021-01-17T01:20:28.588129,33,thermometer,processed
2021-01-17T01:20:28.588332,33,thermometer,detected
2021-01-17T01:20:28.588750,33,thermometer,persisted
2021-01-17T01:20:28.988341,34,oximeter,processed
2021-01-17T01:20:28.988496,34,oximeter,detected
2021-01-17T01:20:28.988881,34,oximeter,persisted
2021-01-17T01:20:29.588598,34,thermometer,processed
2021-01-17T01:20:29.588811,34,thermometer,detected
2021-01-17T01:20:29.589232,34,thermometer,persisted
2021-01-17T01:20:29.988809,35,oximeter,processed
2021-01-17T01:20:29.989006,35,oximeter,detected
2021-01-17T01:20:29.989472,35,oximeter,persisted
2021-01-17T01:20:30.188897,35,ecg,processed
2021-01-17T01:20:30.189087,35,ecg,detected
2021-01-17T01:20:30.189338,35,ecg,persisted
2021-01-17T01:20:30.589281,35,thermometer,processed
2021-01-17T01:20:30.589529,35,thermometer,detected
2021-01-17T01:20:30.589962,35,thermometer,persisted
2021-01-17T01:20:30.789296,36,oximeter,processed
2021-01-17T01:20:30.789459,36,oximeter,detected
2021-01-17T01:20:30.789814,36,oximeter,persisted
2021-01-17T01:20:31.589633,36,thermometer,processed
2021-01-17T01:20:31.589828,36,thermometer,detected
2021-01-17T01:20:31.590227,36,thermometer,persisted
2021-01-17T01:20:31.789735,37,oximeter,processed
2021-01-17T01:20:31.789910,37,oximeter,detected
2021-01-17T01:20:31.790257,37,oximeter,persisted
2021-01-17T01:20:33.190300,38,ecg,processed
2021-01-17T01:20:33.190531,38,ecg,detected
2021-01-17T01:20:33.190951,38,ecg,persisted
2021-01-17T01:20:33.790831,39,oximeter,processed
2021-01-17T01:20:33.790971,39,oximeter,detected
2021-01-17T01:20:33.791152,39,oximeter,persisted
2021-01-17T01:20:34.191001,39,ecg,processed
2021-01-17T01:20:34.191258,39,ecg,detected
2021-01-17T01:20:34.191993,39,ecg,persisted
2021-01-17T01:20:34.391084,39,thermometer,processed
2021-01-17T01:20:34.391241,39,thermometer,detected
2021-01-17T01:20:34.391892,39,thermometer,persisted
2021-01-17T01:20:34.791281,40,oximeter,processed
2021-01-17T01:20:34.791467,40,oximeter,detected
2021-01-17T01:20:34.792038,40,oximeter,persisted
2021-01-17T01:20:35.191465,40,ecg,processed
2021-01-17T01:20:35.191719,40,ecg,detected
2021-01-17T01:20:35.192113,40,ecg,persisted
2021-01-17T01:20:35.591688,40,thermometer,processed
2021-01-17T01:20:35.591896,40,thermometer,detected
2021-01-17T01:20:35.592353,40,thermometer,persisted
2021-01-17T01:20:35.791760,41,oximeter,processed
2021-01-17T01:20:35.791904,41,oximeter,detected
2021-01-17T01:20:35.792143,41,oximeter,persisted
2021-01-17T01:20:36.191996,41,ecg,processed
2021-01-17T01:20:36.192226,41,ecg,detected
2021-01-17T01:20:36.192650,41,ecg,persisted
2021-01-17T01:20:36.392010,41,thermometer,processed
2021-01-17T01:20:36.392167,41,thermometer,detected
2021-01-17T01:20:36.392355,41,thermometer,persisted
2021-01-17T01:20:36.792165,42,oximeter,processed
2021-01-17T01:20:36.792330,42,oximeter,detected
2021-01-17T01:20:36.792519,42,oximeter,persisted
2021-01-17T01:20:37.192345,42,ecg,processed
2021-01-17T01:20:37.192587,42,ecg,detected
2021-01-17T01:20:37.192824,42,ecg,persisted
2021-01-17T01:20:37.392420,42,thermometer,processed
2021-01-17T01:20:37.392613,42,thermometer,detected
2021-01-17T01:20:37.393037,42,thermometer,persisted
2021-01-17T01:20:37.792593,43,oximeter,processed
2021-01-17T01:20:37.792779,43,oximeter,detected
2021-01-17T01:20:37.793026,43,oximeter,persisted
2021-01-17T01:20:38.192761,43,ecg,processed
2021-01-17T01:20:38.192995,43,ecg,detected
2021-01-17T01:20:38.193707,43,ecg,persisted
2021-01-17T01:20:38.392827,43,thermometer,processed
2021-01-17T01:20:38.392970,43,thermometer,detected
2021-01-17T01:20:38.393145,43,thermometer,persisted
2021-01-17T01:20:38.793039,44,oximeter,processed
2021-01-17T01:20:38.793174,44,oximeter,detected
2021-01-17T01:20:38.793329,44,oximeter,persisted
2021-01-17T01:20:39.193194,44,ecg,processed
2021-01-17T01:20:39.193496,44,ecg,detected
2021-01-17T01:20:39.194024,44,ecg,persisted
2021-01-17T01:20:39.393276,44,thermometer,processed
2021-01-17T01:20:39.393453,44,thermometer,detected
2021-01-17T01:20:39.393709,44,thermometer,persisted
2021-01-17T01:20:39.793464,45,oximeter,processed
2021-01-17T01:20:39.793692,45,oximeter,detected
2021-01-17T01:20:39.793834,45,oximeter,persisted
2021-01-17T01:20:40.793906,46,oximeter,processed
2021-01-17T01:20:40.794021,46,oximeter,detected
2021-01-17T01:20:40.794322,46,oximeter,persisted
2021-01-17T01:20:41.194072,46,ecg,processed
2021-01-17T01:20:41.194287,46,ecg,detected
2021-01-17T01:20:41.194650,46,ecg,persisted
2021-01-17T01:20:41.394111,46,thermometer,processed
2021-01-17T01:20:41.394252,46,thermometer,detected
2021-01-17T01:20:41.394479,46,thermometer,persisted
2021-01-17T01:20:41.794270,47,oximeter,processed
2021-01-17T01:20:41.794393,47,oximeter,detected
2021-01-17T01:20:41.794623,47,oximeter,persisted
2021-01-17T01:20:42.194495,47,ecg,processed
2021-01-17T01:20:42.194735,47,ecg,detected
2021-01-17T01:20:42.194953,47,ecg,persisted
2021-01-17T01:20:42.394529,47,thermometer,processed
2021-01-17T01:20:42.394710,47,thermometer,detected
2021-01-17T01:20:42.395252,47,thermometer,persisted
2021-01-17T01:20:42.794678,48,oximeter,processed
2021-01-17T01:20:42.794837,48,oximeter,detected
2021-01-17T01:20:42.795156,48,oximeter,persisted
2021-01-17T01:20:43.194898,48,ecg,processed
2021-01-17T01:20:43.195128,48,ecg,detected
2021-01-17T01:20:43.195597,48,ecg,persisted
2021-01-17T01:20:43.394970,48,thermometer,processed
2021-01-17T01:20:43.395137,48,thermometer,detected
2021-01-17T01:20:43.395357,48,thermometer,persisted
2021-01-17T01:20:43.795114,49,oximeter,processed
2021-01-17T01:20:43.795250,49,oximeter,detected
2021-01-17T01:20:43.795480,49,oximeter,persisted
2021-01-17T01:20:44.195341,49,ecg,processed
2021-01-17T01:20:44.195587,49,ecg,detected
2021-01-17T01:20:44.195997,49,ecg,persisted
2021-01-17T01:20:44.395455,49,thermometer,processed
2021-01-17T01:20:44.395686,49,thermometer,detected
2021-01-17T01:20:44.396017,49,thermometer,persisted
2021-01-17T01:20:45.795936,51,oximeter,processed
2021-01-17T01:20:45.796094,51,oximeter,detected
2021-01-17T01:20:45.796485,51,oximeter,persisted
2021-01-17T01:20:46.196089,51,ecg,processed
2021-01-17T01:20:46.196327,51,ecg,detected
2021-01-17T01:20:46.196664,51,ecg,persisted
2021-01-17T01:20:46.396203,51,thermometer,processed
2021-01-17T01:20:46.396388,51,thermometer,detected
2021-01-17T01:20:46.396798,51,thermometer,persisted
2021-01-17T01:20:46.796358,52,oximeter,processed
2021-01-17T01:20:46.796553,52,oximeter,detected
2021-01-17T01:20:46.797003,52,oximeter,persisted
2021-01-17T01:20:47.196540,52,ecg,processed
2021-01-17T01:20:47.196749,52,ecg,detected
2021-01-17T01:20:47.197198,52,ecg,persisted
2021-01-17T01:20:47.396571,52,thermometer,processed
2021-01-17T01:20:47.396733,52,thermometer,detected
2021-01-17T01:20:47.396871,52,thermometer,persisted
2021-01-17T01:20:47.796762,53,oximeter,processed
2021-01-17T01:20:47.796921,53,oximeter,detected
2021-01-17T01:20:47.797336,53,oximeter,persisted
2021-01-17T01:20:48.196976,53,ecg,processed
2021-01-17T01:20:48.197165,53,ecg,detected
2021-01-17T01:20:48.197397,53,ecg,persisted
2021-01-17T01:20:48.397058,53,thermometer,processed
2021-01-17T01:20:48.397279,53,thermometer,detected
2021-01-17T01:20:48.397489,53,thermometer,persisted
2021-01-17T01:20:48.797239,54,oximeter,processed
2021-01-17T01:20:48.797464,54,oximeter,detected
2021-01-17T01:20:48.797653,54,oximeter,persisted
2021-01-17T01:20:49.197395,54,ecg,processed
2021-01-17T01:20:49.197632,54,ecg,detected
2021-01-17T01:20:49.198153,54,ecg,persisted
2021-01-17T01:20:49.397471,54,thermometer,processed
2021-01-17T01:20:49.397615,54,thermometer,detected
2021-01-17T01:20:49.397794,54,thermometer,persisted
2021-01-17T01:20:49.797671,55,oximeter,processed
2021-01-17T01:20:49.797869,55,oximeter,detected
2021-01-17T01:20:49.798109,55,oximeter,persisted
2021-01-17T01:20:50.197884,55,ecg,processed
2021-01-17T01:20:50.198145,55,ecg,detected
2021-01-17T01:20:50.198399,55,ecg,persisted
2021-01-17T01:20:50.397931,55,thermometer,processed
2021-01-17T01:20:50.398097,55,thermometer,detected
2021-01-17T01:20:50.398400,55,thermometer,persisted
2021-01-17T01:20:50.798118,56,oximeter,processed
2021-01-17T01:20:50.798278,56,oximeter,detected
2021-01-17T01:20:50.798618,56,oximeter,persisted
2021-01-17T01:20:51.198317,56,ecg,processed
2021-01-17T01:20:51.198533,56,ecg,detected
2021-01-17T01:20:51.199002,56,ecg,persisted
2021-01-17T01:20:51.398393,56,thermometer,processed
2021-01-17T01:20:51.398569,56,thermometer,detected
2021-01-17T01:20:51.399032,56,thermometer,persisted
2021-01-17T01:20:51.798625,57,oximeter,processed
2021-01-17T01:20:51.798830,57,oximeter,detected
2021-01-17T01:20:51.799278,57,oximeter,persisted
2021-01-17T01:20:52.198862,57,ecg,processed
2021-01-17T01:20:52.199074,57,ecg,detected
2021-01-17T01:20:52.199485,57,ecg,persisted
2021-01-17T01:20:52.398828,57,thermometer,processed
2021-01-17T01:20:52.399005,57,thermometer,detected
2021-01-17T01:20:52.399665,57,thermometer,persisted
2021-01-17T01:20:52.799136,58,oximeter,processed
2021-01-17T01:20:52.799376,58,oximeter,detected
2021-01-17T01:20:52.799745,58,oximeter,persisted
2021-01-17T01:20:53.199233,58,ecg,processed
2021-01-17T01:20:53.199450,58,ecg,detected
2021-01-17T01:20:53.200165,58,ecg,persisted
