
2021-01-17T04:05:06.714026,2,oximeter,processed
2021-01-17T04:05:06.714131,2,oximeter,detected
2021-01-17T04:05:06.714217,2,oximeter,persisted
2021-01-17T04:05:06.914153,2,ecg,processed
2021-01-17T04:05:06.914352,2,ecg,detected
2021-01-17T04:05:06.914644,2,ecg,persisted
2021-01-17T04:05:07.314311,2,thermometer,processed
2021-01-17T04:05:07.314478,2,thermometer,detected
2021-01-17T04:05:07.314690,2,thermometer,persisted
2021-01-17T04:05:07.714421,3,oximeter,processed
2021-01-17T04:05:07.714618,3,oximeter,detected
2021-01-17T04:05:07.714994,3,oximeter,persisted
2021-01-17T04:05:07.914550,3,ecg,processed
2021-01-17T04:05:07.914757,3,ecg,detected
2021-01-17T04:05:07.915174,3,ecg,persisted
2021-01-17T04:05:08.314666,3,thermometer,processed
2021-01-17T04:05:08.314824,3,thermometer,detected
2021-01-17T04:05:08.315073,3,thermometer,persisted
2021-01-17T04:05:08.714819,4,oximeter,processed
2021-01-17T04:05:08.714986,4,oximeter,detected
2021-01-17T04:05:08.715216,4,oximeter,persisted
2021-01-17T04:05:08.914915,4,ecg,processed
2021-01-17T04:05:08.915144,4,ecg,detected
2021-01-17T04:05:08.915484,4,ecg,persisted
2021-01-17T04:05:09.315069,4,thermometer,processed
2021-01-17T04:05:09.315240,4,thermometer,detected
2021-01-17T04:05:09.315562,4,thermometer,persisted
2021-01-17T04:05:09.715247,5,oximeter,processed
2021-01-17T04:05:09.715479,5,oximeter,detected
2021-01-17T04:05:09.715732,5,oximeter,persisted
2021-01-17T04:05:09.915360,5,ecg,processed
2021-01-17T04:05:09.915583,5,ecg,detected
2021-01-17T04:05:09.916059,5,ecg,persisted
2021-01-17T04:05:10.315549,5,thermometer,processed
2021-01-17T04:05:10.315727,5,thermometer,detected
2021-01-17T04:05:10.316045,5,thermometer,persisted
2021-01-17T04:05:10.715683,6,oximeter,processed
2021-01-17T04:05:10.715859,6,oximeter,detected
2021-01-17T04:05:10.716104,6,oximeter,persisted
2021-01-17T04:05:10.915772,6,ecg,processed
2021-01-17T04:05:10.916002,6,ecg,detected
2021-01-17T04:05:10.916421,6,ecg,persisted
2021-01-17T04:05:11.315898,6,thermometer,processed
2021-01-17T04:05:11.316097,6,thermometer,detected
2021-01-17T04:05:11.316413,6,thermometer,persisted
2021-01-17T04:05:11.716054,7,oximeter,processed
2021-01-17T04:05:11.716258,7,oximeter,detected
2021-01-17T04:05:11.716508,7,oximeter,persisted
2021-01-17T04:05:11.916150,7,ecg,processed
2021-01-17T04:05:11.916369,7,ecg,detected
2021-01-17T04:05:11.916791,7,ecg,persisted
2021-01-17T04:05:12.316294,7,thermometer,processed
2021-01-17T04:05:12.316474,7,thermometer,detected
2021-01-17T04:05:12.316831,7,thermometer,persisted
2021-01-17T04:05:12.716545,8,oximeter,processed
2021-01-17T04:05:12.716774,8,oximeter,detected
2021-01-17T04:05:12.717006,8,oximeter,persisted
2021-01-17T04:05:12.916596,8,ecg,processed
2021-01-17T04:05:12.916795,8,ecg,detected
2021-01-17T04:05:12.917087,8,ecg,persisted
2021-01-17T04:05:13.316736,8,thermometer,processed
2021-01-17T04:05:13.316917,8,thermometer,detected
2021-01-17T04:05:13.317149,8,thermometer,persisted
2021-01-17T04:05:13.716933,9,oximeter,processed
2021-01-17T04:05:13.717142,9,oximeter,detected
2021-01-17T04:05:13.717433,9,oximeter,persisted
2021-01-17T04:05:13.917067,9,ecg,processed
2021-01-17T04:05:13.917293,9,ecg,detected
2021-01-17T04:05:13.917715,9,ecg,persisted
2021-01-17T04:05:14.317169,9,thermometer,processed
2021-01-17T04:05:14.317317,9,thermometer,detected
2021-01-17T04:05:14.317525,9,thermometer,persisted
2021-01-17T04:05:14.717338,10,oximeter,processed
2021-01-17T04:05:14.717534,10,oximeter,detected
2021-01-17T04:05:14.717769,10,oximeter,persisted
2021-01-17T04:05:14.917448,10,ecg,processed
2021-01-17T04:05:14.917678,10,ecg,detected
2021-01-17T04:05:14.918072,10,ecg,persisted
2021-01-17T04:05:15.317598,10,thermometer,processed
2021-01-17T04:05:15.317727,10,thermometer,detected
2021-01-17T04:05:15.318006,10,thermometer,persisted
2021-01-17T04:05:15.717769,11,oximeter,processed
2021-01-17T04:05:15.717971,11,oximeter,detected
2021-01-17T04:05:15.718281,11,oximeter,persisted
2021-01-17T04:05:15.917859,11,ecg,processed
2021-01-17T04:05:15.918047,11,ecg,detected
2021-01-17T04:05:15.918499,11,ecg,persisted
2021-01-17T04:05:16.318088,11,thermometer,processed
2021-01-17T04:05:16.318467,11,thermometer,detected
2021-01-17T04:05:16.318892,11,thermometer,persisted
2021-01-17T04:05:16.718276,12,oximeter,processed
2021-01-17T04:05:16.718484,12,oximeter,detected
2021-01-17T04:05:16.718726,12,oximeter,persisted
2021-01-17T04:05:16.918301,12,ecg,processed
2021-01-17T04:05:16.918513,12,ecg,detected
2021-01-17T04:05:16.918764,12,ecg,persisted
2021-01-17T04:05:17.318506,12,thermometer,processed
2021-01-17T04:05:17.318679,12,thermometer,detected
2021-01-17T04:05:17.318955,12,thermometer,persisted
2021-01-17T04:05:17.718591,13,oximeter,processed
2021-01-17T04:05:17.718792,13,oximeter,detected
2021-01-17T04:05:17.719051,13,oximeter,persisted
2021-01-17T04:05:17.918671,13,ecg,processed
2021-01-17T04:05:17.918894,13,ecg,detected
2021-01-17T04:05:17.919183,13,ecg,persisted
2021-01-17T04:05:18.318804,13,thermometer,processed
2021-01-17T04:05:18.318954,13,thermometer,detected
2021-01-17T04:05:18.319174,13,thermometer,persisted
2021-01-17T04:05:18.719052,14,oximeter,processed
2021-01-17T04:05:18.719250,14,oximeter,detected
2021-01-17T04:05:18.719714,14,oximeter,persisted
2021-01-17T04:05:18.919067,14,ecg,processed
2021-01-17T04:05:18.919244,14,ecg,detected
2021-01-17T04:05:18.919636,14,ecg,persisted
2021-01-17T04:05:19.319214,14,thermometer,processed
2021-01-17T04:05:19.319391,14,thermometer,detected
2021-01-17T04:05:19.319631,14,thermometer,persisted
2021-01-17T04:05:19.719450,15,oximeter,processed
2021-01-17T04:05:19.719673,15,oximeter,detected
2021-01-17T04:05:19.719898,15,oximeter,persisted
2021-01-17T04:05:19.919514,15,ecg,processed
2021-01-17T04:05:19.919704,15,ecg,detected
2021-01-17T04:05:19.919952,15,ecg,persisted
2021-01-17T04:05:20.319618,15,thermometer,processed
2021-01-17T04:05:20.319754,15,thermometer,detected
2021-01-17T04:05:20.319930,15,thermometer,persisted
2021-01-17T04:05:20.719801,16,oximeter,processed
2021-01-17T04:05:20.720002,16,oximeter,detected
2021-01-17T04:05:20.720340,16,oximeter,persisted
2021-01-17T04:05:20.919869,16,ecg,processed
2021-01-17T04:05:20.920076,16,ecg,detected
2021-01-17T04:05:20.920475,16,ecg,persisted
2021-01-17T04:05:21.319994,16,thermometer,processed
2021-01-17T04:05:21.320177,16,thermometer,detected
2021-01-17T04:05:21.320532,16,thermometer,persisted
2021-01-17T04:05:21.720166,17,oximeter,processed
2021-01-17T04:05:21.720366,17,oximeter,detected
2021-01-17T04:05:21.720706,17,oximeter,persisted
2021-01-17T04:05:21.920253,17,ecg,processed
2021-01-17T04:05:21.920437,17,ecg,detected
2021-01-17T04:05:21.920690,17,ecg,persisted
2021-01-17T04:05:22.320397,17,thermometer,processed
2021-01-17T04:05:22.320555,17,thermometer,detected
2021-01-17T04:05:22.320801,17,thermometer,persisted
2021-01-17T04:05:22.720622,18,oximeter,processed
2021-01-17T04:05:22.720799,18,oximeter,detected
2021-01-17T04:05:22.720989,18,oximeter,persisted
2021-01-17T04:05:22.920683,18,ecg,processed
2021-01-17T04:05:22.920903,18,ecg,detected
2021-01-17T04:05:22.921147,18,ecg,persisted
2021-01-17T04:05:23.320819,18,thermometer,processed
2021-01-17T04:05:23.320986,18,thermometer,detected
2021-01-17T04:05:23.321208,18,thermometer,persisted
2021-01-17T04:05:23.720931,19,oximeter,processed
2021-01-17T04:05:23.721019,19,oximeter,detected
2021-01-17T04:05:23.721103,19,oximeter,persisted
2021-01-17T04:05:23.921096,19,ecg,processed
2021-01-17T04:05:23.921274,19,ecg,detected
2021-01-17T04:05:23.921512,19,ecg,persisted
2021-01-17T04:05:24.321221,19,thermometer,processed
2021-01-17T04:05:24.321400,19,thermometer,detected
2021-01-17T04:05:24.321762,19,thermometer,persisted
2021-01-17T04:05:24.721399,20,oximeter,processed
2021-01-17T04:05:24.721608,20,oximeter,detected
2021-01-17T04:05:24.721961,20,oximeter,persisted
2021-01-17T04:05:24.921474,20,ecg,processed
2021-01-17T04:05:24.921698,20,ecg,detected
2021-01-17T04:05:24.921942,20,ecg,persisted
2021-01-17T04:05:25.321663,20,thermometer,processed
2021-01-17T04:05:25.321836,20,thermometer,detected
2021-01-17T04:05:25.322128,20,thermometer,persisted
2021-01-17T04:05:25.721844,21,oximeter,processed
2021-01-17T04:05:25.722037,21,oximeter,detected
2021-01-17T04:05:25.722381,21,oximeter,persisted
2021-01-17T04:05:25.921905,21,ecg,processed
2021-01-17T04:05:25.922113,21,ecg,detected
2021-01-17T04:05:25.922562,21,ecg,persisted
2021-01-17T04:05:26.322074,21,thermometer,processed
2021-01-17T04:05:26.322208,21,thermometer,detected
2021-01-17T04:05:26.322543,21,thermometer,persisted
2021-01-17T04:05:26.722294,22,oximeter,processed
2021-01-17T04:05:26.722500,22,oximeter,detected
2021-01-17T04:05:26.722802,22,oximeter,persisted
2021-01-17T04:05:26.922363,22,ecg,processed
2021-01-17T04:05:26.922580,22,ecg,detected
2021-01-17T04:05:26.922826,22,ecg,persisted
2021-01-17T04:05:27.322515,22,thermometer,processed
2021-01-17T04:05:27.322692,22,thermometer,detected
2021-01-17T04:05:27.322976,22,thermometer,persisted
2021-01-17T04:05:27.722688,23,oximeter,processed
2021-01-17T04:05:27.722899,23,oximeter,detected
2021-01-17T04:05:27.723152,23,oximeter,persisted
2021-01-17T04:05:27.922768,23,ecg,processed
2021-01-17T04:05:27.922988,23,ecg,detected
2021-01-17T04:05:27.923367,23,ecg,persisted
2021-01-17T04:05:28.322915,23,thermometer,processed
2021-01-17T04:05:28.323043,23,thermometer,detected
2021-01-17T04:05:28.323342,23,thermometer,persisted
2021-01-17T04:05:28.723128,24,oximeter,processed
2021-01-17T04:05:28.723353,24,oximeter,detected
2021-01-17T04:05:28.723684,24,oximeter,persisted
2021-01-17T04:05:28.923311,24,ecg,processed
2021-01-17T04:05:28.923527,24,ecg,detected
2021-01-17T04:05:28.923892,24,ecg,persisted
2021-01-17T04:05:29.323418,24,thermometer,processed
2021-01-17T04:05:29.323569,24,thermometer,detected
2021-01-17T04:05:29.323883,24,thermometer,persisted
2021-01-17T04:05:29.723581,25,oximeter,processed
2021-01-17T04:05:29.723752,25,oximeter,detected
2021-01-17T04:05:29.724153,25,oximeter,persisted
2021-01-17T04:05:29.923677,25,ecg,processed
2021-01-17T04:05:29.923882,25,ecg,detected
2021-01-17T04:05:29.924121,25,ecg,persisted
2021-01-17T04:05:30.323828,25,thermometer,processed
2021-01-17T04:05:30.324051,25,thermometer,detected
2021-01-17T04:05:30.324436,25,thermometer,persisted
2021-01-17T04:05:30.723985,26,oximeter,processed
2021-01-17T04:05:30.724189,26,oximeter,detected
2021-01-17T04:05:30.724616,26,oximeter,persisted
2021-01-17T04:05:30.924034,26,ecg,processed
2021-01-17T04:05:30.924212,26,ecg,detected
2021-01-17T04:05:30.924615,26,ecg,persisted
2021-01-17T04:05:31.324257,26,thermometer,processed
2021-01-17T04:05:31.324455,26,thermometer,detected
2021-01-17T04:05:31.325060,26,thermometer,persisted
2021-01-17T04:05:31.724384,27,oximeter,processed
2021-01-17T04:05:31.724582,27,oximeter,detected
2021-01-17T04:05:31.724885,27,oximeter,persisted
2021-01-17T04:05:31.924456,27,ecg,processed
2021-01-17T04:05:31.924682,27,ecg,detected
2021-01-17T04:05:31.925091,27,ecg,persisted
2021-01-17T04:05:32.324713,27,thermometer,processed
2021-01-17T04:05:32.324940,27,thermometer,detected
2021-01-17T04:05:32.325325,27,thermometer,persisted
2021-01-17T04:05:32.724859,28,oximeter,processed
2021-01-17T04:05:32.725039,28,oximeter,detected
2021-01-17T04:05:32.725315,28,oximeter,persisted
2021-01-17T04:05:32.924911,28,ecg,processed
2021-01-17T04:05:32.925130,28,ecg,detected
2021-01-17T04:05:32.925556,28,ecg,persisted
2021-01-17T04:05:33.325141,28,thermometer,processed
2021-01-17T04:05:33.325348,28,thermometer,detected
2021-01-17T04:05:33.325682,28,thermometer,persisted
2021-01-17T04:05:33.725299,29,oximeter,processed
2021-01-17T04:05:33.725510,29,oximeter,detected
2021-01-17T04:05:33.726031,29,oximeter,persisted
2021-01-17T04:05:33.925360,29,ecg,processed
2021-01-17T04:05:33.925536,29,ecg,detected
2021-01-17T04:05:33.925957,29,ecg,persisted
2021-01-17T04:05:34.325501,29,thermometer,processed
2021-01-17T04:05:34.325624,29,thermometer,detected
2021-01-17T04:05:34.325833,29,thermometer,persisted
2021-01-17T04:05:34.725606,30,oximeter,processed
2021-01-17T04:05:34.725699,30,oximeter,detected
2021-01-17T04:05:34.726444,30,oximeter,persisted
2021-01-17T04:05:34.925662,30,ecg,processed
2021-01-17T04:05:34.925751,30,ecg,detected
2021-01-17T04:05:34.925885,30,ecg,persisted
2021-01-17T04:05:35.325832,30,thermometer,processed
2021-01-17T04:05:35.325974,30,thermometer,detected
2021-01-17T04:05:35.326224,30,thermometer,persisted
2021-01-17T04:05:35.726056,31,oximeter,processed
2021-01-17T04:05:35.726265,31,oximeter,detected
2021-01-17T04:05:35.726489,31,oximeter,persisted
2021-01-17T04:05:35.926138,31,ecg,processed
2021-01-17T04:05:35.926345,31,ecg,detected
2021-01-17T04:05:35.926741,31,ecg,persisted
2021-01-17T04:05:37.726918,33,oximeter,processed
2021-01-17T04:05:37.727133,33,oximeter,detected
2021-01-17T04:05:37.727410,33,oximeter,persisted
2021-01-17T04:05:38.727388,34,oximeter,processed
2021-01-17T04:05:38.727601,34,oximeter,detected
2021-01-17T04:05:38.727842,34,oximeter,persisted
2021-01-17T04:05:38.927433,34,ecg,processed
2021-01-17T04:05:38.927645,34,ecg,detected
2021-01-17T04:05:38.927905,34,ecg,persisted
2021-01-17T04:05:39.727737,35,oximeter,processed
2021-01-17T04:05:39.727931,35,oximeter,detected
2021-01-17T04:05:39.728296,35,oximeter,persisted
2021-01-17T04:05:41.328445,36,thermometer,processed
2021-01-17T04:05:41.328577,36,thermometer,detected
2021-01-17T04:05:41.328860,36,thermometer,persisted
2021-01-17T04:05:41.728606,37,oximeter,processed
2021-01-17T04:05:41.728823,37,oximeter,detected
2021-01-17T04:05:41.729042,37,oximeter,persisted
2021-01-17T04:05:41.928693,37,ecg,processed
2021-01-17T04:05:41.928914,37,ecg,detected
2021-01-17T04:05:41.929284,37,ecg,persisted
2021-01-17T04:05:42.328835,37,thermometer,processed
2021-01-17T04:05:42.328993,37,thermometer,detected
2021-01-17T04:05:42.329154,37,thermometer,persisted
2021-01-17T04:05:43.329370,38,thermometer,processed
2021-01-17T04:05:43.329563,38,thermometer,detected
2021-01-17T04:05:43.329767,38,thermometer,persisted
2021-01-17T04:05:43.729474,39,oximeter,processed
2021-01-17T04:05:43.729691,39,oximeter,detected
2021-01-17T04:05:43.730188,39,oximeter,persisted
2021-01-17T04:05:43.929556,39,ecg,processed
2021-01-17T04:05:43.929743,39,ecg,detected
2021-01-17T04:05:43.929981,39,ecg,persisted
2021-01-17T04:05:44.329743,39,thermometer,processed
2021-01-17T04:05:44.330015,39,thermometer,detected
2021-01-17T04:05:44.330426,39,thermometer,persisted
2021-01-17T04:05:44.729885,40,oximeter,processed
2021-01-17T04:05:44.730087,40,oximeter,detected
2021-01-17T04:05:44.730461,40,oximeter,persisted
2021-01-17T04:05:44.929982,40,ecg,processed
2021-01-17T04:05:44.930193,40,ecg,detected
2021-01-17T04:05:44.930499,40,ecg,persisted
2021-01-17T04:05:45.330164,40,thermometer,processed
2021-01-17T04:05:45.330379,40,thermometer,detected
2021-01-17T04:05:45.330824,40,thermometer,persisted
2021-01-17T04:05:45.730295,41,oximeter,processed
2021-01-17T04:05:45.730516,41,oximeter,detected
2021-01-17T04:05:45.730845,41,oximeter,persisted
2021-01-17T04:05:45.930387,41,ecg,processed
2021-01-17T04:05:45.930619,41,ecg,detected
2021-01-17T04:05:45.931064,41,ecg,persisted
2021-01-17T04:05:46.330544,41,thermometer,processed
2021-01-17T04:05:46.330717,41,thermometer,detected
2021-01-17T04:05:46.331118,41,thermometer,persisted
2021-01-17T04:05:46.730795,42,oximeter,processed
2021-01-17T04:05:46.731003,42,oximeter,detected
2021-01-17T04:05:46.731352,42,oximeter,persisted
2021-01-17T04:05:46.930812,42,ecg,processed
2021-01-17T04:05:46.931032,42,ecg,detected
2021-01-17T04:05:46.931432,42,ecg,persisted
2021-01-17T04:05:47.330982,42,thermometer,processed
2021-01-17T04:05:47.331200,42,thermometer,detected
2021-01-17T04:05:47.331524,42,thermometer,persisted
2021-01-17T04:05:47.731142,43,oximeter,processed
2021-01-17T04:05:47.731378,43,oximeter,detected
2021-01-17T04:05:47.731815,43,oximeter,persisted
2021-01-17T04:05:47.931232,43,ecg,processed
2021-01-17T04:05:47.931479,43,ecg,detected
2021-01-17T04:05:47.931713,43,ecg,persisted
2021-01-17T04:05:48.331442,43,thermometer,processed
2021-01-17T04:05:48.331645,43,thermometer,detected
2021-01-17T04:05:48.331927,43,thermometer,persisted
2021-01-17T04:05:48.731596,44,oximeter,processed
2021-01-17T04:05:48.731800,44,oximeter,detected
2021-01-17T04:05:48.732300,44,oximeter,persisted
2021-01-17T04:05:49.731976,45,oximeter,processed
2021-01-17T04:05:49.732212,45,oximeter,detected
2021-01-17T04:05:49.732494,45,oximeter,persisted
2021-01-17T04:05:50.932510,46,ecg,processed
2021-01-17T04:05:50.932732,46,ecg,detected
2021-01-17T04:05:50.932960,46,ecg,persisted
2021-01-17T04:05:51.332754,46,thermometer,processed
2021-01-17T04:05:51.333003,46,thermometer,detected
2021-01-17T04:05:51.333388,46,thermometer,persisted
2021-01-17T04:05:51.732823,47,oximeter,processed
2021-01-17T04:05:51.733026,47,oximeter,detected
2021-01-17T04:05:51.733274,47,oximeter,persisted
2021-01-17T04:05:51.932892,47,ecg,processed
2021-01-17T04:05:51.933079,47,ecg,detected
2021-01-17T04:05:51.933446,47,ecg,persisted
2021-01-17T04:05:52.333084,47,thermometer,processed
2021-01-17T04:05:52.333299,47,thermometer,detected
2021-01-17T04:05:52.334036,47,thermometer,persisted
2021-01-17T04:05:52.733237,48,oximeter,processed
2021-01-17T04:05:52.733448,48,oximeter,detected
2021-01-17T04:05:52.733957,48,oximeter,persisted
2021-01-17T04:05:52.933320,48,ecg,processed
2021-01-17T04:05:52.933560,48,ecg,detected
2021-01-17T04:05:52.933852,48,ecg,persisted
2021-01-17T04:05:53.333481,48,thermometer,processed
2021-01-17T04:05:53.333751,48,thermometer,detected
2021-01-17T04:05:53.333979,48,thermometer,persisted
2021-01-17T04:05:53.733638,49,oximeter,processed
2021-01-17T04:05:53.733825,49,oximeter,detected
2021-01-17T04:05:53.734056,49,oximeter,persisted
2021-01-17T04:05:53.933712,49,ecg,processed
2021-01-17T04:05:53.933923,49,ecg,detected
2021-01-17T04:05:53.934175,49,ecg,persisted
2021-01-17T04:05:54.333913,49,thermometer,processed
2021-01-17T04:05:54.334105,49,thermometer,detected
2021-01-17T04:05:54.334384,49,thermometer,persisted
2021-01-17T04:05:54.934142,50,ecg,processed
2021-01-17T04:05:54.934377,50,ecg,detected
2021-01-17T04:05:54.934635,50,ecg,persisted
2021-01-17T04:05:55.334296,50,thermometer,processed
2021-01-17T04:05:55.334493,50,thermometer,detected
2021-01-17T04:05:55.334893,50,thermometer,persisted
2021-01-17T04:05:55.734450,51,oximeter,processed
2021-01-17T04:05:55.734638,51,oximeter,detected
2021-01-17T04:05:55.734885,51,oximeter,persisted
2021-01-17T04:05:55.934531,51,ecg,processed
2021-01-17T04:05:55.934717,51,ecg,detected
2021-01-17T04:05:55.935018,51,ecg,persisted
2021-01-17T04:05:56.334752,51,thermometer,processed
2021-01-17T04:05:56.334985,51,thermometer,detected
2021-01-17T04:05:56.335267,51,thermometer,persisted
2021-01-17T04:05:56.734843,52,oximeter,processed
2021-01-17T04:05:56.735063,52,oximeter,detected
2021-01-17T04:05:56.735426,52,oximeter,persisted
2021-01-17T04:05:56.934935,52,ecg,processed
2021-01-17T04:05:56.935182,52,ecg,detected
2021-01-17T04:05:56.935458,52,ecg,persisted
2021-01-17T04:05:57.335134,52,thermometer,processed
2021-01-17T04:05:57.335386,52,thermometer,detected
2021-01-17T04:05:57.335738,52,thermometer,persisted
2021-01-17T04:05:58.735718,54,oximeter,processed
2021-01-17T04:05:58.735960,54,oximeter,detected
2021-01-17T04:05:58.736197,54,oximeter,persisted
2021-01-17T04:05:58.935804,54,ecg,processed
2021-01-17T04:05:58.935993,54,ecg,detected
2021-01-17T04:05:58.936319,54,ecg,persisted
2021-01-17T04:05:59.336008,54,thermometer,processed
2021-01-17T04:05:59.336230,54,thermometer,detected
2021-01-17T04:05:59.336656,54,thermometer,persisted
2021-01-17T04:05:59.736179,55,oximeter,processed
2021-01-17T04:05:59.736390,55,oximeter,detected
2021-01-17T04:05:59.736639,55,oximeter,persisted
2021-01-17T04:05:59.936230,55,ecg,processed
2021-01-17T04:05:59.936420,55,ecg,detected
2021-01-17T04:05:59.936753,55,ecg,persisted
2021-01-17T04:06:00.336420,55,thermometer,processed
2021-01-17T04:06:00.336619,55,thermometer,detected
2021-01-17T04:06:00.336983,55,thermometer,persisted
2021-01-17T04:06:00.736579,56,oximeter,processed
2021-01-17T04:06:00.736810,56,oximeter,detected
2021-01-17T04:06:00.737285,56,oximeter,persisted
2021-01-17T04:06:00.936667,56,ecg,processed
2021-01-17T04:06:00.936898,56,ecg,detected
2021-01-17T04:06:00.937245,56,ecg,persisted
2021-01-17T04:06:01.336812,56,thermometer,processed
2021-01-17T04:06:01.336992,56,thermometer,detected
2021-01-17T04:06:01.337218,56,thermometer,persisted
2021-01-17T04:06:01.736987,57,oximeter,processed
2021-01-17T04:06:01.737214,57,oximeter,detected
2021-01-17T04:06:01.737637,57,oximeter,persisted
2021-01-17T04:06:01.937060,57,ecg,processed
2021-01-17T04:06:01.937269,57,ecg,detected
2021-01-17T04:06:01.937676,57,ecg,persisted
2021-01-17T04:06:02.337301,57,thermometer,processed
2021-01-17T04:06:02.337490,57,thermometer,detected
2021-01-17T04:06:02.337754,57,thermometer,persisted
2021-01-17T04:06:02.737443,58,oximeter,processed
2021-01-17T04:06:02.737627,58,oximeter,detected
2021-01-17T04:06:02.737860,58,oximeter,persisted
2021-01-17T04:06:03.737886,59,oximeter,processed
2021-01-17T04:06:03.738096,59,oximeter,detected
2021-01-17T04:06:03.738333,59,oximeter,persisted
2021-01-17T04:06:04.338117,59,thermometer,processed
2021-01-17T04:06:04.338320,59,thermometer,detected
2021-01-17T04:06:04.338526,59,thermometer,persisted
2021-01-17T04:06:04.738330,60,oximeter,processed
2021-01-17T04:06:04.738551,60,oximeter,detected
2021-01-17T04:06:04.738778,60,oximeter,persisted
2021-01-17T04:06:04.938404,60,ecg,processed
2021-01-17T04:06:04.938585,60,ecg,detected
2021-01-17T04:06:04.938850,60,ecg,persisted
2021-01-17T04:06:05.738799,61,oximeter,processed
2021-01-17T04:06:05.739019,61,oximeter,detected
2021-01-17T04:06:05.739452,61,oximeter,persisted
2021-01-17T04:06:05.938813,61,ecg,processed
2021-01-17T04:06:05.938999,61,ecg,detected
2021-01-17T04:06:05.939419,61,ecg,persisted
2021-01-17T04:06:06.339025,61,thermometer,processed
2021-01-17T04:06:06.339223,61,thermometer,detected
2021-01-17T04:06:06.339796,61,thermometer,persisted
2021-01-17T04:06:06.739189,62,oximeter,processed
2021-01-17T04:06:06.739427,62,oximeter,detected
2021-01-17T04:06:06.739846,62,oximeter,persisted
2021-01-17T04:06:06.939257,62,ecg,processed
2021-01-17T04:06:06.939500,62,ecg,detected
2021-01-17T04:06:06.939835,62,ecg,persisted
2021-01-17T04:06:10.740876,66,oximeter,processed
2021-01-17T04:06:10.741099,66,oximeter,detected
2021-01-17T04:06:10.741525,66,oximeter,persisted
2021-01-17T04:06:10.940964,66,ecg,processed
2021-01-17T04:06:10.941148,66,ecg,detected
2021-01-17T04:06:10.941554,66,ecg,persisted
2021-01-17T04:06:11.341189,66,thermometer,processed
2021-01-17T04:06:11.341426,66,thermometer,detected
2021-01-17T04:06:11.341807,66,thermometer,persisted
2021-01-17T04:06:11.741320,67,oximeter,processed
2021-01-17T04:06:11.741530,67,oximeter,detected
2021-01-17T04:06:11.741834,67,oximeter,persisted
2021-01-17T04:06:11.941401,67,ecg,processed
2021-01-17T04:06:11.941582,67,ecg,detected
2021-01-17T04:06:11.941858,67,ecg,persisted
2021-01-17T04:06:12.341673,67,thermometer,processed
2021-01-17T04:06:12.341914,67,thermometer,detected
2021-01-17T04:06:12.342403,67,thermometer,persisted
2021-01-17T04:06:13.342038,68,thermometer,processed
2021-01-17T04:06:13.342244,68,thermometer,detected
2021-01-17T04:06:13.342667,68,thermometer,persisted
2021-01-17T04:06:13.742189,69,oximeter,processed
2021-01-17T04:06:13.742415,69,oximeter,detected
2021-01-17T04:06:13.742838,69,oximeter,persisted
2021-01-17T04:06:14.342446,69,thermometer,processed
2021-01-17T04:06:14.342632,69,thermometer,detected
2021-01-17T04:06:14.342944,69,thermometer,persisted
2021-01-17T04:06:14.742601,70,oximeter,processed
2021-01-17T04:06:14.742826,70,oximeter,detected
2021-01-17T04:06:14.743143,70,oximeter,persisted
2021-01-17T04:06:14.942688,70,ecg,processed
2021-01-17T04:06:14.942906,70,ecg,detected
2021-01-17T04:06:14.943343,70,ecg,persisted
2021-01-17T04:06:15.342878,70,thermometer,processed
2021-01-17T04:06:15.343119,70,thermometer,detected
2021-01-17T04:06:15.343520,70,thermometer,persisted
2021-01-17T04:06:15.943115,71,ecg,processed
2021-01-17T04:06:15.943363,71,ecg,detected
2021-01-17T04:06:15.943802,71,ecg,persisted
2021-01-17T04:06:16.943542,72,ecg,processed
2021-01-17T04:06:16.943768,72,ecg,detected
2021-01-17T04:06:16.944078,72,ecg,persisted
2021-01-17T04:06:17.943932,73,ecg,processed
2021-01-17T04:06:17.944153,73,ecg,detected
2021-01-17T04:06:17.944525,73,ecg,persisted
2021-01-17T04:06:18.744307,74,oximeter,processed
2021-01-17T04:06:18.744549,74,oximeter,detected
2021-01-17T04:06:18.744850,74,oximeter,persisted
2021-01-17T04:06:18.944352,74,ecg,processed
2021-01-17T04:06:18.944565,74,ecg,detected
2021-01-17T04:06:18.944985,74,ecg,persisted
2021-01-17T04:06:19.344569,74,thermometer,processed
2021-01-17T04:06:19.344804,74,thermometer,detected
2021-01-17T04:06:19.345455,74,thermometer,persisted
2021-01-17T04:06:19.944735,75,ecg,processed
2021-01-17T04:06:19.944908,75,ecg,detected
2021-01-17T04:06:19.945316,75,ecg,persisted
2021-01-17T04:06:20.344945,75,thermometer,processed
2021-01-17T04:06:20.345156,75,thermometer,detected
2021-01-17T04:06:20.345407,75,thermometer,persisted
2021-01-17T04:06:20.945167,76,ecg,processed
2021-01-17T04:06:20.945358,76,ecg,detected
2021-01-17T04:06:20.945588,76,ecg,persisted
2021-01-17T04:06:21.745533,77,oximeter,processed
2021-01-17T04:06:21.745769,77,oximeter,detected
2021-01-17T04:06:21.746107,77,oximeter,persisted
2021-01-17T04:06:21.945623,77,ecg,processed
2021-01-17T04:06:21.945839,77,ecg,detected
2021-01-17T04:06:21.946077,77,ecg,persisted
2021-01-17T04:06:22.345845,77,thermometer,processed
2021-01-17T04:06:22.346115,77,thermometer,detected
2021-01-17T04:06:22.346490,77,thermometer,persisted
2021-01-17T04:06:22.746024,78,oximeter,processed
2021-01-17T04:06:22.746239,78,oximeter,detected
2021-01-17T04:06:22.746603,78,oximeter,persisted
2021-01-17T04:06:22.946053,78,ecg,processed
2021-01-17T04:06:22.946272,78,ecg,detected
2021-01-17T04:06:22.946506,78,ecg,persisted
2021-01-17T04:06:23.746433,79,oximeter,processed
2021-01-17T04:06:23.746652,79,oximeter,detected
2021-01-17T04:06:23.747084,79,oximeter,persisted
2021-01-17T04:06:24.746785,80,oximeter,processed
2021-01-17T04:06:24.746993,80,oximeter,detected
2021-01-17T04:06:24.747342,80,oximeter,persisted
2021-01-17T04:06:25.747188,81,oximeter,processed
2021-01-17T04:06:25.747392,81,oximeter,detected
2021-01-17T04:06:25.747737,81,oximeter,persisted
2021-01-17T04:06:25.947274,81,ecg,processed
2021-01-17T04:06:25.947480,81,ecg,detected
2021-01-17T04:06:25.947903,81,ecg,persisted
2021-01-17T04:06:26.347575,81,thermometer,processed
2021-01-17T04:06:26.347833,81,thermometer,detected
2021-01-17T04:06:26.348226,81,thermometer,persisted
2021-01-17T04:06:26.747656,82,oximeter,processed
2021-01-17T04:06:26.747883,82,oximeter,detected
2021-01-17T04:06:26.748118,82,oximeter,persisted
2021-01-17T04:06:26.947728,82,ecg,processed
2021-01-17T04:06:26.947912,82,ecg,detected
2021-01-17T04:06:26.948238,82,ecg,persisted
2021-01-17T04:06:27.347929,82,thermometer,processed
2021-01-17T04:06:27.348138,82,thermometer,detected
2021-01-17T04:06:27.348336,82,thermometer,persisted
2021-01-17T04:06:27.748054,83,oximeter,processed
2021-01-17T04:06:27.748248,83,oximeter,detected
2021-01-17T04:06:27.748485,83,oximeter,persisted
2021-01-17T04:06:27.948146,83,ecg,processed
2021-01-17T04:06:27.948367,83,ecg,detected
2021-01-17T04:06:27.948630,83,ecg,persisted
2021-01-17T04:06:28.348325,83,thermometer,processed
2021-01-17T04:06:28.348546,83,thermometer,detected
2021-01-17T04:06:28.348892,83,thermometer,persisted
2021-01-17T04:06:28.748470,84,oximeter,processed
2021-01-17T04:06:28.748694,84,oximeter,detected
2021-01-17T04:06:28.749031,84,oximeter,persisted
2021-01-17T04:06:28.948554,84,ecg,processed
2021-01-17T04:06:28.948779,84,ecg,detected
2021-01-17T04:06:28.949021,84,ecg,persisted
2021-01-17T04:06:29.348786,84,thermometer,processed
2021-01-17T04:06:29.349003,84,thermometer,detected
2021-01-17T04:06:29.349331,84,thermometer,persisted
2021-01-17T04:06:29.748873,85,oximeter,processed
2021-01-17T04:06:29.749062,85,oximeter,detected
2021-01-17T04:06:29.749385,85,oximeter,persisted
2021-01-17T04:06:29.948963,85,ecg,processed
2021-01-17T04:06:29.949197,85,ecg,detected
2021-01-17T04:06:29.949573,85,ecg,persisted
2021-01-17T04:06:30.349101,85,thermometer,processed
2021-01-17T04:06:30.349288,85,thermometer,detected
2021-01-17T04:06:30.349532,85,thermometer,persisted
2021-01-17T04:06:30.749253,86,oximeter,processed
2021-01-17T04:06:30.749466,86,oximeter,detected
2021-01-17T04:06:30.749835,86,oximeter,persisted
2021-01-17T04:06:30.949343,86,ecg,processed
2021-01-17T04:06:30.949536,86,ecg,detected
2021-01-17T04:06:30.949771,86,ecg,persisted
2021-01-17T04:06:31.349506,86,thermometer,processed
2021-01-17T04:06:31.349729,86,thermometer,detected
2021-01-17T04:06:31.349964,86,thermometer,persisted
2021-01-17T04:06:31.749665,87,oximeter,processed
2021-01-17T04:06:31.749895,87,oximeter,detected
2021-01-17T04:06:31.750159,87,oximeter,persisted
2021-01-17T04:06:31.949749,87,ecg,processed
2021-01-17T04:06:31.949975,87,ecg,detected
2021-01-17T04:06:31.950376,87,ecg,persisted
2021-01-17T04:06:32.349913,87,thermometer,processed
2021-01-17T04:06:32.350191,87,thermometer,detected
2021-01-17T04:06:32.350494,87,thermometer,persisted
2021-01-17T04:06:33.750482,89,oximeter,processed
2021-01-17T04:06:33.750665,89,oximeter,detected
2021-01-17T04:06:33.750904,89,oximeter,persisted
2021-01-17T04:06:34.750886,90,oximeter,processed
2021-01-17T04:06:34.751101,90,oximeter,detected
2021-01-17T04:06:34.751484,90,oximeter,persisted
2021-01-17T04:06:34.950969,90,ecg,processed
2021-01-17T04:06:34.951191,90,ecg,detected
2021-01-17T04:06:34.951537,90,ecg,persisted
2021-01-17T04:06:35.351212,90,thermometer,processed
2021-01-17T04:06:35.351457,90,thermometer,detected
2021-01-17T04:06:35.351696,90,thermometer,persisted
2021-01-17T04:06:35.951400,91,ecg,processed
2021-01-17T04:06:35.951602,91,ecg,detected
2021-01-17T04:06:35.951895,91,ecg,persisted
2021-01-17T04:06:36.351610,91,thermometer,processed
2021-01-17T04:06:36.351856,91,thermometer,detected
2021-01-17T04:06:36.352323,91,thermometer,persisted
2021-01-17T04:06:36.751744,92,oximeter,processed
2021-01-17T04:06:36.751952,92,oximeter,detected
2021-01-17T04:06:36.752297,92,oximeter,persisted
2021-01-17T04:06:36.951817,92,ecg,processed
2021-01-17T04:06:36.952024,92,ecg,detected
2021-01-17T04:06:36.952371,92,ecg,persisted
2021-01-17T04:06:37.351984,92,thermometer,processed
2021-01-17T04:06:37.352162,92,thermometer,detected
2021-01-17T04:06:37.352364,92,thermometer,persisted
2021-01-17T04:06:37.752187,93,oximeter,processed
2021-01-17T04:06:37.752388,93,oximeter,detected
2021-01-17T04:06:37.752627,93,oximeter,persisted
2021-01-17T04:06:38.352360,93,thermometer,processed
2021-01-17T04:06:38.352502,93,thermometer,detected
2021-01-17T04:06:38.352671,93,thermometer,persisted
2021-01-17T04:06:39.752972,95,oximeter,processed
2021-01-17T04:06:39.753198,95,oximeter,detected
2021-01-17T04:06:39.753495,95,oximeter,persisted
2021-01-17T04:06:39.953052,95,ecg,processed
2021-01-17T04:06:39.953228,95,ecg,detected
2021-01-17T04:06:39.953451,95,ecg,persisted
2021-01-17T04:06:40.353249,95,thermometer,processed
2021-01-17T04:06:40.353465,95,thermometer,detected
2021-01-17T04:06:40.353781,95,thermometer,persisted
2021-01-17T04:06:41.353703,96,thermometer,processed
2021-01-17T04:06:41.354027,96,thermometer,detected
2021-01-17T04:06:41.354294,96,thermometer,persisted
2021-01-17T04:06:41.753792,97,oximeter,processed
2021-01-17T04:06:41.754023,97,oximeter,detected
2021-01-17T04:06:41.754407,97,oximeter,persisted
2021-01-17T04:06:42.754185,98,oximeter,processed
2021-01-17T04:06:42.754367,98,oximeter,detected
2021-01-17T04:06:42.754604,98,oximeter,persisted
2021-01-17T04:06:42.954267,98,ecg,processed
2021-01-17T04:06:42.954476,98,ecg,detected
2021-01-17T04:06:42.954741,98,ecg,persisted
2021-01-17T04:06:43.354504,98,thermometer,processed
2021-01-17T04:06:43.354711,98,thermometer,detected
2021-01-17T04:06:43.355030,98,thermometer,persisted
2021-01-17T04:06:43.954695,99,ecg,processed
2021-01-17T04:06:43.954902,99,ecg,detected
2021-01-17T04:06:43.955183,99,ecg,persisted
2021-01-17T04:06:45.755461,101,oximeter,processed
2021-01-17T04:06:45.755670,101,oximeter,detected
2021-01-17T04:06:45.755990,101,oximeter,persisted
2021-01-17T04:06:45.955495,101,ecg,processed
2021-01-17T04:06:45.955705,101,ecg,detected
2021-01-17T04:06:45.955993,101,ecg,persisted
2021-01-17T04:06:46.355604,101,thermometer,processed
2021-01-17T04:06:46.355747,101,thermometer,detected
2021-01-17T04:06:46.355888,101,thermometer,persisted
2021-01-17T04:06:46.755796,102,oximeter,processed
2021-01-17T04:06:46.756035,102,oximeter,detected
2021-01-17T04:06:46.756262,102,oximeter,persisted
2021-01-17T04:06:47.756212,103,oximeter,processed
2021-01-17T04:06:47.756397,103,oximeter,detected
2021-01-17T04:06:47.756793,103,oximeter,persisted
2021-01-17T04:06:47.956293,103,ecg,processed
2021-01-17T04:06:47.956472,103,ecg,detected
2021-01-17T04:06:47.956723,103,ecg,persisted
2021-01-17T04:06:48.356580,103,thermometer,processed
2021-01-17T04:06:48.356840,103,thermometer,detected
2021-01-17T04:06:48.357145,103,thermometer,persisted
2021-01-17T04:06:48.756660,104,oximeter,processed
2021-01-17T04:06:48.756836,104,oximeter,detected
2021-01-17T04:06:48.757169,104,oximeter,persisted
2021-01-17T04:06:48.956755,104,ecg,processed
2021-01-17T04:06:48.956973,104,ecg,detected
2021-01-17T04:06:48.957214,104,ecg,persisted
2021-01-17T04:06:49.356963,104,thermometer,processed
2021-01-17T04:06:49.357179,104,thermometer,detected
2021-01-17T04:06:49.357575,104,thermometer,persisted
2021-01-17T04:06:49.757075,105,oximeter,processed
2021-01-17T04:06:49.757285,105,oximeter,detected
2021-01-17T04:06:49.757627,105,oximeter,persisted
2021-01-17T04:06:49.957147,105,ecg,processed
2021-01-17T04:06:49.957369,105,ecg,detected
2021-01-17T04:06:49.957783,105,ecg,persisted
2021-01-17T04:06:50.357311,105,thermometer,processed
2021-01-17T04:06:50.357547,105,thermometer,detected
2021-01-17T04:06:50.357801,105,thermometer,persisted
2021-01-17T04:06:50.757471,106,oximeter,processed
2021-01-17T04:06:50.757655,106,oximeter,detected
2021-01-17T04:06:50.758043,106,oximeter,persisted
2021-01-17T04:06:50.957566,106,ecg,processed
2021-01-17T04:06:50.957777,106,ecg,detected
2021-01-17T04:06:50.958245,106,ecg,persisted
2021-01-17T04:06:51.357765,106,thermometer,processed
2021-01-17T04:06:51.358013,106,thermometer,detected
2021-01-17T04:06:51.358241,106,thermometer,persisted
2021-01-17T04:06:51.957995,107,ecg,processed
2021-01-17T04:06:51.958175,107,ecg,detected
2021-01-17T04:06:51.958535,107,ecg,persisted
2021-01-17T04:06:52.758284,108,oximeter,processed
2021-01-17T04:06:52.758472,108,oximeter,detected
2021-01-17T04:06:52.758876,108,oximeter,persisted
2021-01-17T04:06:52.958376,108,ecg,processed
2021-01-17T04:06:52.958594,108,ecg,detected
2021-01-17T04:06:52.959055,108,ecg,persisted
2021-01-17T04:06:53.358557,108,thermometer,processed
2021-01-17T04:06:53.358780,108,thermometer,detected
2021-01-17T04:06:53.359043,108,thermometer,persisted
2021-01-17T04:06:53.758712,109,oximeter,processed
2021-01-17T04:06:53.758932,109,oximeter,detected
2021-01-17T04:06:53.759187,109,oximeter,persisted
2021-01-17T04:06:53.958822,109,ecg,processed
2021-01-17T04:06:53.959020,109,ecg,detected
2021-01-17T04:06:53.959346,109,ecg,persisted
2021-01-17T04:06:54.759150,110,oximeter,processed
2021-01-17T04:06:54.759385,110,oximeter,detected
2021-01-17T04:06:54.759639,110,oximeter,persisted
2021-01-17T04:06:55.759558,111,oximeter,processed
2021-01-17T04:06:55.759766,111,oximeter,detected
2021-01-17T04:06:55.760088,111,oximeter,persisted
2021-01-17T04:06:55.959655,111,ecg,processed
2021-01-17T04:06:55.959869,111,ecg,detected
2021-01-17T04:06:55.960093,111,ecg,persisted
2021-01-17T04:06:56.359840,111,thermometer,processed
2021-01-17T04:06:56.360031,111,thermometer,detected
2021-01-17T04:06:56.360325,111,thermometer,persisted
2021-01-17T04:06:56.759967,112,oximeter,processed
2021-01-17T04:06:56.760192,112,oximeter,detected
2021-01-17T04:06:56.760613,112,oximeter,persisted
2021-01-17T04:06:56.960065,112,ecg,processed
2021-01-17T04:06:56.960251,112,ecg,detected
2021-01-17T04:06:56.960538,112,ecg,persisted
2021-01-17T04:06:57.760377,113,oximeter,processed
2021-01-17T04:06:57.760577,113,oximeter,detected
2021-01-17T04:06:57.760902,113,oximeter,persisted
2021-01-17T04:06:57.960493,113,ecg,processed
2021-01-17T04:06:57.960699,113,ecg,detected
2021-01-17T04:06:57.960978,113,ecg,persisted
2021-01-17T04:06:58.360642,113,thermometer,processed
2021-01-17T04:06:58.360874,113,thermometer,detected
2021-01-17T04:06:58.361150,113,thermometer,persisted
2021-01-17T04:06:58.960888,114,ecg,processed
2021-01-17T04:06:58.961136,114,ecg,detected
2021-01-17T04:06:58.961397,114,ecg,persisted
2021-01-17T04:06:59.361049,114,thermometer,processed
2021-01-17T04:06:59.361266,114,thermometer,detected
2021-01-17T04:06:59.361591,114,thermometer,persisted
2021-01-17T04:06:59.761200,115,oximeter,processed
2021-01-17T04:06:59.761412,115,oximeter,detected
2021-01-17T04:06:59.761742,115,oximeter,persisted
2021-01-17T04:06:59.961285,115,ecg,processed
2021-01-17T04:06:59.961491,115,ecg,detected
2021-01-17T04:06:59.961800,115,ecg,persisted
2021-01-17T04:07:00.361468,115,thermometer,processed
2021-01-17T04:07:00.361678,115,thermometer,detected
2021-01-17T04:07:00.361998,115,thermometer,persisted
2021-01-17T04:07:00.761607,116,oximeter,processed
2021-01-17T04:07:00.761815,116,oximeter,detected
2021-01-17T04:07:00.762088,116,oximeter,persisted
2021-01-17T04:07:00.961685,116,ecg,processed
2021-01-17T04:07:00.961891,116,ecg,detected
2021-01-17T04:07:00.962264,116,ecg,persisted
2021-01-17T04:07:01.361867,116,thermometer,processed
2021-01-17T04:07:01.362086,116,thermometer,detected
2021-01-17T04:07:01.362524,116,thermometer,persisted
2021-01-17T04:07:01.762037,117,oximeter,processed
2021-01-17T04:07:01.762268,117,oximeter,detected
2021-01-17T04:07:01.762573,117,oximeter,persisted
2021-01-17T04:07:01.962124,117,ecg,processed
2021-01-17T04:07:01.962345,117,ecg,detected
2021-01-17T04:07:01.962801,117,ecg,persisted
2021-01-17T04:07:02.362292,117,thermometer,processed
2021-01-17T04:07:02.362494,117,thermometer,detected
2021-01-17T04:07:02.362699,117,thermometer,persisted
2021-01-17T04:07:02.962526,118,ecg,processed
2021-01-17T04:07:02.962769,118,ecg,detected
2021-01-17T04:07:02.963024,118,ecg,persisted
2021-01-17T04:07:03.762855,119,oximeter,processed
2021-01-17T04:07:03.763072,119,oximeter,detected
2021-01-17T04:07:03.763567,119,oximeter,persisted
2021-01-17T04:07:04.363089,119,thermometer,processed
2021-01-17T04:07:04.363275,119,thermometer,detected
2021-01-17T04:07:04.363541,119,thermometer,persisted
