
Status,1,20684486570,g4t1,,init
Status,4,25794170047,g3t1_4,,init
Status,5,25807493131,g3t1_4,,init
Status,6,25807520525,g3t1_4,,running
Status,7,25809946452,g3t1_4,,success
Status,8,26807908625,g3t1_4,,running
Status,9,26814978724,g3t1_4,,success
Status,10,27808284709,g3t1_4,,running
Status,11,27815819680,g3t1_4,,success
Status,12,28808108642,g3t1_4,,running
Status,13,28814672570,g3t1_4,,success
Status,14,29808145918,g3t1_4,,running
Status,15,29817473321,g3t1_4,,success
Status,16,30808244666,g3t1_4,,running
Status,17,30814152578,g3t1_4,,success
Status,18,31809216161,g3t1_4,,running
Status,19,31816872129,g3t1_4,,success
Status,20,32809556951,g3t1_4,,running
Status,21,32818174512,g3t1_4,,success
Status,22,33808842635,g3t1_4,,running
Status,23,33815694264,g3t1_4,,success
Status,24,34808244838,g3t1_4,,running
Status,25,34814373279,g3t1_4,,success
Status,26,35809561566,g3t1_4,,running
Status,27,45154227412,g3t1_4,,success
Status,28,45154287161,g3t1_4,,running
Status,29,55152436873,g3t1_4,,success
Status,30,55152510285,g3t1_4,,running
Status,81,65151956493,g3t1_4,,success
Status,82,65152028612,g3t1_4,,running
Status,133,75151669396,g3t1_4,,success
Status,134,75151740486,g3t1_4,,running
Status,178,83636341800,g3t1_2,,init
Status,179,83646119774,g3t1_2,,init
Status,180,83646191246,g3t1_2,,running
Status,189,85148158101,g3t1_2,,success
Status,190,85148484254,g3t1_2,,running
Status,191,85149426964,g3t1_4,,success
Status,192,85149447251,g3t1_4,,running
Status,218,90148053404,g3t1_2,,success
Status,219,90148417280,g3t1_2,,running
Status,223,90707765688,g4t1,,success
Status,246,95147734092,g3t1_2,,success
Status,247,95147804163,g3t1_2,,running
Status,248,95153266655,g3t1_4,,success
Status,249,95153307440,g3t1_4,,running
Status,253,95707787406,g4t1,,success
Status,259,96707826715,g4t1,,success
Status,277,100147142695,g3t1_2,,success
Status,278,100147207083,g3t1_2,,running
Status,282,100708082617,g4t1,,success
Status,288,101708612520,g4t1,,success
Status,294,102708625389,g4t1,,success
Status,307,105147039354,g3t1_2,,success
Status,308,105147387120,g3t1_2,,running
Status,309,105153105163,g3t1_4,,success
Status,310,105153145771,g3t1_4,,running
Status,314,105708648281,g4t1,,success
Status,320,106708798708,g4t1,,success
Status,326,107708762287,g4t1,,success
Status,332,108708835237,g4t1,,success
Status,340,110146937290,g3t1_2,,success
Status,341,110147565039,g3t1_2,,running
Status,345,110709334211,g4t1,,success
Status,348,110877818084,g3t1_2,,status
Status,353,111709204716,g4t1,,success
Status,359,112709247917,g4t1,,success
Status,365,113709463214,g4t1,,success
Status,371,114709401207,g4t1,,success
