
Status,2,20603667937,/g4t1,,init
Status,3,25615165093,/g3t1_2,,init
Status,5,25629756700,/g3t1_2,,init
Status,6,25629783798,/g3t1_2,,running
Status,7,25631749573,/g3t1_2,,success
Status,8,25829937714,/g3t1_2,,running
Status,9,25830999350,/g3t1_2,,success
Status,10,26030042720,/g3t1_2,,running
Status,11,26031011521,/g3t1_2,,success
Status,12,26230128649,/g3t1_2,,running
Status,13,26231154993,/g3t1_2,,success
Status,14,26430242286,/g3t1_2,,running
Status,15,26431189411,/g3t1_2,,success
Status,16,26625623824,/g4t1,,success
Status,17,26630323419,/g3t1_2,,running
Status,18,26631295200,/g3t1_2,,success
Status,19,26830470444,/g3t1_2,,running
Status,20,26831462796,/g3t1_2,,success
Status,21,27030543444,/g3t1_2,,running
Status,22,27031471924,/g3t1_2,,success
Status,23,27230659331,/g3t1_2,,running
Status,24,27231716504,/g3t1_2,,success
Status,25,27430972335,/g3t1_2,,running
Status,26,27432945680,/g3t1_2,,success
Status,27,27625657135,/g4t1,,success
Status,28,27630812142,/g3t1_2,,running
Status,29,27631792433,/g3t1_2,,success
Status,30,27830875002,/g3t1_2,,running
Status,31,27832032566,/g3t1_2,,success
Status,32,28030971705,/g3t1_2,,running
Status,33,28031903618,/g3t1_2,,success
Status,34,28231069069,/g3t1_2,,running
Status,35,28232003931,/g3t1_2,,success
Status,36,28431181052,/g3t1_2,,running
Status,37,28432143036,/g3t1_2,,success
Status,38,28625906240,/g4t1,,success
Status,39,28631292577,/g3t1_2,,running
Status,40,28632281266,/g3t1_2,,success
Status,41,28831383617,/g3t1_2,,running
Status,42,28832360917,/g3t1_2,,success
Status,43,29031466391,/g3t1_2,,running
Status,44,29032431043,/g3t1_2,,success
Status,45,29231535143,/g3t1_2,,running
Status,46,29232544005,/g3t1_2,,success
Status,47,29431700376,/g3t1_2,,running
Status,48,29432624439,/g3t1_2,,success
Status,49,29626001871,/g4t1,,success
Status,50,29631739716,/g3t1_2,,running
Status,51,29632729704,/g3t1_2,,success
Status,52,29831863310,/g3t1_2,,running
Status,53,29832837433,/g3t1_2,,success
Status,54,30031963905,/g3t1_2,,running
Status,55,30032922071,/g3t1_2,,success
Status,56,30232032199,/g3t1_2,,running
Status,57,30233054726,/g3t1_2,,success
Status,58,30432134853,/g3t1_2,,running
Status,59,30433253820,/g3t1_2,,success
Status,60,30626081098,/g4t1,,success
Status,61,30632124831,/g3t1_2,,running
Status,62,30633097173,/g3t1_2,,success
Status,63,30832267389,/g3t1_2,,running
Status,64,30833284965,/g3t1_2,,success
Status,65,31032424682,/g3t1_2,,running
Status,66,31033397727,/g3t1_2,,success
Status,67,31232500722,/g3t1_2,,running
Status,68,31233490254,/g3t1_2,,success
Status,69,31432638705,/g3t1_2,,running
Status,70,31433582822,/g3t1_2,,success
Status,71,31626240393,/g4t1,,success
Status,72,31632787553,/g3t1_2,,running
Status,73,31633785626,/g3t1_2,,success
Status,74,31832881209,/g3t1_2,,running
Status,75,31833823668,/g3t1_2,,success
Status,76,32032986080,/g3t1_2,,running
Status,77,32033924685,/g3t1_2,,success
Status,78,32233090865,/g3t1_2,,running
Status,79,32234142002,/g3t1_2,,success
Status,80,32433189701,/g3t1_2,,running
Status,81,32434264545,/g3t1_2,,success
Status,82,32626407490,/g4t1,,success
Status,83,32633266949,/g3t1_2,,running
Status,84,32634130314,/g3t1_2,,success
Status,85,32833364167,/g3t1_2,,running
Status,86,32833627206,/g3t1_2,,success
Status,87,33034568466,/g3t1_2,,running
Status,88,33035702747,/g3t1_2,,success
Status,89,33233963217,/g3t1_2,,running
Status,90,33234351099,/g3t1_2,,success
