<<<<<<< HEAD
=======

2021-01-16T04:09:05.630920,1,ecg,collected
2021-01-16T04:09:05.631985,1,ecg,sent
2021-01-16T04:09:06.625233,2,ecg,collected
2021-01-16T04:09:06.625855,2,ecg,sent
2021-01-16T04:09:07.625397,3,ecg,collected
2021-01-16T04:09:07.625928,3,ecg,sent
2021-01-16T04:09:08.625577,4,ecg,collected
2021-01-16T04:09:08.626001,4,ecg,sent
2021-01-16T04:09:09.624294,5,ecg,collected
2021-01-16T04:09:09.624698,5,ecg,sent
2021-01-16T04:09:10.624639,6,ecg,collected
2021-01-16T04:09:10.625085,6,ecg,sent
2021-01-16T04:09:11.625361,7,ecg,collected
2021-01-16T04:09:11.625615,7,ecg,sent
2021-01-16T04:09:12.624373,8,ecg,collected
2021-01-16T04:09:12.624775,8,ecg,sent
2021-01-16T04:09:13.624666,9,ecg,collected
2021-01-16T04:09:13.625350,9,ecg,sent
2021-01-16T04:09:14.624366,10,ecg,collected
2021-01-16T04:09:14.624787,10,ecg,sent
2021-01-16T04:09:15.624993,11,ecg,collected
2021-01-16T04:09:15.625366,11,ecg,sent
2021-01-16T04:09:16.625185,12,ecg,collected
2021-01-16T04:09:16.625490,12,ecg,sent
2021-01-16T04:09:17.625273,13,ecg,collected
2021-01-16T04:09:17.625604,13,ecg,sent
2021-01-16T04:09:18.624800,14,ecg,collected
2021-01-16T04:09:18.625082,14,ecg,sent
2021-01-16T04:09:19.625486,15,ecg,collected
2021-01-16T04:09:19.625901,15,ecg,sent
2021-01-16T04:09:20.625430,16,ecg,collected
2021-01-16T04:09:20.625787,16,ecg,sent
2021-01-16T04:09:21.625680,17,ecg,collected
2021-01-16T04:09:21.626130,17,ecg,sent
2021-01-16T04:09:22.625515,18,ecg,collected
2021-01-16T04:09:22.625914,18,ecg,sent
2021-01-16T04:09:23.625047,19,ecg,collected
2021-01-16T04:09:23.625583,19,ecg,sent
2021-01-16T04:09:24.624674,20,ecg,collected
2021-01-16T04:09:24.625483,20,ecg,sent
2021-01-16T04:09:25.624327,21,ecg,collected
2021-01-16T04:09:25.624914,21,ecg,sent
2021-01-16T04:09:26.624920,22,ecg,collected
2021-01-16T04:09:26.625321,22,ecg,sent
2021-01-16T04:09:27.624939,23,ecg,collected
2021-01-16T04:09:27.625468,23,ecg,sent
2021-01-16T04:09:28.624400,24,ecg,collected
2021-01-16T04:09:28.624761,24,ecg,sent
2021-01-16T04:09:29.624520,25,ecg,collected
2021-01-16T04:09:29.624924,25,ecg,sent
2021-01-16T04:09:30.624402,26,ecg,collected
2021-01-16T04:09:30.624990,26,ecg,sent
2021-01-16T04:09:31.624540,27,ecg,collected
2021-01-16T04:09:31.624978,27,ecg,sent
2021-01-16T04:09:32.624731,28,ecg,collected
2021-01-16T04:09:32.625277,28,ecg,sent
2021-01-16T04:09:33.625323,29,ecg,collected
2021-01-16T04:09:33.625794,29,ecg,sent
2021-01-16T04:09:34.622706,30,ecg,collected
2021-01-16T04:09:34.622865,30,ecg,sent
2021-01-16T04:09:35.625192,31,ecg,collected
2021-01-16T04:09:35.625702,31,ecg,sent
2021-01-16T04:09:36.625735,32,ecg,collected
2021-01-16T04:09:36.626131,32,ecg,sent
2021-01-16T04:09:37.623620,33,ecg,collected
2021-01-16T04:09:37.623915,33,ecg,sent
2021-01-16T04:09:38.624934,34,ecg,collected
2021-01-16T04:09:39.625009,35,ecg,collected
2021-01-16T04:09:39.625605,35,ecg,sent
2021-01-16T04:09:40.625120,36,ecg,collected
2021-01-16T04:09:40.625528,36,ecg,sent
2021-01-16T04:09:41.625019,37,ecg,collected
2021-01-16T04:09:42.625568,38,ecg,collected
2021-01-16T04:09:43.624474,39,ecg,collected
2021-01-16T04:09:43.625824,39,ecg,sent
2021-01-16T04:09:44.624369,40,ecg,collected
2021-01-16T04:09:44.624795,40,ecg,sent
2021-01-16T04:09:45.623625,41,ecg,collected
2021-01-16T04:09:45.624000,41,ecg,sent
2021-01-16T04:09:46.624753,42,ecg,collected
2021-01-16T04:09:46.625187,42,ecg,sent
2021-01-16T04:09:47.624693,43,ecg,collected
2021-01-16T04:09:47.625005,43,ecg,sent
2021-01-16T04:09:48.624643,44,ecg,collected
2021-01-16T04:09:49.624231,45,ecg,collected
2021-01-16T04:09:49.624715,45,ecg,sent
2021-01-16T04:09:50.624007,46,ecg,collected
2021-01-16T04:09:50.624421,46,ecg,sent
2021-01-16T04:09:51.624011,47,ecg,collected
2021-01-16T04:09:51.624344,47,ecg,sent
2021-01-16T04:09:52.624484,48,ecg,collected
2021-01-16T04:09:52.624944,48,ecg,sent
2021-01-16T04:09:53.623547,49,ecg,collected
2021-01-16T04:09:53.623899,49,ecg,sent
2021-01-16T04:09:54.624551,50,ecg,collected
2021-01-16T04:09:54.624869,50,ecg,sent
2021-01-16T04:09:55.623519,51,ecg,collected
2021-01-16T04:09:55.623788,51,ecg,sent
2021-01-16T04:09:56.624319,52,ecg,collected
2021-01-16T04:09:56.624914,52,ecg,sent
2021-01-16T04:09:57.624870,53,ecg,collected
2021-01-16T04:09:57.625102,53,ecg,sent
2021-01-16T04:09:58.623918,54,ecg,collected
2021-01-16T04:09:58.624200,54,ecg,sent
2021-01-16T04:09:59.624261,55,ecg,collected
2021-01-16T04:09:59.624604,55,ecg,sent
2021-01-16T04:10:00.625488,56,ecg,collected
2021-01-16T04:10:00.625834,56,ecg,sent
2021-01-16T04:10:01.623368,57,ecg,collected
2021-01-16T04:10:01.623785,57,ecg,sent
2021-01-16T04:10:02.623930,58,ecg,collected
2021-01-16T04:10:02.624212,58,ecg,sent
2021-01-16T04:10:03.623560,59,ecg,collected
2021-01-16T04:10:03.623904,59,ecg,sent
2021-01-16T04:10:04.624360,60,ecg,collected
2021-01-16T04:10:04.624714,60,ecg,sent
2021-01-16T04:10:05.624444,61,ecg,collected
2021-01-16T04:10:05.624766,61,ecg,sent
2021-01-16T04:10:06.623803,62,ecg,collected
2021-01-16T04:10:06.624272,62,ecg,sent
2021-01-16T04:10:07.623314,63,ecg,collected
2021-01-16T04:10:08.623859,64,ecg,collected
2021-01-16T04:10:08.624323,64,ecg,sent
2021-01-16T04:10:09.623506,65,ecg,collected
2021-01-16T04:10:10.625230,66,ecg,collected
2021-01-16T04:10:10.625577,66,ecg,sent
2021-01-16T04:10:11.624224,67,ecg,collected
2021-01-16T04:10:11.624486,67,ecg,sent
2021-01-16T04:10:12.624067,68,ecg,collected
2021-01-16T04:10:12.624420,68,ecg,sent
2021-01-16T04:10:13.624902,69,ecg,collected
2021-01-16T04:10:14.624718,70,ecg,collected
2021-01-16T04:10:14.625076,70,ecg,sent
2021-01-16T04:10:15.622892,71,ecg,collected
2021-01-16T04:10:15.623133,71,ecg,sent
2021-01-16T04:10:16.623852,72,ecg,collected
2021-01-16T04:10:16.624193,72,ecg,sent
2021-01-16T04:10:17.624373,73,ecg,collected
2021-01-16T04:10:17.625116,73,ecg,sent
2021-01-16T04:10:18.623822,74,ecg,collected
2021-01-16T04:10:18.624419,74,ecg,sent
2021-01-16T04:10:19.623192,75,ecg,collected
2021-01-16T04:10:20.623740,76,ecg,collected
2021-01-16T04:10:20.624062,76,ecg,sent
2021-01-16T04:10:21.623694,77,ecg,collected
2021-01-16T04:10:21.623944,77,ecg,sent
2021-01-16T04:10:22.624029,78,ecg,collected
2021-01-16T04:10:22.624334,78,ecg,sent
2021-01-16T04:10:23.623527,79,ecg,collected
2021-01-16T04:10:23.623773,79,ecg,sent
2021-01-16T04:10:24.623619,80,ecg,collected
2021-01-16T04:10:25.623194,81,ecg,collected
2021-01-16T04:10:25.623388,81,ecg,sent
2021-01-16T04:10:26.625367,82,ecg,collected
2021-01-16T04:10:26.626013,82,ecg,sent
2021-01-16T04:10:27.623246,83,ecg,collected
2021-01-16T04:10:27.623549,83,ecg,sent
2021-01-16T04:10:28.623685,84,ecg,collected
2021-01-16T04:10:28.623875,84,ecg,sent
2021-01-16T04:10:29.622901,85,ecg,collected
2021-01-16T04:10:29.623114,85,ecg,sent
2021-01-16T04:10:30.623211,86,ecg,collected
2021-01-16T04:10:30.623428,86,ecg,sent
2021-01-16T04:10:31.623407,87,ecg,collected
2021-01-16T04:10:31.623614,87,ecg,sent
2021-01-16T04:10:32.624275,88,ecg,collected
2021-01-16T04:10:33.623375,89,ecg,collected
2021-01-16T04:10:33.623600,89,ecg,sent
2021-01-16T04:10:34.623794,90,ecg,collected
2021-01-16T04:10:34.624046,90,ecg,sent
2021-01-16T04:10:35.623273,91,ecg,collected
2021-01-16T04:10:35.623475,91,ecg,sent
2021-01-16T04:10:36.623255,92,ecg,collected
2021-01-16T04:10:36.623432,92,ecg,sent
2021-01-16T04:10:37.624791,93,ecg,collected
2021-01-16T04:10:37.627502,93,ecg,sent
2021-01-16T04:10:38.623372,94,ecg,collected
2021-01-16T04:10:38.623587,94,ecg,sent
2021-01-16T04:10:39.623361,95,ecg,collected
2021-01-16T04:10:40.625796,96,ecg,collected
2021-01-16T04:10:40.626142,96,ecg,sent
2021-01-16T04:10:41.625481,97,ecg,collected
2021-01-16T04:10:42.623140,98,ecg,collected
2021-01-16T04:10:42.623432,98,ecg,sent
2021-01-16T04:10:43.623218,99,ecg,collected
2021-01-16T04:10:44.626516,100,ecg,collected
2021-01-16T04:10:44.626939,100,ecg,sent
2021-01-16T04:10:45.628109,101,ecg,collected
2021-01-16T04:10:45.628584,101,ecg,sent
2021-01-16T04:10:46.624440,102,ecg,collected
2021-01-16T04:10:47.625276,103,ecg,collected
2021-01-16T04:10:47.628116,103,ecg,sent
2021-01-16T04:10:48.622765,104,ecg,collected
2021-01-16T04:10:48.623013,104,ecg,sent
2021-01-16T04:10:49.626176,105,ecg,collected
2021-01-16T04:10:49.626416,105,ecg,sent
2021-01-16T04:10:50.624470,106,ecg,collected
2021-01-16T04:10:51.625145,107,ecg,collected
2021-01-16T04:10:52.623296,108,ecg,collected
2021-01-16T04:10:53.625510,109,ecg,collected
2021-01-16T04:10:53.625946,109,ecg,sent
2021-01-16T04:10:54.625463,110,ecg,collected
2021-01-16T04:10:54.625975,110,ecg,sent
2021-01-16T04:10:55.625756,111,ecg,collected
2021-01-16T04:10:55.625981,111,ecg,sent
2021-01-16T04:10:56.624993,112,ecg,collected
2021-01-16T04:10:56.625167,112,ecg,sent
2021-01-16T04:10:57.624937,113,ecg,collected
2021-01-16T04:10:57.625282,113,ecg,sent
2021-01-16T04:10:58.624667,114,ecg,collected
2021-01-16T04:10:58.625118,114,ecg,sent
2021-01-16T04:10:59.625728,115,ecg,collected
2021-01-16T04:10:59.626067,115,ecg,sent
2021-01-16T04:11:00.620671,0,ecg,off
2021-01-16T04:11:18.620576,0,ecg,on
2021-01-16T04:11:18.623158,116,ecg,collected
2021-01-16T04:11:18.623447,116,ecg,sent
2021-01-16T04:11:19.622729,117,ecg,collected
2021-01-16T04:11:19.622975,117,ecg,sent
2021-01-16T04:11:20.625053,118,ecg,collected
2021-01-16T04:11:20.625321,118,ecg,sent
2021-01-16T04:11:21.622664,119,ecg,collected
2021-01-16T04:11:22.623845,120,ecg,collected
2021-01-16T04:11:22.624093,120,ecg,sent
2021-01-16T04:11:23.622356,121,ecg,collected
2021-01-16T04:11:24.623203,122,ecg,collected
2021-01-16T04:11:24.623352,122,ecg,sent
2021-01-16T04:11:25.623413,123,ecg,collected
2021-01-16T04:11:25.623767,123,ecg,sent
2021-01-16T04:11:26.622681,124,ecg,collected
2021-01-16T04:11:26.622860,124,ecg,sent
2021-01-16T04:11:27.625089,125,ecg,collected
2021-01-16T04:11:28.625619,126,ecg,collected
2021-01-16T04:11:29.625261,127,ecg,collected
2021-01-16T04:11:29.625946,127,ecg,sent
2021-01-16T04:11:30.624738,128,ecg,collected
2021-01-16T04:11:30.625237,128,ecg,sent
2021-01-16T04:11:31.624713,129,ecg,collected
2021-01-16T04:11:31.625122,129,ecg,sent
2021-01-16T04:11:32.624400,130,ecg,collected
2021-01-16T04:11:33.625092,131,ecg,collected
2021-01-16T04:11:33.625470,131,ecg,sent
2021-01-16T04:11:34.625612,132,ecg,collected
2021-01-16T04:11:34.626021,132,ecg,sent
2021-01-16T04:11:35.624932,133,ecg,collected
2021-01-16T04:11:35.625493,133,ecg,sent
2021-01-16T04:11:36.624891,134,ecg,collected
2021-01-16T04:11:36.625308,134,ecg,sent
2021-01-16T04:11:37.625569,135,ecg,collected
2021-01-16T04:11:37.625978,135,ecg,sent
2021-01-16T04:11:38.625484,136,ecg,collected
2021-01-16T04:11:39.625456,137,ecg,collected
2021-01-16T04:11:39.625806,137,ecg,sent
2021-01-16T04:11:40.625062,138,ecg,collected
2021-01-16T04:11:40.628068,138,ecg,sent
2021-01-16T04:11:41.625404,139,ecg,collected
2021-01-16T04:11:41.625873,139,ecg,sent
2021-01-16T04:11:42.625069,140,ecg,collected
2021-01-16T04:11:42.625698,140,ecg,sent
2021-01-16T04:11:43.624518,141,ecg,collected
2021-01-16T04:11:43.624948,141,ecg,sent
2021-01-16T04:11:44.625246,142,ecg,collected
2021-01-16T04:11:44.625670,142,ecg,sent
2021-01-16T04:11:45.625226,143,ecg,collected
2021-01-16T04:11:45.625692,143,ecg,sent
2021-01-16T04:11:46.624688,144,ecg,collected
2021-01-16T04:11:46.625233,144,ecg,sent
2021-01-16T04:11:47.625037,145,ecg,collected
2021-01-16T04:11:47.625513,145,ecg,sent
2021-01-16T04:11:48.625721,146,ecg,collected
2021-01-16T04:11:49.625090,147,ecg,collected
2021-01-16T04:11:49.625564,147,ecg,sent
2021-01-16T04:11:50.624683,148,ecg,collected
2021-01-16T04:11:51.625362,149,ecg,collected
2021-01-16T04:11:51.625786,149,ecg,sent
2021-01-16T04:11:52.625338,150,ecg,collected
2021-01-16T04:11:53.624491,151,ecg,collected
2021-01-16T04:11:53.624852,151,ecg,sent
2021-01-16T04:11:54.624512,152,ecg,collected
2021-01-16T04:11:54.625026,152,ecg,sent
2021-01-16T04:11:55.625335,153,ecg,collected
2021-01-16T04:11:55.625747,153,ecg,sent
2021-01-16T04:11:56.625538,154,ecg,collected
2021-01-16T04:11:57.624584,155,ecg,collected
2021-01-16T04:11:57.624947,155,ecg,sent
2021-01-16T04:11:58.625113,156,ecg,collected
2021-01-16T04:11:58.625749,156,ecg,sent
2021-01-16T04:11:59.625307,157,ecg,collected
2021-01-16T04:11:59.625814,157,ecg,sent
2021-01-16T04:12:00.624489,158,ecg,collected
2021-01-16T04:12:00.624938,158,ecg,sent
2021-01-16T04:12:01.624747,159,ecg,collected
2021-01-16T04:12:01.625128,159,ecg,sent
2021-01-16T04:12:02.624988,160,ecg,collected
2021-01-16T04:12:03.625452,161,ecg,collected
2021-01-16T04:12:03.625803,161,ecg,sent
2021-01-16T04:12:04.623746,162,ecg,collected
2021-01-16T04:12:04.624117,162,ecg,sent
2021-01-16T04:12:05.625289,163,ecg,collected
2021-01-16T04:12:05.625749,163,ecg,sent
2021-01-16T04:12:06.625622,164,ecg,collected
2021-01-16T04:12:06.626046,164,ecg,sent
2021-01-16T04:12:07.624872,165,ecg,collected
2021-01-16T04:12:08.625349,166,ecg,collected
2021-01-16T04:12:08.625740,166,ecg,sent
2021-01-16T04:12:09.624798,167,ecg,collected
2021-01-16T04:12:09.625074,167,ecg,sent
2021-01-16T04:12:10.625185,168,ecg,collected
2021-01-16T04:12:10.625605,168,ecg,sent
2021-01-16T04:12:11.624845,169,ecg,collected
2021-01-16T04:12:12.624622,170,ecg,collected
2021-01-16T04:12:13.623074,171,ecg,collected
2021-01-16T04:12:13.623816,171,ecg,sent
2021-01-16T04:12:14.623186,172,ecg,collected
2021-01-16T04:12:14.623762,172,ecg,sent
>>>>>>> 841b4bce2b3b194bed65fd3262e28e2bf056e024
