<<<<<<< HEAD
=======

2021-01-16T04:09:05.242883,1,oximeter,collected
2021-01-16T04:09:05.244297,1,oximeter,sent
2021-01-16T04:09:06.222289,2,oximeter,collected
2021-01-16T04:09:06.222721,2,oximeter,sent
2021-01-16T04:09:07.222101,3,oximeter,collected
2021-01-16T04:09:07.222466,3,oximeter,sent
2021-01-16T04:09:08.222464,4,oximeter,collected
2021-01-16T04:09:08.222704,4,oximeter,sent
2021-01-16T04:09:09.222307,5,oximeter,collected
2021-01-16T04:09:09.222605,5,oximeter,sent
2021-01-16T04:09:10.223747,6,oximeter,collected
2021-01-16T04:09:10.224148,6,oximeter,sent
2021-01-16T04:09:11.222818,7,oximeter,collected
2021-01-16T04:09:11.223281,7,oximeter,sent
2021-01-16T04:09:12.222557,8,oximeter,collected
2021-01-16T04:09:12.223104,8,oximeter,sent
2021-01-16T04:09:13.223425,9,oximeter,collected
2021-01-16T04:09:13.223865,9,oximeter,sent
2021-01-16T04:09:14.222684,10,oximeter,collected
2021-01-16T04:09:14.223216,10,oximeter,sent
2021-01-16T04:09:15.223341,11,oximeter,collected
2021-01-16T04:09:15.223738,11,oximeter,sent
2021-01-16T04:09:16.222417,12,oximeter,collected
2021-01-16T04:09:16.222858,12,oximeter,sent
2021-01-16T04:09:17.222635,13,oximeter,collected
2021-01-16T04:09:17.223260,13,oximeter,sent
2021-01-16T04:09:18.223225,14,oximeter,collected
2021-01-16T04:09:18.223670,14,oximeter,sent
2021-01-16T04:09:19.223293,15,oximeter,collected
2021-01-16T04:09:19.223683,15,oximeter,sent
2021-01-16T04:09:20.222793,16,oximeter,collected
2021-01-16T04:09:20.223209,16,oximeter,sent
2021-01-16T04:09:21.222839,17,oximeter,collected
2021-01-16T04:09:21.223285,17,oximeter,sent
2021-01-16T04:09:22.222863,18,oximeter,collected
2021-01-16T04:09:22.223413,18,oximeter,sent
2021-01-16T04:09:23.222537,19,oximeter,collected
2021-01-16T04:09:23.222992,19,oximeter,sent
2021-01-16T04:09:24.223048,20,oximeter,collected
2021-01-16T04:09:24.223460,20,oximeter,sent
2021-01-16T04:09:25.222828,21,oximeter,collected
2021-01-16T04:09:25.223338,21,oximeter,sent
2021-01-16T04:09:26.221942,22,oximeter,collected
2021-01-16T04:09:26.222333,22,oximeter,sent
2021-01-16T04:09:27.222815,23,oximeter,collected
2021-01-16T04:09:27.223224,23,oximeter,sent
2021-01-16T04:09:28.222152,24,oximeter,collected
2021-01-16T04:09:28.222587,24,oximeter,sent
2021-01-16T04:09:29.222277,25,oximeter,collected
2021-01-16T04:09:29.222822,25,oximeter,sent
2021-01-16T04:09:30.223066,26,oximeter,collected
2021-01-16T04:09:30.223446,26,oximeter,sent
2021-01-16T04:09:31.222710,27,oximeter,collected
2021-01-16T04:09:31.223313,27,oximeter,sent
2021-01-16T04:09:32.222225,28,oximeter,collected
2021-01-16T04:09:32.222633,28,oximeter,sent
2021-01-16T04:09:33.222288,29,oximeter,collected
2021-01-16T04:09:33.222731,29,oximeter,sent
2021-01-16T04:09:34.221075,30,oximeter,collected
2021-01-16T04:09:34.221231,30,oximeter,sent
2021-01-16T04:09:35.222668,31,oximeter,collected
2021-01-16T04:09:35.223016,31,oximeter,sent
2021-01-16T04:09:36.223656,32,oximeter,collected
2021-01-16T04:09:37.223887,33,oximeter,collected
2021-01-16T04:09:38.223594,34,oximeter,collected
2021-01-16T04:09:39.220640,35,oximeter,collected
2021-01-16T04:09:39.220951,35,oximeter,sent
2021-01-16T04:09:40.223335,36,oximeter,collected
2021-01-16T04:09:41.222265,37,oximeter,collected
2021-01-16T04:09:42.222179,38,oximeter,collected
2021-01-16T04:09:42.222561,38,oximeter,sent
2021-01-16T04:09:43.220650,39,oximeter,collected
2021-01-16T04:09:43.220914,39,oximeter,sent
2021-01-16T04:09:44.223394,40,oximeter,collected
2021-01-16T04:09:44.223770,40,oximeter,sent
2021-01-16T04:09:45.221854,41,oximeter,collected
2021-01-16T04:09:45.222335,41,oximeter,sent
2021-01-16T04:09:46.221056,42,oximeter,collected
2021-01-16T04:09:46.221334,42,oximeter,sent
2021-01-16T04:09:47.223769,43,oximeter,collected
2021-01-16T04:09:47.224320,43,oximeter,sent
2021-01-16T04:09:48.221779,44,oximeter,collected
2021-01-16T04:09:49.223098,45,oximeter,collected
2021-01-16T04:09:49.223514,45,oximeter,sent
2021-01-16T04:09:50.223282,46,oximeter,collected
2021-01-16T04:09:50.223688,46,oximeter,sent
2021-01-16T04:09:51.222850,47,oximeter,collected
2021-01-16T04:09:51.223210,47,oximeter,sent
2021-01-16T04:09:52.221629,48,oximeter,collected
2021-01-16T04:09:52.221922,48,oximeter,sent
2021-01-16T04:09:53.221060,49,oximeter,collected
2021-01-16T04:09:53.221300,49,oximeter,sent
2021-01-16T04:09:54.222496,50,oximeter,collected
2021-01-16T04:09:55.221280,51,oximeter,collected
2021-01-16T04:09:55.221714,51,oximeter,sent
2021-01-16T04:09:56.222751,52,oximeter,collected
2021-01-16T04:09:56.223139,52,oximeter,sent
2021-01-16T04:09:57.221686,53,oximeter,collected
2021-01-16T04:09:57.221976,53,oximeter,sent
2021-01-16T04:09:58.222894,54,oximeter,collected
2021-01-16T04:09:58.223231,54,oximeter,sent
2021-01-16T04:09:59.222499,55,oximeter,collected
2021-01-16T04:09:59.223009,55,oximeter,sent
2021-01-16T04:10:00.221090,56,oximeter,collected
2021-01-16T04:10:00.221479,56,oximeter,sent
2021-01-16T04:10:01.221655,57,oximeter,collected
2021-01-16T04:10:01.222030,57,oximeter,sent
2021-01-16T04:10:02.222678,58,oximeter,collected
2021-01-16T04:10:02.223166,58,oximeter,sent
2021-01-16T04:10:03.222123,59,oximeter,collected
2021-01-16T04:10:04.222365,60,oximeter,collected
2021-01-16T04:10:04.222641,60,oximeter,sent
2021-01-16T04:10:05.220993,61,oximeter,collected
2021-01-16T04:10:06.222620,62,oximeter,collected
2021-01-16T04:10:06.222883,62,oximeter,sent
2021-01-16T04:10:07.222160,63,oximeter,collected
2021-01-16T04:10:07.222466,63,oximeter,sent
2021-01-16T04:10:08.222998,64,oximeter,collected
2021-01-16T04:10:08.223617,64,oximeter,sent
2021-01-16T04:10:09.222921,65,oximeter,collected
2021-01-16T04:10:10.222850,66,oximeter,collected
2021-01-16T04:10:10.223293,66,oximeter,sent
2021-01-16T04:10:11.223256,67,oximeter,collected
2021-01-16T04:10:11.223691,67,oximeter,sent
2021-01-16T04:10:12.221358,68,oximeter,collected
2021-01-16T04:10:13.223587,69,oximeter,collected
2021-01-16T04:10:13.223983,69,oximeter,sent
2021-01-16T04:10:14.222924,70,oximeter,collected
2021-01-16T04:10:14.223325,70,oximeter,sent
2021-01-16T04:10:15.222876,71,oximeter,collected
2021-01-16T04:10:16.221481,72,oximeter,collected
2021-01-16T04:10:16.221817,72,oximeter,sent
2021-01-16T04:10:17.222148,73,oximeter,collected
2021-01-16T04:10:17.222554,73,oximeter,sent
2021-01-16T04:10:18.222671,74,oximeter,collected
2021-01-16T04:10:19.221551,75,oximeter,collected
2021-01-16T04:10:20.222924,76,oximeter,collected
2021-01-16T04:10:21.222165,77,oximeter,collected
2021-01-16T04:10:21.222408,77,oximeter,sent
2021-01-16T04:10:22.222891,78,oximeter,collected
2021-01-16T04:10:23.222603,79,oximeter,collected
2021-01-16T04:10:23.223034,79,oximeter,sent
2021-01-16T04:10:24.224238,80,oximeter,collected
2021-01-16T04:10:25.222187,81,oximeter,collected
2021-01-16T04:10:25.222596,81,oximeter,sent
2021-01-16T04:10:26.223087,82,oximeter,collected
2021-01-16T04:10:26.223522,82,oximeter,sent
2021-01-16T04:10:27.222341,83,oximeter,collected
2021-01-16T04:10:27.222744,83,oximeter,sent
2021-01-16T04:10:28.222320,84,oximeter,collected
2021-01-16T04:10:28.222676,84,oximeter,sent
2021-01-16T04:10:29.222520,85,oximeter,collected
2021-01-16T04:10:29.222984,85,oximeter,sent
2021-01-16T04:10:30.222632,86,oximeter,collected
2021-01-16T04:10:30.223088,86,oximeter,sent
2021-01-16T04:10:31.222814,87,oximeter,collected
2021-01-16T04:10:31.223193,87,oximeter,sent
2021-01-16T04:10:32.223292,88,oximeter,collected
2021-01-16T04:10:32.223711,88,oximeter,sent
2021-01-16T04:10:33.223120,89,oximeter,collected
2021-01-16T04:10:33.223580,89,oximeter,sent
2021-01-16T04:10:34.222858,90,oximeter,collected
2021-01-16T04:10:34.223284,90,oximeter,sent
2021-01-16T04:10:35.223110,91,oximeter,collected
2021-01-16T04:10:35.223535,91,oximeter,sent
2021-01-16T04:10:36.222832,92,oximeter,collected
2021-01-16T04:10:36.223272,92,oximeter,sent
2021-01-16T04:10:37.222641,93,oximeter,collected
2021-01-16T04:10:38.223380,94,oximeter,collected
2021-01-16T04:10:39.222807,95,oximeter,collected
2021-01-16T04:10:39.223426,95,oximeter,sent
2021-01-16T04:10:40.222395,96,oximeter,collected
2021-01-16T04:10:40.222745,96,oximeter,sent
2021-01-16T04:10:41.222914,97,oximeter,collected
2021-01-16T04:10:41.223295,97,oximeter,sent
2021-01-16T04:10:42.222286,98,oximeter,collected
2021-01-16T04:10:42.222720,98,oximeter,sent
2021-01-16T04:10:43.222121,99,oximeter,collected
2021-01-16T04:10:44.222892,100,oximeter,collected
2021-01-16T04:10:45.222166,101,oximeter,collected
2021-01-16T04:10:45.222486,101,oximeter,sent
2021-01-16T04:10:46.223284,102,oximeter,collected
2021-01-16T04:10:46.223656,102,oximeter,sent
2021-01-16T04:10:47.222345,103,oximeter,collected
2021-01-16T04:10:47.222743,103,oximeter,sent
2021-01-16T04:10:48.222033,104,oximeter,collected
2021-01-16T04:10:48.222310,104,oximeter,sent
2021-01-16T04:10:49.222349,105,oximeter,collected
2021-01-16T04:10:49.222717,105,oximeter,sent
2021-01-16T04:10:50.222642,106,oximeter,collected
2021-01-16T04:10:50.223067,106,oximeter,sent
2021-01-16T04:10:51.222960,107,oximeter,collected
2021-01-16T04:10:51.223379,107,oximeter,sent
2021-01-16T04:10:52.222874,108,oximeter,collected
2021-01-16T04:10:52.223256,108,oximeter,sent
2021-01-16T04:10:53.222451,109,oximeter,collected
2021-01-16T04:10:53.222830,109,oximeter,sent
2021-01-16T04:10:54.223348,110,oximeter,collected
2021-01-16T04:10:54.223759,110,oximeter,sent
2021-01-16T04:10:55.222740,111,oximeter,collected
2021-01-16T04:10:56.223027,112,oximeter,collected
2021-01-16T04:10:57.222801,113,oximeter,collected
2021-01-16T04:10:57.223298,113,oximeter,sent
2021-01-16T04:10:58.222854,114,oximeter,collected
2021-01-16T04:10:59.222685,115,oximeter,collected
2021-01-16T04:10:59.223258,115,oximeter,sent
2021-01-16T04:11:00.222456,116,oximeter,collected
2021-01-16T04:11:00.223036,116,oximeter,sent
2021-01-16T04:11:01.222922,117,oximeter,collected
2021-01-16T04:11:01.223341,117,oximeter,sent
2021-01-16T04:11:02.222946,118,oximeter,collected
2021-01-16T04:11:02.223345,118,oximeter,sent
2021-01-16T04:11:03.222277,119,oximeter,collected
2021-01-16T04:11:03.222778,119,oximeter,sent
2021-01-16T04:11:04.223120,120,oximeter,collected
2021-01-16T04:11:05.222317,121,oximeter,collected
2021-01-16T04:11:05.222685,121,oximeter,sent
2021-01-16T04:11:06.222417,122,oximeter,collected
2021-01-16T04:11:07.223372,123,oximeter,collected
2021-01-16T04:11:07.223789,123,oximeter,sent
2021-01-16T04:11:08.222450,124,oximeter,collected
2021-01-16T04:11:08.222905,124,oximeter,sent
2021-01-16T04:11:09.222673,125,oximeter,collected
2021-01-16T04:11:09.224117,125,oximeter,sent
2021-01-16T04:11:10.220796,126,oximeter,collected
2021-01-16T04:11:11.220025,127,oximeter,collected
2021-01-16T04:11:11.220311,127,oximeter,sent
2021-01-16T04:11:12.220415,128,oximeter,collected
2021-01-16T04:11:13.222863,129,oximeter,collected
2021-01-16T04:11:13.223232,129,oximeter,sent
2021-01-16T04:11:14.220150,130,oximeter,collected
2021-01-16T04:11:14.220301,130,oximeter,sent
2021-01-16T04:11:15.220131,131,oximeter,collected
2021-01-16T04:11:15.220271,131,oximeter,sent
2021-01-16T04:11:16.220886,132,oximeter,collected
2021-01-16T04:11:16.221147,132,oximeter,sent
2021-01-16T04:11:17.221644,133,oximeter,collected
2021-01-16T04:11:17.221873,133,oximeter,sent
2021-01-16T04:11:18.221493,134,oximeter,collected
2021-01-16T04:11:19.220184,135,oximeter,collected
2021-01-16T04:11:19.220353,135,oximeter,sent
2021-01-16T04:11:20.221416,136,oximeter,collected
2021-01-16T04:11:20.221611,136,oximeter,sent
2021-01-16T04:11:21.221763,137,oximeter,collected
2021-01-16T04:11:22.221891,138,oximeter,collected
2021-01-16T04:11:22.222193,138,oximeter,sent
2021-01-16T04:11:23.221475,139,oximeter,collected
2021-01-16T04:11:24.221774,140,oximeter,collected
2021-01-16T04:11:24.222098,140,oximeter,sent
2021-01-16T04:11:25.221360,141,oximeter,collected
2021-01-16T04:11:26.220724,142,oximeter,collected
2021-01-16T04:11:26.220927,142,oximeter,sent
2021-01-16T04:11:27.221095,143,oximeter,collected
2021-01-16T04:11:27.221294,143,oximeter,sent
2021-01-16T04:11:28.222628,144,oximeter,collected
2021-01-16T04:11:28.223129,144,oximeter,sent
2021-01-16T04:11:29.222896,145,oximeter,collected
2021-01-16T04:11:29.223425,145,oximeter,sent
2021-01-16T04:11:30.223025,146,oximeter,collected
2021-01-16T04:11:31.222407,147,oximeter,collected
2021-01-16T04:11:31.222832,147,oximeter,sent
2021-01-16T04:11:32.222295,148,oximeter,collected
2021-01-16T04:11:33.222363,149,oximeter,collected
2021-01-16T04:11:33.222759,149,oximeter,sent
2021-01-16T04:11:34.222372,150,oximeter,collected
2021-01-16T04:11:34.222790,150,oximeter,sent
2021-01-16T04:11:35.222901,151,oximeter,collected
2021-01-16T04:11:35.223247,151,oximeter,sent
2021-01-16T04:11:36.223285,152,oximeter,collected
2021-01-16T04:11:36.223754,152,oximeter,sent
2021-01-16T04:11:37.222937,153,oximeter,collected
2021-01-16T04:11:38.222528,154,oximeter,collected
2021-01-16T04:11:38.223001,154,oximeter,sent
2021-01-16T04:11:39.223275,155,oximeter,collected
2021-01-16T04:11:40.222813,156,oximeter,collected
2021-01-16T04:11:41.223168,157,oximeter,collected
2021-01-16T04:11:41.223539,157,oximeter,sent
2021-01-16T04:11:42.223089,158,oximeter,collected
2021-01-16T04:11:42.223487,158,oximeter,sent
2021-01-16T04:11:43.222361,159,oximeter,collected
2021-01-16T04:11:43.222774,159,oximeter,sent
2021-01-16T04:11:44.223023,160,oximeter,collected
2021-01-16T04:11:45.222251,161,oximeter,collected
2021-01-16T04:11:46.222370,162,oximeter,collected
2021-01-16T04:11:46.222795,162,oximeter,sent
2021-01-16T04:11:47.223147,163,oximeter,collected
2021-01-16T04:11:47.223597,163,oximeter,sent
2021-01-16T04:11:48.223011,164,oximeter,collected
2021-01-16T04:11:48.223404,164,oximeter,sent
2021-01-16T04:11:49.222332,165,oximeter,collected
2021-01-16T04:11:49.222756,165,oximeter,sent
2021-01-16T04:11:50.222866,166,oximeter,collected
2021-01-16T04:11:51.222393,167,oximeter,collected
2021-01-16T04:11:51.222796,167,oximeter,sent
2021-01-16T04:11:52.222462,168,oximeter,collected
2021-01-16T04:11:52.222815,168,oximeter,sent
2021-01-16T04:11:53.222022,169,oximeter,collected
2021-01-16T04:11:53.222503,169,oximeter,sent
2021-01-16T04:11:54.222676,170,oximeter,collected
2021-01-16T04:11:54.223129,170,oximeter,sent
2021-01-16T04:11:55.222703,171,oximeter,collected
2021-01-16T04:11:55.223159,171,oximeter,sent
2021-01-16T04:11:56.222176,172,oximeter,collected
2021-01-16T04:11:57.223089,173,oximeter,collected
2021-01-16T04:11:58.222263,174,oximeter,collected
2021-01-16T04:11:58.222763,174,oximeter,sent
2021-01-16T04:11:59.222943,175,oximeter,collected
2021-01-16T04:11:59.223374,175,oximeter,sent
2021-01-16T04:12:00.222370,176,oximeter,collected
2021-01-16T04:12:00.222916,176,oximeter,sent
2021-01-16T04:12:01.222699,177,oximeter,collected
2021-01-16T04:12:01.223077,177,oximeter,sent
2021-01-16T04:12:02.223412,178,oximeter,collected
2021-01-16T04:12:02.223847,178,oximeter,sent
2021-01-16T04:12:03.218472,0,oximeter,off
>>>>>>> 841b4bce2b3b194bed65fd3262e28e2bf056e024
