
2021-01-17T06:04:36.498555,2,oximeter,processed
2021-01-17T06:04:36.498712,2,oximeter,detected
2021-01-17T06:04:36.498973,2,oximeter,persisted
2021-01-17T06:04:36.698595,2,ecg,processed
2021-01-17T06:04:36.698807,2,ecg,detected
2021-01-17T06:04:36.699012,2,ecg,persisted
2021-01-17T06:04:36.898673,2,thermometer,processed
2021-01-17T06:04:36.898848,2,thermometer,detected
2021-01-17T06:04:36.899203,2,thermometer,persisted
2021-01-17T06:04:37.298868,3,oximeter,processed
2021-01-17T06:04:37.298998,3,oximeter,detected
2021-01-17T06:04:37.299206,3,oximeter,persisted
2021-01-17T06:04:37.699020,3,ecg,processed
2021-01-17T06:04:37.699210,3,ecg,detected
2021-01-17T06:04:37.699468,3,ecg,persisted
2021-01-17T06:04:37.899089,3,thermometer,processed
2021-01-17T06:04:37.899256,3,thermometer,detected
2021-01-17T06:04:37.899546,3,thermometer,persisted
2021-01-17T06:04:38.299303,4,oximeter,processed
2021-01-17T06:04:38.299436,4,oximeter,detected
2021-01-17T06:04:38.299659,4,oximeter,persisted
2021-01-17T06:04:38.699442,4,ecg,processed
2021-01-17T06:04:38.699608,4,ecg,detected
2021-01-17T06:04:38.699834,4,ecg,persisted
2021-01-17T06:04:38.899559,4,thermometer,processed
2021-01-17T06:04:38.899771,4,thermometer,detected
2021-01-17T06:04:38.900150,4,thermometer,persisted
2021-01-17T06:04:39.299645,5,oximeter,processed
2021-01-17T06:04:39.299789,5,oximeter,detected
2021-01-17T06:04:39.300013,5,oximeter,persisted
2021-01-17T06:04:39.699785,5,ecg,processed
2021-01-17T06:04:39.699949,5,ecg,detected
2021-01-17T06:04:39.700164,5,ecg,persisted
2021-01-17T06:04:39.899861,5,thermometer,processed
2021-01-17T06:04:39.900032,5,thermometer,detected
2021-01-17T06:04:39.900233,5,thermometer,persisted
2021-01-17T06:04:40.300037,6,oximeter,processed
2021-01-17T06:04:40.300156,6,oximeter,detected
2021-01-17T06:04:40.300369,6,oximeter,persisted
2021-01-17T06:04:40.700296,6,ecg,processed
2021-01-17T06:04:40.700490,6,ecg,detected
2021-01-17T06:04:40.700728,6,ecg,persisted
2021-01-17T06:04:40.900282,6,thermometer,processed
2021-01-17T06:04:40.900452,6,thermometer,detected
2021-01-17T06:04:40.901049,6,thermometer,persisted
2021-01-17T06:04:41.300454,7,oximeter,processed
2021-01-17T06:04:41.300590,7,oximeter,detected
2021-01-17T06:04:41.300825,7,oximeter,persisted
2021-01-17T06:04:41.700598,7,ecg,processed
2021-01-17T06:04:41.700764,7,ecg,detected
2021-01-17T06:04:41.700972,7,ecg,persisted
2021-01-17T06:04:41.900714,7,thermometer,processed
2021-01-17T06:04:41.900893,7,thermometer,detected
2021-01-17T06:04:41.901151,7,thermometer,persisted
2021-01-17T06:04:42.300861,8,oximeter,processed
2021-01-17T06:04:42.300987,8,oximeter,detected
2021-01-17T06:04:42.301195,8,oximeter,persisted
2021-01-17T06:04:42.701015,8,ecg,processed
2021-01-17T06:04:42.701170,8,ecg,detected
2021-01-17T06:04:42.701389,8,ecg,persisted
2021-01-17T06:04:42.901170,8,thermometer,processed
2021-01-17T06:04:42.901395,8,thermometer,detected
2021-01-17T06:04:42.901613,8,thermometer,persisted
2021-01-17T06:04:43.301270,9,oximeter,processed
2021-01-17T06:04:43.301376,9,oximeter,detected
2021-01-17T06:04:43.301650,9,oximeter,persisted
2021-01-17T06:04:43.701509,9,ecg,processed
2021-01-17T06:04:43.701689,9,ecg,detected
2021-01-17T06:04:43.701974,9,ecg,persisted
2021-01-17T06:04:43.901582,9,thermometer,processed
2021-01-17T06:04:43.901796,9,thermometer,detected
2021-01-17T06:04:43.901986,9,thermometer,persisted
2021-01-17T06:04:44.301714,10,oximeter,processed
2021-01-17T06:04:44.301879,10,oximeter,detected
2021-01-17T06:04:44.302077,10,oximeter,persisted
2021-01-17T06:04:44.701865,10,ecg,processed
2021-01-17T06:04:44.702041,10,ecg,detected
2021-01-17T06:04:44.702261,10,ecg,persisted
2021-01-17T06:04:44.901951,10,thermometer,processed
2021-01-17T06:04:44.902107,10,thermometer,detected
2021-01-17T06:04:44.902327,10,thermometer,persisted
2021-01-17T06:04:45.302132,11,oximeter,processed
2021-01-17T06:04:45.302265,11,oximeter,detected
2021-01-17T06:04:45.302590,11,oximeter,persisted
2021-01-17T06:04:45.702298,11,ecg,processed
2021-01-17T06:04:45.702494,11,ecg,detected
2021-01-17T06:04:45.702724,11,ecg,persisted
2021-01-17T06:04:45.902431,11,thermometer,processed
2021-01-17T06:04:45.902648,11,thermometer,detected
2021-01-17T06:04:45.902873,11,thermometer,persisted
2021-01-17T06:04:46.302550,12,oximeter,processed
2021-01-17T06:04:46.302704,12,oximeter,detected
2021-01-17T06:04:46.302914,12,oximeter,persisted
2021-01-17T06:04:46.702729,12,ecg,processed
2021-01-17T06:04:46.702928,12,ecg,detected
2021-01-17T06:04:46.703149,12,ecg,persisted
2021-01-17T06:04:46.902814,12,thermometer,processed
2021-01-17T06:04:46.902955,12,thermometer,detected
2021-01-17T06:04:46.903147,12,thermometer,persisted
2021-01-17T06:04:47.302991,13,oximeter,processed
2021-01-17T06:04:47.303116,13,oximeter,detected
2021-01-17T06:04:47.303317,13,oximeter,persisted
2021-01-17T06:04:47.703191,13,ecg,processed
2021-01-17T06:04:47.703404,13,ecg,detected
2021-01-17T06:04:47.703653,13,ecg,persisted
2021-01-17T06:04:47.903330,13,thermometer,processed
2021-01-17T06:04:47.903526,13,thermometer,detected
2021-01-17T06:04:47.903919,13,thermometer,persisted
2021-01-17T06:04:48.303502,14,oximeter,processed
2021-01-17T06:04:48.303734,14,oximeter,detected
2021-01-17T06:04:48.304261,14,oximeter,persisted
2021-01-17T06:04:48.703566,14,ecg,processed
2021-01-17T06:04:48.703780,14,ecg,detected
2021-01-17T06:04:48.704017,14,ecg,persisted
2021-01-17T06:04:48.903692,14,thermometer,processed
2021-01-17T06:04:48.903845,14,thermometer,detected
2021-01-17T06:04:48.904029,14,thermometer,persisted
2021-01-17T06:04:49.303776,15,oximeter,processed
2021-01-17T06:04:49.303896,15,oximeter,detected
2021-01-17T06:04:49.304197,15,oximeter,persisted
2021-01-17T06:04:49.703948,15,ecg,processed
2021-01-17T06:04:49.704121,15,ecg,detected
2021-01-17T06:04:49.704329,15,ecg,persisted
2021-01-17T06:04:49.904023,15,thermometer,processed
2021-01-17T06:04:49.904192,15,thermometer,detected
2021-01-17T06:04:49.904399,15,thermometer,persisted
2021-01-17T06:04:50.304220,16,oximeter,processed
2021-01-17T06:04:50.304366,16,oximeter,detected
2021-01-17T06:04:50.304732,16,oximeter,persisted
2021-01-17T06:04:50.704451,16,ecg,processed
2021-01-17T06:04:50.704643,16,ecg,detected
2021-01-17T06:04:50.704848,16,ecg,persisted
2021-01-17T06:04:50.904477,16,thermometer,processed
2021-01-17T06:04:50.904632,16,thermometer,detected
2021-01-17T06:04:50.904863,16,thermometer,persisted
2021-01-17T06:04:51.304664,17,oximeter,processed
2021-01-17T06:04:51.304804,17,oximeter,detected
2021-01-17T06:04:51.305024,17,oximeter,persisted
2021-01-17T06:04:51.704802,17,ecg,processed
2021-01-17T06:04:51.704987,17,ecg,detected
2021-01-17T06:04:51.705204,17,ecg,persisted
2021-01-17T06:04:51.904882,17,thermometer,processed
2021-01-17T06:04:51.905071,17,thermometer,detected
2021-01-17T06:04:51.905285,17,thermometer,persisted
2021-01-17T06:04:52.305056,18,oximeter,processed
2021-01-17T06:04:52.305206,18,oximeter,detected
2021-01-17T06:04:52.305462,18,oximeter,persisted
2021-01-17T06:04:52.705212,18,ecg,processed
2021-01-17T06:04:52.705369,18,ecg,detected
2021-01-17T06:04:52.705580,18,ecg,persisted
2021-01-17T06:04:52.905313,18,thermometer,processed
2021-01-17T06:04:52.905481,18,thermometer,detected
2021-01-17T06:04:52.905697,18,thermometer,persisted
2021-01-17T06:04:53.305473,19,oximeter,processed
2021-01-17T06:04:53.305637,19,oximeter,detected
2021-01-17T06:04:53.305790,19,oximeter,persisted
2021-01-17T06:04:53.705670,19,ecg,processed
2021-01-17T06:04:53.705831,19,ecg,detected
2021-01-17T06:04:53.706049,19,ecg,persisted
2021-01-17T06:04:53.905834,19,thermometer,processed
2021-01-17T06:04:53.906059,19,thermometer,detected
2021-01-17T06:04:53.906475,19,thermometer,persisted
2021-01-17T06:04:54.305928,20,oximeter,processed
2021-01-17T06:04:54.306052,20,oximeter,detected
2021-01-17T06:04:54.306346,20,oximeter,persisted
2021-01-17T06:04:54.706104,20,ecg,processed
2021-01-17T06:04:54.706297,20,ecg,detected
2021-01-17T06:04:54.706537,20,ecg,persisted
2021-01-17T06:04:54.906275,20,thermometer,processed
2021-01-17T06:04:54.906446,20,thermometer,detected
2021-01-17T06:04:54.906648,20,thermometer,persisted
2021-01-17T06:04:55.306338,21,oximeter,processed
2021-01-17T06:04:55.306483,21,oximeter,detected
2021-01-17T06:04:55.306780,21,oximeter,persisted
2021-01-17T06:04:55.706537,21,ecg,processed
2021-01-17T06:04:55.706734,21,ecg,detected
2021-01-17T06:04:55.706948,21,ecg,persisted
2021-01-17T06:04:55.906614,21,thermometer,processed
2021-01-17T06:04:55.906816,21,thermometer,detected
2021-01-17T06:04:55.907050,21,thermometer,persisted
2021-01-17T06:04:56.306759,22,oximeter,processed
2021-01-17T06:04:56.306888,22,oximeter,detected
2021-01-17T06:04:56.307077,22,oximeter,persisted
2021-01-17T06:04:56.706929,22,ecg,processed
2021-01-17T06:04:56.707124,22,ecg,detected
2021-01-17T06:04:56.707368,22,ecg,persisted
2021-01-17T06:04:56.907030,22,thermometer,processed
2021-01-17T06:04:56.907226,22,thermometer,detected
2021-01-17T06:04:56.907460,22,thermometer,persisted
2021-01-17T06:04:57.307195,23,oximeter,processed
2021-01-17T06:04:57.307410,23,oximeter,detected
2021-01-17T06:04:57.307739,23,oximeter,persisted
2021-01-17T06:04:57.707369,23,ecg,processed
2021-01-17T06:04:57.707568,23,ecg,detected
2021-01-17T06:04:57.707817,23,ecg,persisted
2021-01-17T06:04:57.907505,23,thermometer,processed
2021-01-17T06:04:57.907692,23,thermometer,detected
2021-01-17T06:04:57.907920,23,thermometer,persisted
2021-01-17T06:04:58.307531,24,oximeter,processed
2021-01-17T06:04:58.307640,24,oximeter,detected
2021-01-17T06:04:58.307830,24,oximeter,persisted
2021-01-17T06:04:58.707710,24,ecg,processed
2021-01-17T06:04:58.707872,24,ecg,detected
2021-01-17T06:04:58.708106,24,ecg,persisted
2021-01-17T06:04:58.907821,24,thermometer,processed
2021-01-17T06:04:58.908050,24,thermometer,detected
2021-01-17T06:04:58.908285,24,thermometer,persisted
2021-01-17T06:04:59.307981,25,oximeter,processed
2021-01-17T06:04:59.308138,25,oximeter,detected
2021-01-17T06:04:59.308429,25,oximeter,persisted
2021-01-17T06:04:59.708107,25,ecg,processed
2021-01-17T06:04:59.708304,25,ecg,detected
2021-01-17T06:04:59.708523,25,ecg,persisted
2021-01-17T06:04:59.908254,25,thermometer,processed
2021-01-17T06:04:59.908464,25,thermometer,detected
2021-01-17T06:04:59.908682,25,thermometer,persisted
2021-01-17T06:05:00.308456,26,oximeter,processed
2021-01-17T06:05:00.308615,26,oximeter,detected
2021-01-17T06:05:00.308846,26,oximeter,persisted
2021-01-17T06:05:00.708527,26,ecg,processed
2021-01-17T06:05:00.708685,26,ecg,detected
2021-01-17T06:05:00.708886,26,ecg,persisted
2021-01-17T06:05:00.908676,26,thermometer,processed
2021-01-17T06:05:00.908847,26,thermometer,detected
2021-01-17T06:05:00.909473,26,thermometer,persisted
2021-01-17T06:05:01.308811,27,oximeter,processed
2021-01-17T06:05:01.308880,27,oximeter,detected
2021-01-17T06:05:01.308963,27,oximeter,persisted
2021-01-17T06:05:01.709016,27,ecg,processed
2021-01-17T06:05:01.709190,27,ecg,detected
2021-01-17T06:05:01.709393,27,ecg,persisted
2021-01-17T06:05:01.909120,27,thermometer,processed
2021-01-17T06:05:01.909301,27,thermometer,detected
2021-01-17T06:05:01.909504,27,thermometer,persisted
2021-01-17T06:05:02.309284,28,oximeter,processed
2021-01-17T06:05:02.309538,28,oximeter,detected
2021-01-17T06:05:02.309899,28,oximeter,persisted
2021-01-17T06:05:02.709409,28,ecg,processed
2021-01-17T06:05:02.709574,28,ecg,detected
2021-01-17T06:05:02.709786,28,ecg,persisted
2021-01-17T06:05:02.909496,28,thermometer,processed
2021-01-17T06:05:02.909643,28,thermometer,detected
2021-01-17T06:05:02.909912,28,thermometer,persisted
2021-01-17T06:05:03.309691,29,oximeter,processed
2021-01-17T06:05:03.309834,29,oximeter,detected
2021-01-17T06:05:03.309978,29,oximeter,persisted
2021-01-17T06:05:03.709873,29,ecg,processed
2021-01-17T06:05:03.710038,29,ecg,detected
2021-01-17T06:05:03.710276,29,ecg,persisted
2021-01-17T06:05:03.909958,29,thermometer,processed
2021-01-17T06:05:03.910120,29,thermometer,detected
2021-01-17T06:05:03.910335,29,thermometer,persisted
2021-01-17T06:05:04.310167,30,oximeter,processed
2021-01-17T06:05:04.310360,30,oximeter,detected
2021-01-17T06:05:04.310568,30,oximeter,persisted
2021-01-17T06:05:04.710345,30,ecg,processed
2021-01-17T06:05:04.710532,30,ecg,detected
2021-01-17T06:05:04.710749,30,ecg,persisted
2021-01-17T06:05:04.910363,30,thermometer,processed
2021-01-17T06:05:04.910529,30,thermometer,detected
2021-01-17T06:05:04.910786,30,thermometer,persisted
2021-01-17T06:05:05.310586,31,oximeter,processed
2021-01-17T06:05:05.310739,31,oximeter,detected
2021-01-17T06:05:05.311129,31,oximeter,persisted
2021-01-17T06:05:05.710733,31,ecg,processed
2021-01-17T06:05:05.710935,31,ecg,detected
2021-01-17T06:05:05.711142,31,ecg,persisted
2021-01-17T06:05:05.910832,31,thermometer,processed
2021-01-17T06:05:05.910986,31,thermometer,detected
2021-01-17T06:05:05.911174,31,thermometer,persisted
2021-01-17T06:05:06.311018,32,oximeter,processed
2021-01-17T06:05:06.311156,32,oximeter,detected
2021-01-17T06:05:06.311609,32,oximeter,persisted
2021-01-17T06:05:06.711162,32,ecg,processed
2021-01-17T06:05:06.711358,32,ecg,detected
2021-01-17T06:05:06.711596,32,ecg,persisted
2021-01-17T06:05:06.911275,32,thermometer,processed
2021-01-17T06:05:06.911478,32,thermometer,detected
2021-01-17T06:05:06.911704,32,thermometer,persisted
2021-01-17T06:05:07.311496,33,oximeter,processed
2021-01-17T06:05:07.311721,33,oximeter,detected
2021-01-17T06:05:07.312049,33,oximeter,persisted
2021-01-17T06:05:07.711623,33,ecg,processed
2021-01-17T06:05:07.711789,33,ecg,detected
2021-01-17T06:05:07.711993,33,ecg,persisted
2021-01-17T06:05:07.911679,33,thermometer,processed
2021-01-17T06:05:07.911858,33,thermometer,detected
2021-01-17T06:05:07.912231,33,thermometer,persisted
2021-01-17T06:05:08.311929,34,oximeter,processed
2021-01-17T06:05:08.312093,34,oximeter,detected
2021-01-17T06:05:08.312701,34,oximeter,persisted
2021-01-17T06:05:08.712006,34,ecg,processed
2021-01-17T06:05:08.712164,34,ecg,detected
2021-01-17T06:05:08.712408,34,ecg,persisted
2021-01-17T06:05:08.912071,34,thermometer,processed
2021-01-17T06:05:08.912253,34,thermometer,detected
2021-01-17T06:05:08.912455,34,thermometer,persisted
2021-01-17T06:05:09.312351,35,oximeter,processed
2021-01-17T06:05:09.312536,35,oximeter,detected
2021-01-17T06:05:09.313005,35,oximeter,persisted
2021-01-17T06:05:09.712456,35,ecg,processed
2021-01-17T06:05:09.712621,35,ecg,detected
2021-01-17T06:05:09.712955,35,ecg,persisted
2021-01-17T06:05:09.912533,35,thermometer,processed
2021-01-17T06:05:09.912728,35,thermometer,detected
2021-01-17T06:05:09.913176,35,thermometer,persisted
2021-01-17T06:05:10.312687,36,oximeter,processed
2021-01-17T06:05:10.312888,36,oximeter,detected
2021-01-17T06:05:10.313098,36,oximeter,persisted
2021-01-17T06:05:10.712833,36,ecg,processed
2021-01-17T06:05:10.712988,36,ecg,detected
2021-01-17T06:05:10.713207,36,ecg,persisted
2021-01-17T06:05:10.912945,36,thermometer,processed
2021-01-17T06:05:10.913139,36,thermometer,detected
2021-01-17T06:05:10.913367,36,thermometer,persisted
2021-01-17T06:05:11.313097,37,oximeter,processed
2021-01-17T06:05:11.313287,37,oximeter,detected
2021-01-17T06:05:11.313455,37,oximeter,persisted
2021-01-17T06:05:11.713242,37,ecg,processed
2021-01-17T06:05:11.713399,37,ecg,detected
2021-01-17T06:05:11.713687,37,ecg,persisted
2021-01-17T06:05:11.913395,37,thermometer,processed
2021-01-17T06:05:11.913590,37,thermometer,detected
2021-01-17T06:05:11.914096,37,thermometer,persisted
2021-01-17T06:05:12.313502,38,oximeter,processed
2021-01-17T06:05:12.313712,38,oximeter,detected
2021-01-17T06:05:12.313929,38,oximeter,persisted
2021-01-17T06:05:12.713722,38,ecg,processed
2021-01-17T06:05:12.713884,38,ecg,detected
2021-01-17T06:05:12.714123,38,ecg,persisted
2021-01-17T06:05:12.913812,38,thermometer,processed
2021-01-17T06:05:12.913998,38,thermometer,detected
2021-01-17T06:05:12.914326,38,thermometer,persisted
2021-01-17T06:05:13.314037,39,oximeter,processed
2021-01-17T06:05:13.314209,39,oximeter,detected
2021-01-17T06:05:13.314416,39,oximeter,persisted
2021-01-17T06:05:13.714170,39,ecg,processed
2021-01-17T06:05:13.714334,39,ecg,detected
2021-01-17T06:05:13.714557,39,ecg,persisted
2021-01-17T06:05:13.914302,39,thermometer,processed
2021-01-17T06:05:13.914503,39,thermometer,detected
2021-01-17T06:05:13.914893,39,thermometer,persisted
2021-01-17T06:05:14.314441,40,oximeter,processed
2021-01-17T06:05:14.314579,40,oximeter,detected
2021-01-17T06:05:14.314708,40,oximeter,persisted
2021-01-17T06:05:14.714542,40,ecg,processed
2021-01-17T06:05:14.714706,40,ecg,detected
2021-01-17T06:05:14.714985,40,ecg,persisted
2021-01-17T06:05:14.914675,40,thermometer,processed
2021-01-17T06:05:14.914851,40,thermometer,detected
2021-01-17T06:05:14.915215,40,thermometer,persisted
2021-01-17T06:05:15.314794,41,oximeter,processed
2021-01-17T06:05:15.314943,41,oximeter,detected
2021-01-17T06:05:15.315136,41,oximeter,persisted
2021-01-17T06:05:15.714982,41,ecg,processed
2021-01-17T06:05:15.715150,41,ecg,detected
2021-01-17T06:05:15.715408,41,ecg,persisted
2021-01-17T06:05:15.915115,41,thermometer,processed
2021-01-17T06:05:15.915390,41,thermometer,detected
2021-01-17T06:05:15.915579,41,thermometer,persisted
2021-01-17T06:05:16.315305,42,oximeter,processed
2021-01-17T06:05:16.315481,42,oximeter,detected
2021-01-17T06:05:16.315759,42,oximeter,persisted
2021-01-17T06:05:16.715443,42,ecg,processed
2021-01-17T06:05:16.715599,42,ecg,detected
2021-01-17T06:05:16.715815,42,ecg,persisted
2021-01-17T06:05:16.915488,42,thermometer,processed
2021-01-17T06:05:16.915700,42,thermometer,detected
2021-01-17T06:05:16.915938,42,thermometer,persisted
2021-01-17T06:05:17.315684,43,oximeter,processed
2021-01-17T06:05:17.315885,43,oximeter,detected
2021-01-17T06:05:17.316068,43,oximeter,persisted
2021-01-17T06:05:17.715796,43,ecg,processed
2021-01-17T06:05:17.715960,43,ecg,detected
2021-01-17T06:05:17.716193,43,ecg,persisted
2021-01-17T06:05:17.915943,43,thermometer,processed
2021-01-17T06:05:17.916113,43,thermometer,detected
2021-01-17T06:05:17.916303,43,thermometer,persisted
2021-01-17T06:05:18.316017,44,oximeter,processed
2021-01-17T06:05:18.316164,44,oximeter,detected
2021-01-17T06:05:18.316371,44,oximeter,persisted
2021-01-17T06:05:18.716197,44,ecg,processed
2021-01-17T06:05:18.716396,44,ecg,detected
2021-01-17T06:05:18.716626,44,ecg,persisted
2021-01-17T06:05:18.916281,44,thermometer,processed
2021-01-17T06:05:18.916451,44,thermometer,detected
2021-01-17T06:05:18.916669,44,thermometer,persisted
2021-01-17T06:05:19.316462,45,oximeter,processed
2021-01-17T06:05:19.316675,45,oximeter,detected
2021-01-17T06:05:19.316857,45,oximeter,persisted
2021-01-17T06:05:19.716641,45,ecg,processed
2021-01-17T06:05:19.716798,45,ecg,detected
2021-01-17T06:05:19.716996,45,ecg,persisted
2021-01-17T06:05:19.916747,45,thermometer,processed
2021-01-17T06:05:19.916924,45,thermometer,detected
2021-01-17T06:05:19.917148,45,thermometer,persisted
2021-01-17T06:05:20.316899,46,oximeter,processed
2021-01-17T06:05:20.317063,46,oximeter,detected
2021-01-17T06:05:20.317303,46,oximeter,persisted
2021-01-17T06:05:20.717039,46,ecg,processed
2021-01-17T06:05:20.717222,46,ecg,detected
2021-01-17T06:05:20.717471,46,ecg,persisted
2021-01-17T06:05:20.917167,46,thermometer,processed
2021-01-17T06:05:20.917382,46,thermometer,detected
2021-01-17T06:05:20.917760,46,thermometer,persisted
2021-01-17T06:05:21.317278,47,oximeter,processed
2021-01-17T06:05:21.317467,47,oximeter,detected
2021-01-17T06:05:21.317735,47,oximeter,persisted
2021-01-17T06:05:21.717446,47,ecg,processed
2021-01-17T06:05:21.717609,47,ecg,detected
2021-01-17T06:05:21.717801,47,ecg,persisted
2021-01-17T06:05:21.917551,47,thermometer,processed
2021-01-17T06:05:21.917759,47,thermometer,detected
2021-01-17T06:05:21.917997,47,thermometer,persisted
2021-01-17T06:05:22.317676,48,oximeter,processed
2021-01-17T06:05:22.317815,48,oximeter,detected
2021-01-17T06:05:22.318110,48,oximeter,persisted
2021-01-17T06:05:22.717834,48,ecg,processed
2021-01-17T06:05:22.718015,48,ecg,detected
2021-01-17T06:05:22.718237,48,ecg,persisted
2021-01-17T06:05:22.917951,48,thermometer,processed
2021-01-17T06:05:22.918107,48,thermometer,detected
2021-01-17T06:05:22.918304,48,thermometer,persisted
2021-01-17T06:05:23.318107,49,oximeter,processed
2021-01-17T06:05:23.318281,49,oximeter,detected
2021-01-17T06:05:23.318478,49,oximeter,persisted
2021-01-17T06:05:23.718223,49,ecg,processed
2021-01-17T06:05:23.718310,49,ecg,detected
2021-01-17T06:05:23.718485,49,ecg,persisted
2021-01-17T06:05:23.918423,49,thermometer,processed
2021-01-17T06:05:23.918621,49,thermometer,detected
2021-01-17T06:05:23.918828,49,thermometer,persisted
2021-01-17T06:05:24.318511,50,oximeter,processed
2021-01-17T06:05:24.318681,50,oximeter,detected
2021-01-17T06:05:24.318888,50,oximeter,persisted
2021-01-17T06:05:24.718678,50,ecg,processed
2021-01-17T06:05:24.718826,50,ecg,detected
2021-01-17T06:05:24.719039,50,ecg,persisted
2021-01-17T06:05:24.918777,50,thermometer,processed
2021-01-17T06:05:24.918951,50,thermometer,detected
2021-01-17T06:05:24.919174,50,thermometer,persisted
2021-01-17T06:05:25.318958,51,oximeter,processed
2021-01-17T06:05:25.319161,51,oximeter,detected
2021-01-17T06:05:25.319411,51,oximeter,persisted
2021-01-17T06:05:25.719109,51,ecg,processed
2021-01-17T06:05:25.719267,51,ecg,detected
2021-01-17T06:05:25.719478,51,ecg,persisted
2021-01-17T06:05:25.919239,51,thermometer,processed
2021-01-17T06:05:25.919486,51,thermometer,detected
2021-01-17T06:05:25.919714,51,thermometer,persisted
2021-01-17T06:05:26.319479,52,oximeter,processed
2021-01-17T06:05:26.319730,52,oximeter,detected
2021-01-17T06:05:26.319958,52,oximeter,persisted
2021-01-17T06:05:26.719616,52,ecg,processed
2021-01-17T06:05:26.719810,52,ecg,detected
2021-01-17T06:05:26.720033,52,ecg,persisted
2021-01-17T06:05:26.919628,52,thermometer,processed
2021-01-17T06:05:26.919795,52,thermometer,detected
2021-01-17T06:05:26.920036,52,thermometer,persisted
2021-01-17T06:05:27.319781,53,oximeter,processed
2021-01-17T06:05:27.319939,53,oximeter,detected
2021-01-17T06:05:27.320175,53,oximeter,persisted
2021-01-17T06:05:27.719962,53,ecg,processed
2021-01-17T06:05:27.720159,53,ecg,detected
2021-01-17T06:05:27.720376,53,ecg,persisted
2021-01-17T06:05:27.920068,53,thermometer,processed
2021-01-17T06:05:27.920246,53,thermometer,detected
2021-01-17T06:05:27.920469,53,thermometer,persisted
2021-01-17T06:05:28.320280,54,oximeter,processed
2021-01-17T06:05:28.320490,54,oximeter,detected
2021-01-17T06:05:28.320707,54,oximeter,persisted
2021-01-17T06:05:28.720409,54,ecg,processed
2021-01-17T06:05:28.720567,54,ecg,detected
2021-01-17T06:05:28.720774,54,ecg,persisted
2021-01-17T06:05:28.920542,54,thermometer,processed
2021-01-17T06:05:28.920726,54,thermometer,detected
2021-01-17T06:05:28.921079,54,thermometer,persisted
2021-01-17T06:05:29.320745,55,oximeter,processed
2021-01-17T06:05:29.320915,55,oximeter,detected
2021-01-17T06:05:29.321406,55,oximeter,persisted
2021-01-17T06:05:29.720859,55,ecg,processed
2021-01-17T06:05:29.721020,55,ecg,detected
2021-01-17T06:05:29.721297,55,ecg,persisted
2021-01-17T06:05:29.920940,55,thermometer,processed
2021-01-17T06:05:29.921103,55,thermometer,detected
2021-01-17T06:05:29.921347,55,thermometer,persisted
2021-01-17T06:05:30.321076,56,oximeter,processed
2021-01-17T06:05:30.321211,56,oximeter,detected
2021-01-17T06:05:30.321378,56,oximeter,persisted
2021-01-17T06:05:30.721440,56,ecg,processed
2021-01-17T06:05:30.721647,56,ecg,detected
2021-01-17T06:05:30.722132,56,ecg,persisted
2021-01-17T06:05:30.921532,56,thermometer,processed
2021-01-17T06:05:30.921692,56,thermometer,detected
2021-01-17T06:05:30.921875,56,thermometer,persisted
2021-01-17T06:05:31.321653,57,oximeter,processed
2021-01-17T06:05:31.321832,57,oximeter,detected
2021-01-17T06:05:31.322041,57,oximeter,persisted
2021-01-17T06:05:31.721820,57,ecg,processed
2021-01-17T06:05:31.721977,57,ecg,detected
2021-01-17T06:05:31.722183,57,ecg,persisted
2021-01-17T06:05:31.921928,57,thermometer,processed
2021-01-17T06:05:31.922101,57,thermometer,detected
2021-01-17T06:05:31.922340,57,thermometer,persisted
2021-01-17T06:05:32.322064,58,oximeter,processed
2021-01-17T06:05:32.322262,58,oximeter,detected
2021-01-17T06:05:32.322478,58,oximeter,persisted
2021-01-17T06:05:32.722311,58,ecg,processed
2021-01-17T06:05:32.722572,58,ecg,detected
2021-01-17T06:05:32.723006,58,ecg,persisted
2021-01-17T06:05:32.922461,58,thermometer,processed
2021-01-17T06:05:32.922648,58,thermometer,detected
2021-01-17T06:05:32.922862,58,thermometer,persisted
2021-01-17T06:05:33.322566,59,oximeter,processed
2021-01-17T06:05:33.322768,59,oximeter,detected
2021-01-17T06:05:33.322979,59,oximeter,persisted
2021-01-17T06:05:33.722742,59,ecg,processed
2021-01-17T06:05:33.722911,59,ecg,detected
2021-01-17T06:05:33.723136,59,ecg,persisted
2021-01-17T06:05:33.922819,59,thermometer,processed
2021-01-17T06:05:33.922999,59,thermometer,detected
2021-01-17T06:05:33.923209,59,thermometer,persisted
2021-01-17T06:05:34.322968,60,oximeter,processed
2021-01-17T06:05:34.323126,60,oximeter,detected
2021-01-17T06:05:34.323347,60,oximeter,persisted
2021-01-17T06:05:34.723196,60,ecg,processed
2021-01-17T06:05:34.723381,60,ecg,detected
2021-01-17T06:05:34.723604,60,ecg,persisted
2021-01-17T06:05:34.923370,60,thermometer,processed
2021-01-17T06:05:34.923549,60,thermometer,detected
2021-01-17T06:05:34.923717,60,thermometer,persisted
2021-01-17T06:05:35.323444,61,oximeter,processed
2021-01-17T06:05:35.323592,61,oximeter,detected
2021-01-17T06:05:35.323800,61,oximeter,persisted
2021-01-17T06:05:35.723568,61,ecg,processed
2021-01-17T06:05:35.723755,61,ecg,detected
2021-01-17T06:05:35.724026,61,ecg,persisted
2021-01-17T06:05:35.923662,61,thermometer,processed
2021-01-17T06:05:35.923854,61,thermometer,detected
2021-01-17T06:05:35.924202,61,thermometer,persisted
2021-01-17T06:05:36.323845,62,oximeter,processed
2021-01-17T06:05:36.324043,62,oximeter,detected
2021-01-17T06:05:36.324464,62,oximeter,persisted
2021-01-17T06:05:36.724019,62,ecg,processed
2021-01-17T06:05:36.724188,62,ecg,detected
2021-01-17T06:05:36.724396,62,ecg,persisted
2021-01-17T06:05:36.924060,62,thermometer,processed
2021-01-17T06:05:36.924214,62,thermometer,detected
2021-01-17T06:05:36.924396,62,thermometer,persisted
2021-01-17T06:05:37.324250,63,oximeter,processed
2021-01-17T06:05:37.324427,63,oximeter,detected
2021-01-17T06:05:37.324689,63,oximeter,persisted
2021-01-17T06:05:37.724460,63,ecg,processed
2021-01-17T06:05:37.724673,63,ecg,detected
2021-01-17T06:05:37.724956,63,ecg,persisted
2021-01-17T06:05:37.924508,63,thermometer,processed
2021-01-17T06:05:37.924698,63,thermometer,detected
2021-01-17T06:05:37.924908,63,thermometer,persisted
2021-01-17T06:05:38.324683,64,oximeter,processed
2021-01-17T06:05:38.324896,64,oximeter,detected
2021-01-17T06:05:38.325140,64,oximeter,persisted
2021-01-17T06:05:38.724837,64,ecg,processed
2021-01-17T06:05:38.724997,64,ecg,detected
2021-01-17T06:05:38.725204,64,ecg,persisted
2021-01-17T06:05:38.924966,64,thermometer,processed
2021-01-17T06:05:38.925158,64,thermometer,detected
2021-01-17T06:05:38.925321,64,thermometer,persisted
2021-01-17T06:05:39.325166,65,oximeter,processed
2021-01-17T06:05:39.325354,65,oximeter,detected
2021-01-17T06:05:39.325801,65,oximeter,persisted
2021-01-17T06:05:39.725315,65,ecg,processed
2021-01-17T06:05:39.725474,65,ecg,detected
2021-01-17T06:05:39.725689,65,ecg,persisted
2021-01-17T06:05:39.925414,65,thermometer,processed
2021-01-17T06:05:39.925580,65,thermometer,detected
2021-01-17T06:05:39.925877,65,thermometer,persisted
2021-01-17T06:05:40.325632,66,oximeter,processed
2021-01-17T06:05:40.325820,66,oximeter,detected
2021-01-17T06:05:40.326151,66,oximeter,persisted
2021-01-17T06:05:40.725789,66,ecg,processed
2021-01-17T06:05:40.725997,66,ecg,detected
2021-01-17T06:05:40.726226,66,ecg,persisted
2021-01-17T06:05:40.925875,66,thermometer,processed
2021-01-17T06:05:40.926039,66,thermometer,detected
2021-01-17T06:05:40.926300,66,thermometer,persisted
2021-01-17T06:05:41.326174,67,oximeter,processed
2021-01-17T06:05:41.326382,67,oximeter,detected
2021-01-17T06:05:41.326754,67,oximeter,persisted
2021-01-17T06:05:41.726259,67,ecg,processed
2021-01-17T06:05:41.726452,67,ecg,detected
2021-01-17T06:05:41.726676,67,ecg,persisted
2021-01-17T06:05:41.926359,67,thermometer,processed
2021-01-17T06:05:41.926549,67,thermometer,detected
2021-01-17T06:05:41.926780,67,thermometer,persisted
2021-01-17T06:05:42.326565,68,oximeter,processed
2021-01-17T06:05:42.326765,68,oximeter,detected
2021-01-17T06:05:42.326994,68,oximeter,persisted
2021-01-17T06:05:42.726712,68,ecg,processed
2021-01-17T06:05:42.726876,68,ecg,detected
2021-01-17T06:05:42.727111,68,ecg,persisted
2021-01-17T06:05:42.926815,68,thermometer,processed
2021-01-17T06:05:42.927008,68,thermometer,detected
2021-01-17T06:05:42.927422,68,thermometer,persisted
2021-01-17T06:05:43.326985,69,oximeter,processed
2021-01-17T06:05:43.327169,69,oximeter,detected
2021-01-17T06:05:43.327419,69,oximeter,persisted
2021-01-17T06:05:43.727116,69,ecg,processed
2021-01-17T06:05:43.727273,69,ecg,detected
2021-01-17T06:05:43.727514,69,ecg,persisted
2021-01-17T06:05:43.927281,69,thermometer,processed
2021-01-17T06:05:43.927483,69,thermometer,detected
2021-01-17T06:05:43.927851,69,thermometer,persisted
2021-01-17T06:05:44.327411,70,oximeter,processed
2021-01-17T06:05:44.327559,70,oximeter,detected
2021-01-17T06:05:44.327834,70,oximeter,persisted
2021-01-17T06:05:44.727544,70,ecg,processed
2021-01-17T06:05:44.727699,70,ecg,detected
2021-01-17T06:05:44.728074,70,ecg,persisted
2021-01-17T06:05:44.927726,70,thermometer,processed
2021-01-17T06:05:44.927910,70,thermometer,detected
2021-01-17T06:05:44.928298,70,thermometer,persisted
2021-01-17T06:05:45.327815,71,oximeter,processed
2021-01-17T06:05:45.328100,71,oximeter,detected
2021-01-17T06:05:45.328325,71,oximeter,persisted
2021-01-17T06:05:45.727967,71,ecg,processed
2021-01-17T06:05:45.728165,71,ecg,detected
2021-01-17T06:05:45.728382,71,ecg,persisted
2021-01-17T06:05:45.928057,71,thermometer,processed
2021-01-17T06:05:45.928259,71,thermometer,detected
2021-01-17T06:05:45.928468,71,thermometer,persisted
2021-01-17T06:05:46.328301,72,oximeter,processed
2021-01-17T06:05:46.328462,72,oximeter,detected
2021-01-17T06:05:46.328678,72,oximeter,persisted
2021-01-17T06:05:46.728420,72,ecg,processed
2021-01-17T06:05:46.728577,72,ecg,detected
2021-01-17T06:05:46.728811,72,ecg,persisted
2021-01-17T06:05:46.928514,72,thermometer,processed
2021-01-17T06:05:46.928695,72,thermometer,detected
2021-01-17T06:05:46.928912,72,thermometer,persisted
2021-01-17T06:05:47.328694,73,oximeter,processed
2021-01-17T06:05:47.328902,73,oximeter,detected
2021-01-17T06:05:47.329152,73,oximeter,persisted
2021-01-17T06:05:47.728842,73,ecg,processed
2021-01-17T06:05:47.729007,73,ecg,detected
2021-01-17T06:05:47.729223,73,ecg,persisted
2021-01-17T06:05:47.928929,73,thermometer,processed
2021-01-17T06:05:47.929125,73,thermometer,detected
2021-01-17T06:05:47.929354,73,thermometer,persisted
2021-01-17T06:05:48.329116,74,oximeter,processed
2021-01-17T06:05:48.329323,74,oximeter,detected
2021-01-17T06:05:48.329560,74,oximeter,persisted
2021-01-17T06:05:48.729272,74,ecg,processed
2021-01-17T06:05:48.729460,74,ecg,detected
2021-01-17T06:05:48.729690,74,ecg,persisted
2021-01-17T06:05:48.929371,74,thermometer,processed
2021-01-17T06:05:48.929571,74,thermometer,detected
2021-01-17T06:05:48.929793,74,thermometer,persisted
2021-01-17T06:05:49.329495,75,oximeter,processed
2021-01-17T06:05:49.329659,75,oximeter,detected
2021-01-17T06:05:49.330183,75,oximeter,persisted
2021-01-17T06:05:49.729668,75,ecg,processed
2021-01-17T06:05:49.729837,75,ecg,detected
2021-01-17T06:05:49.730084,75,ecg,persisted
2021-01-17T06:05:49.929782,75,thermometer,processed
2021-01-17T06:05:49.929984,75,thermometer,detected
2021-01-17T06:05:49.930204,75,thermometer,persisted
2021-01-17T06:05:50.329910,76,oximeter,processed
2021-01-17T06:05:50.330096,76,oximeter,detected
2021-01-17T06:05:50.330366,76,oximeter,persisted
2021-01-17T06:05:50.730067,76,ecg,processed
2021-01-17T06:05:50.730233,76,ecg,detected
2021-01-17T06:05:50.730438,76,ecg,persisted
2021-01-17T06:05:50.930200,76,thermometer,processed
2021-01-17T06:05:50.930415,76,thermometer,detected
2021-01-17T06:05:50.930644,76,thermometer,persisted
2021-01-17T06:05:51.330303,77,oximeter,processed
2021-01-17T06:05:51.330461,77,oximeter,detected
2021-01-17T06:05:51.330644,77,oximeter,persisted
2021-01-17T06:05:51.730495,77,ecg,processed
2021-01-17T06:05:51.730654,77,ecg,detected
2021-01-17T06:05:51.730883,77,ecg,persisted
2021-01-17T06:05:51.930598,77,thermometer,processed
2021-01-17T06:05:51.930805,77,thermometer,detected
2021-01-17T06:05:51.931264,77,thermometer,persisted
2021-01-17T06:05:52.330821,78,oximeter,processed
2021-01-17T06:05:52.331016,78,oximeter,detected
2021-01-17T06:05:52.331634,78,oximeter,persisted
2021-01-17T06:05:52.730880,78,ecg,processed
2021-01-17T06:05:52.731041,78,ecg,detected
2021-01-17T06:05:52.731424,78,ecg,persisted
2021-01-17T06:05:52.931023,78,thermometer,processed
2021-01-17T06:05:52.931193,78,thermometer,detected
2021-01-17T06:05:52.931439,78,thermometer,persisted
2021-01-17T06:05:53.331157,79,oximeter,processed
2021-01-17T06:05:53.331400,79,oximeter,detected
2021-01-17T06:05:53.331630,79,oximeter,persisted
2021-01-17T06:05:53.731330,79,ecg,processed
2021-01-17T06:05:53.731524,79,ecg,detected
2021-01-17T06:05:53.731797,79,ecg,persisted
2021-01-17T06:05:53.931445,79,thermometer,processed
2021-01-17T06:05:53.931650,79,thermometer,detected
2021-01-17T06:05:53.931885,79,thermometer,persisted
2021-01-17T06:05:54.331572,80,oximeter,processed
2021-01-17T06:05:54.331779,80,oximeter,detected
2021-01-17T06:05:54.331997,80,oximeter,persisted
2021-01-17T06:05:54.731741,80,ecg,processed
2021-01-17T06:05:54.731898,80,ecg,detected
2021-01-17T06:05:54.732125,80,ecg,persisted
2021-01-17T06:05:54.931856,80,thermometer,processed
2021-01-17T06:05:54.932078,80,thermometer,detected
2021-01-17T06:05:54.932288,80,thermometer,persisted
2021-01-17T06:05:55.331971,81,oximeter,processed
2021-01-17T06:05:55.332124,81,oximeter,detected
2021-01-17T06:05:55.332320,81,oximeter,persisted
2021-01-17T06:05:55.732145,81,ecg,processed
2021-01-17T06:05:55.732302,81,ecg,detected
2021-01-17T06:05:55.732522,81,ecg,persisted
2021-01-17T06:05:55.932259,81,thermometer,processed
2021-01-17T06:05:55.932477,81,thermometer,detected
2021-01-17T06:05:55.932744,81,thermometer,persisted
2021-01-17T06:05:56.332488,82,oximeter,processed
2021-01-17T06:05:56.332689,82,oximeter,detected
2021-01-17T06:05:56.333147,82,oximeter,persisted
2021-01-17T06:05:56.732593,82,ecg,processed
2021-01-17T06:05:56.732754,82,ecg,detected
2021-01-17T06:05:56.732978,82,ecg,persisted
2021-01-17T06:05:56.932695,82,thermometer,processed
2021-01-17T06:05:56.932900,82,thermometer,detected
2021-01-17T06:05:56.933152,82,thermometer,persisted
2021-01-17T06:05:57.332885,83,oximeter,processed
2021-01-17T06:05:57.333034,83,oximeter,detected
2021-01-17T06:05:57.333269,83,oximeter,persisted
2021-01-17T06:05:57.733024,83,ecg,processed
2021-01-17T06:05:57.733220,83,ecg,detected
2021-01-17T06:05:57.733493,83,ecg,persisted
2021-01-17T06:05:57.933128,83,thermometer,processed
2021-01-17T06:05:57.933360,83,thermometer,detected
2021-01-17T06:05:57.933560,83,thermometer,persisted
2021-01-17T06:05:58.333278,84,oximeter,processed
2021-01-17T06:05:58.333469,84,oximeter,detected
2021-01-17T06:05:58.333711,84,oximeter,persisted
2021-01-17T06:05:58.733437,84,ecg,processed
2021-01-17T06:05:58.733588,84,ecg,detected
2021-01-17T06:05:58.733796,84,ecg,persisted
2021-01-17T06:05:58.933559,84,thermometer,processed
2021-01-17T06:05:58.933725,84,thermometer,detected
2021-01-17T06:05:58.933932,84,thermometer,persisted
2021-01-17T06:05:59.333700,85,oximeter,processed
2021-01-17T06:05:59.333906,85,oximeter,detected
2021-01-17T06:05:59.334634,85,oximeter,persisted
2021-01-17T06:05:59.733867,85,ecg,processed
2021-01-17T06:05:59.734036,85,ecg,detected
2021-01-17T06:05:59.734266,85,ecg,persisted
2021-01-17T06:05:59.933947,85,thermometer,processed
2021-01-17T06:05:59.934135,85,thermometer,detected
2021-01-17T06:05:59.934322,85,thermometer,persisted
2021-01-17T06:06:00.334138,86,oximeter,processed
2021-01-17T06:06:00.334347,86,oximeter,detected
2021-01-17T06:06:00.334561,86,oximeter,persisted
2021-01-17T06:06:00.734263,86,ecg,processed
2021-01-17T06:06:00.734429,86,ecg,detected
2021-01-17T06:06:00.734772,86,ecg,persisted
2021-01-17T06:06:00.934386,86,thermometer,processed
2021-01-17T06:06:00.934543,86,thermometer,detected
2021-01-17T06:06:00.934712,86,thermometer,persisted
2021-01-17T06:06:01.334613,87,oximeter,processed
2021-01-17T06:06:01.334802,87,oximeter,detected
2021-01-17T06:06:01.335126,87,oximeter,persisted
2021-01-17T06:06:01.734703,87,ecg,processed
2021-01-17T06:06:01.734856,87,ecg,detected
2021-01-17T06:06:01.735101,87,ecg,persisted
2021-01-17T06:06:01.934783,87,thermometer,processed
2021-01-17T06:06:01.934949,87,thermometer,detected
2021-01-17T06:06:01.935159,87,thermometer,persisted
2021-01-17T06:06:02.334964,88,oximeter,processed
2021-01-17T06:06:02.335134,88,oximeter,detected
2021-01-17T06:06:02.335359,88,oximeter,persisted
2021-01-17T06:06:02.735091,88,ecg,processed
2021-01-17T06:06:02.735263,88,ecg,detected
2021-01-17T06:06:02.738847,88,ecg,persisted
2021-01-17T06:06:02.935233,88,thermometer,processed
2021-01-17T06:06:02.935433,88,thermometer,detected
2021-01-17T06:06:02.935646,88,thermometer,persisted
2021-01-17T06:06:03.335450,89,oximeter,processed
2021-01-17T06:06:03.335684,89,oximeter,detected
2021-01-17T06:06:03.335906,89,oximeter,persisted
2021-01-17T06:06:03.735564,89,ecg,processed
2021-01-17T06:06:03.735766,89,ecg,detected
2021-01-17T06:06:03.736001,89,ecg,persisted
2021-01-17T06:06:03.935667,89,thermometer,processed
2021-01-17T06:06:03.935853,89,thermometer,detected
2021-01-17T06:06:03.936257,89,thermometer,persisted
2021-01-17T06:06:04.335823,90,oximeter,processed
2021-01-17T06:06:04.335983,90,oximeter,detected
2021-01-17T06:06:04.336366,90,oximeter,persisted
2021-01-17T06:06:04.735977,90,ecg,processed
2021-01-17T06:06:04.736149,90,ecg,detected
2021-01-17T06:06:04.736357,90,ecg,persisted
2021-01-17T06:06:04.936031,90,thermometer,processed
2021-01-17T06:06:04.936194,90,thermometer,detected
2021-01-17T06:06:04.936390,90,thermometer,persisted
2021-01-17T06:06:05.336181,91,oximeter,processed
2021-01-17T06:06:05.336338,91,oximeter,detected
2021-01-17T06:06:05.336803,91,oximeter,persisted
2021-01-17T06:06:05.736393,91,ecg,processed
2021-01-17T06:06:05.736594,91,ecg,detected
2021-01-17T06:06:05.736842,91,ecg,persisted
2021-01-17T06:06:05.936486,91,thermometer,processed
2021-01-17T06:06:05.936684,91,thermometer,detected
2021-01-17T06:06:05.937094,91,thermometer,persisted
2021-01-17T06:06:06.336739,92,oximeter,processed
2021-01-17T06:06:06.336939,92,oximeter,detected
2021-01-17T06:06:06.337304,92,oximeter,persisted
2021-01-17T06:06:06.736784,92,ecg,processed
2021-01-17T06:06:06.736984,92,ecg,detected
2021-01-17T06:06:06.737237,92,ecg,persisted
2021-01-17T06:06:06.936881,92,thermometer,processed
2021-01-17T06:06:06.937073,92,thermometer,detected
2021-01-17T06:06:06.937654,92,thermometer,persisted
2021-01-17T06:06:07.337050,93,oximeter,processed
2021-01-17T06:06:07.337206,93,oximeter,detected
2021-01-17T06:06:07.337459,93,oximeter,persisted
2021-01-17T06:06:07.737200,93,ecg,processed
2021-01-17T06:06:07.737387,93,ecg,detected
2021-01-17T06:06:07.741127,93,ecg,persisted
2021-01-17T06:06:07.937327,93,thermometer,processed
2021-01-17T06:06:07.937559,93,thermometer,detected
2021-01-17T06:06:07.937881,93,thermometer,persisted
2021-01-17T06:06:08.337468,94,oximeter,processed
2021-01-17T06:06:08.337664,94,oximeter,detected
2021-01-17T06:06:08.337942,94,oximeter,persisted
2021-01-17T06:06:08.737624,94,ecg,processed
2021-01-17T06:06:08.737789,94,ecg,detected
2021-01-17T06:06:08.738149,94,ecg,persisted
2021-01-17T06:06:08.937682,94,thermometer,processed
2021-01-17T06:06:08.937810,94,thermometer,detected
2021-01-17T06:06:08.937968,94,thermometer,persisted
2021-01-17T06:06:09.337930,95,oximeter,processed
2021-01-17T06:06:09.338083,95,oximeter,detected
2021-01-17T06:06:09.338258,95,oximeter,persisted
2021-01-17T06:06:09.738066,95,ecg,processed
2021-01-17T06:06:09.738247,95,ecg,detected
2021-01-17T06:06:09.738464,95,ecg,persisted
2021-01-17T06:06:09.938158,95,thermometer,processed
2021-01-17T06:06:09.938358,95,thermometer,detected
2021-01-17T06:06:09.938740,95,thermometer,persisted
2021-01-17T06:06:10.338343,96,oximeter,processed
2021-01-17T06:06:10.338514,96,oximeter,detected
2021-01-17T06:06:10.338782,96,oximeter,persisted
2021-01-17T06:06:10.738475,96,ecg,processed
2021-01-17T06:06:10.738651,96,ecg,detected
2021-01-17T06:06:10.738888,96,ecg,persisted
2021-01-17T06:06:10.938574,96,thermometer,processed
2021-01-17T06:06:10.938743,96,thermometer,detected
2021-01-17T06:06:10.938950,96,thermometer,persisted
2021-01-17T06:06:11.338904,97,oximeter,processed
2021-01-17T06:06:11.339103,97,oximeter,detected
2021-01-17T06:06:11.339316,97,oximeter,persisted
2021-01-17T06:06:11.738910,97,ecg,processed
2021-01-17T06:06:11.739105,97,ecg,detected
2021-01-17T06:06:11.739345,97,ecg,persisted
2021-01-17T06:06:11.939004,97,thermometer,processed
2021-01-17T06:06:11.939200,97,thermometer,detected
2021-01-17T06:06:11.939430,97,thermometer,persisted
2021-01-17T06:06:12.339249,98,oximeter,processed
2021-01-17T06:06:12.339452,98,oximeter,detected
2021-01-17T06:06:12.339819,98,oximeter,persisted
2021-01-17T06:06:12.739412,98,ecg,processed
2021-01-17T06:06:12.739610,98,ecg,detected
2021-01-17T06:06:12.743125,98,ecg,persisted
2021-01-17T06:06:12.939518,98,thermometer,processed
2021-01-17T06:06:12.939712,98,thermometer,detected
2021-01-17T06:06:12.939915,98,thermometer,persisted
2021-01-17T06:06:13.339726,99,oximeter,processed
2021-01-17T06:06:13.339928,99,oximeter,detected
2021-01-17T06:06:13.340146,99,oximeter,persisted
2021-01-17T06:06:13.739788,99,ecg,processed
2021-01-17T06:06:13.739945,99,ecg,detected
2021-01-17T06:06:13.740150,99,ecg,persisted
2021-01-17T06:06:13.939911,99,thermometer,processed
2021-01-17T06:06:13.940123,99,thermometer,detected
2021-01-17T06:06:13.940315,99,thermometer,persisted
2021-01-17T06:06:14.340070,100,oximeter,processed
2021-01-17T06:06:14.340241,100,oximeter,detected
2021-01-17T06:06:14.340456,100,oximeter,persisted
2021-01-17T06:06:14.740192,100,ecg,processed
2021-01-17T06:06:14.740351,100,ecg,detected
2021-01-17T06:06:14.740558,100,ecg,persisted
2021-01-17T06:06:14.940326,100,thermometer,processed
2021-01-17T06:06:14.940486,100,thermometer,detected
2021-01-17T06:06:14.940694,100,thermometer,persisted
2021-01-17T06:06:15.340466,101,oximeter,processed
2021-01-17T06:06:15.340660,101,oximeter,detected
2021-01-17T06:06:15.341020,101,oximeter,persisted
2021-01-17T06:06:15.740666,101,ecg,processed
2021-01-17T06:06:15.740826,101,ecg,detected
2021-01-17T06:06:15.741051,101,ecg,persisted
2021-01-17T06:06:15.940728,101,thermometer,processed
2021-01-17T06:06:15.940889,101,thermometer,detected
2021-01-17T06:06:15.941259,101,thermometer,persisted
2021-01-17T06:06:16.340905,102,oximeter,processed
2021-01-17T06:06:16.341075,102,oximeter,detected
2021-01-17T06:06:16.341294,102,oximeter,persisted
2021-01-17T06:06:16.741076,102,ecg,processed
2021-01-17T06:06:16.741236,102,ecg,detected
2021-01-17T06:06:16.741436,102,ecg,persisted
2021-01-17T06:06:16.941145,102,thermometer,processed
2021-01-17T06:06:16.941304,102,thermometer,detected
2021-01-17T06:06:16.941479,102,thermometer,persisted
2021-01-17T06:06:17.341322,103,oximeter,processed
2021-01-17T06:06:17.341520,103,oximeter,detected
2021-01-17T06:06:17.341709,103,oximeter,persisted
2021-01-17T06:06:17.741494,103,ecg,processed
2021-01-17T06:06:17.741664,103,ecg,detected
2021-01-17T06:06:17.745225,103,ecg,persisted
2021-01-17T06:06:17.941563,103,thermometer,processed
2021-01-17T06:06:17.941728,103,thermometer,detected
2021-01-17T06:06:17.941924,103,thermometer,persisted
2021-01-17T06:06:18.341750,104,oximeter,processed
2021-01-17T06:06:18.341979,104,oximeter,detected
2021-01-17T06:06:18.342200,104,oximeter,persisted
2021-01-17T06:06:18.741925,104,ecg,processed
2021-01-17T06:06:18.742093,104,ecg,detected
2021-01-17T06:06:18.742376,104,ecg,persisted
2021-01-17T06:06:18.942006,104,thermometer,processed
2021-01-17T06:06:18.942200,104,thermometer,detected
2021-01-17T06:06:18.942398,104,thermometer,persisted
2021-01-17T06:06:19.342221,105,oximeter,processed
2021-01-17T06:06:19.342383,105,oximeter,detected
2021-01-17T06:06:19.342864,105,oximeter,persisted
2021-01-17T06:06:19.742371,105,ecg,processed
2021-01-17T06:06:19.742535,105,ecg,detected
2021-01-17T06:06:19.742742,105,ecg,persisted
2021-01-17T06:06:19.942424,105,thermometer,processed
2021-01-17T06:06:19.942577,105,thermometer,detected
2021-01-17T06:06:19.942745,105,thermometer,persisted
2021-01-17T06:06:20.342588,106,oximeter,processed
2021-01-17T06:06:20.342794,106,oximeter,detected
2021-01-17T06:06:20.343048,106,oximeter,persisted
2021-01-17T06:06:20.742774,106,ecg,processed
2021-01-17T06:06:20.742984,106,ecg,detected
2021-01-17T06:06:20.743438,106,ecg,persisted
2021-01-17T06:06:20.942931,106,thermometer,processed
2021-01-17T06:06:20.943176,106,thermometer,detected
2021-01-17T06:06:20.943555,106,thermometer,persisted
2021-01-17T06:06:21.343042,107,oximeter,processed
2021-01-17T06:06:21.343208,107,oximeter,detected
2021-01-17T06:06:21.343430,107,oximeter,persisted
2021-01-17T06:06:21.743175,107,ecg,processed
2021-01-17T06:06:21.743378,107,ecg,detected
2021-01-17T06:06:21.743596,107,ecg,persisted
2021-01-17T06:06:21.943316,107,thermometer,processed
2021-01-17T06:06:21.943495,107,thermometer,detected
2021-01-17T06:06:21.943741,107,thermometer,persisted
2021-01-17T06:06:22.343429,108,oximeter,processed
2021-01-17T06:06:22.343589,108,oximeter,detected
2021-01-17T06:06:22.343743,108,oximeter,persisted
2021-01-17T06:06:22.743606,108,ecg,processed
2021-01-17T06:06:22.743784,108,ecg,detected
2021-01-17T06:06:22.744028,108,ecg,persisted
2021-01-17T06:06:22.943675,108,thermometer,processed
2021-01-17T06:06:22.943840,108,thermometer,detected
2021-01-17T06:06:22.944056,108,thermometer,persisted
2021-01-17T06:06:23.343874,109,oximeter,processed
2021-01-17T06:06:23.344096,109,oximeter,detected
2021-01-17T06:06:23.344309,109,oximeter,persisted
2021-01-17T06:06:23.744039,109,ecg,processed
2021-01-17T06:06:23.744221,109,ecg,detected
2021-01-17T06:06:23.744451,109,ecg,persisted
2021-01-17T06:06:23.944086,109,thermometer,processed
2021-01-17T06:06:23.944252,109,thermometer,detected
2021-01-17T06:06:23.944475,109,thermometer,persisted
2021-01-17T06:06:24.344268,110,oximeter,processed
2021-01-17T06:06:24.344430,110,oximeter,detected
2021-01-17T06:06:24.344619,110,oximeter,persisted
2021-01-17T06:06:24.944520,110,thermometer,processed
2021-01-17T06:06:24.944720,110,thermometer,detected
2021-01-17T06:06:24.944944,110,thermometer,persisted
2021-01-17T06:06:25.344678,111,oximeter,processed
2021-01-17T06:06:25.344841,111,oximeter,detected
2021-01-17T06:06:25.345083,111,oximeter,persisted
2021-01-17T06:06:25.944936,111,thermometer,processed
2021-01-17T06:06:25.945141,111,thermometer,detected
2021-01-17T06:06:25.945549,111,thermometer,persisted
2021-01-17T06:06:26.345197,112,oximeter,processed
2021-01-17T06:06:26.345411,112,oximeter,detected
2021-01-17T06:06:26.345818,112,oximeter,persisted
2021-01-17T06:06:26.945400,112,thermometer,processed
2021-01-17T06:06:26.945629,112,thermometer,detected
2021-01-17T06:06:26.945837,112,thermometer,persisted
2021-01-17T06:06:27.345519,113,oximeter,processed
2021-01-17T06:06:27.345679,113,oximeter,detected
2021-01-17T06:06:27.345890,113,oximeter,persisted
2021-01-17T06:06:27.945792,113,thermometer,processed
2021-01-17T06:06:27.945955,113,thermometer,detected
2021-01-17T06:06:27.946225,113,thermometer,persisted
2021-01-17T06:06:28.346000,114,oximeter,processed
2021-01-17T06:06:28.346199,114,oximeter,detected
2021-01-17T06:06:28.346411,114,oximeter,persisted
2021-01-17T06:06:28.946198,114,thermometer,processed
2021-01-17T06:06:28.946401,114,thermometer,detected
2021-01-17T06:06:28.946614,114,thermometer,persisted
2021-01-17T06:06:29.346368,115,oximeter,processed
2021-01-17T06:06:29.346611,115,oximeter,detected
2021-01-17T06:06:29.346808,115,oximeter,persisted
2021-01-17T06:06:29.946619,115,thermometer,processed
2021-01-17T06:06:29.946789,115,thermometer,detected
2021-01-17T06:06:29.947113,115,thermometer,persisted
2021-01-17T06:06:30.346846,116,oximeter,processed
2021-01-17T06:06:30.347050,116,oximeter,detected
2021-01-17T06:06:30.347226,116,oximeter,persisted
2021-01-17T06:06:30.947069,116,thermometer,processed
2021-01-17T06:06:30.947266,116,thermometer,detected
2021-01-17T06:06:30.947554,116,thermometer,persisted
2021-01-17T06:06:31.347241,117,oximeter,processed
2021-01-17T06:06:31.347466,117,oximeter,detected
2021-01-17T06:06:31.347721,117,oximeter,persisted
2021-01-17T06:06:31.947534,117,thermometer,processed
2021-01-17T06:06:31.947733,117,thermometer,detected
2021-01-17T06:06:31.947985,117,thermometer,persisted
2021-01-17T06:06:32.347631,118,oximeter,processed
2021-01-17T06:06:32.347830,118,oximeter,detected
2021-01-17T06:06:32.348217,118,oximeter,persisted
2021-01-17T06:06:32.947883,118,thermometer,processed
2021-01-17T06:06:32.948098,118,thermometer,detected
2021-01-17T06:06:32.948295,118,thermometer,persisted
2021-01-17T06:06:33.348043,119,oximeter,processed
2021-01-17T06:06:33.348244,119,oximeter,detected
2021-01-17T06:06:33.348466,119,oximeter,persisted
2021-01-17T06:06:33.948280,119,thermometer,processed
2021-01-17T06:06:33.948447,119,thermometer,detected
2021-01-17T06:06:33.948688,119,thermometer,persisted
