
2021-01-15T21:48:12.290450,2,oximeter,processed
2021-01-15T21:48:12.290668,2,oximeter,detected
2021-01-15T21:48:12.290979,2,oximeter,persisted
2021-01-15T21:48:12.690555,2,ecg,processed
2021-01-15T21:48:12.690755,2,ecg,detected
2021-01-15T21:48:12.690987,2,ecg,persisted
2021-01-15T21:48:12.890640,2,thermometer,processed
2021-01-15T21:48:12.890837,2,thermometer,detected
2021-01-15T21:48:12.891047,2,thermometer,persisted
2021-01-15T21:48:13.290826,3,oximeter,processed
2021-01-15T21:48:13.291028,3,oximeter,detected
2021-01-15T21:48:13.291272,3,oximeter,persisted
2021-01-15T21:48:13.690992,3,ecg,processed
2021-01-15T21:48:13.691164,3,ecg,detected
2021-01-15T21:48:13.694916,3,ecg,persisted
2021-01-15T21:48:13.891063,3,thermometer,processed
2021-01-15T21:48:13.891223,3,thermometer,detected
2021-01-15T21:48:13.891465,3,thermometer,persisted
2021-01-15T21:48:14.291245,4,oximeter,processed
2021-01-15T21:48:14.291453,4,oximeter,detected
2021-01-15T21:48:14.291675,4,oximeter,persisted
2021-01-15T21:48:14.691447,4,ecg,processed
2021-01-15T21:48:14.691650,4,ecg,detected
2021-01-15T21:48:14.691876,4,ecg,persisted
2021-01-15T21:48:14.891551,4,thermometer,processed
2021-01-15T21:48:14.891750,4,thermometer,detected
2021-01-15T21:48:14.892043,4,thermometer,persisted
2021-01-15T21:48:15.291673,5,oximeter,processed
2021-01-15T21:48:15.291841,5,oximeter,detected
2021-01-15T21:48:15.292065,5,oximeter,persisted
2021-01-15T21:48:15.691850,5,ecg,processed
2021-01-15T21:48:15.692013,5,ecg,detected
2021-01-15T21:48:15.692232,5,ecg,persisted
2021-01-15T21:48:15.891908,5,thermometer,processed
2021-01-15T21:48:15.892067,5,thermometer,detected
2021-01-15T21:48:15.892442,5,thermometer,persisted
2021-01-15T21:48:16.292075,6,oximeter,processed
2021-01-15T21:48:16.292277,6,oximeter,detected
2021-01-15T21:48:16.292505,6,oximeter,persisted
2021-01-15T21:48:16.692253,6,ecg,processed
2021-01-15T21:48:16.692441,6,ecg,detected
2021-01-15T21:48:16.692688,6,ecg,persisted
2021-01-15T21:48:16.892322,6,thermometer,processed
2021-01-15T21:48:16.892507,6,thermometer,detected
2021-01-15T21:48:16.892757,6,thermometer,persisted
2021-01-15T21:48:17.292497,7,oximeter,processed
2021-01-15T21:48:17.292663,7,oximeter,detected
2021-01-15T21:48:17.292870,7,oximeter,persisted
2021-01-15T21:48:17.692655,7,ecg,processed
2021-01-15T21:48:17.692818,7,ecg,detected
2021-01-15T21:48:17.693215,7,ecg,persisted
2021-01-15T21:48:17.892771,7,thermometer,processed
2021-01-15T21:48:17.892932,7,thermometer,detected
2021-01-15T21:48:17.893147,7,thermometer,persisted
2021-01-15T21:48:18.292911,8,oximeter,processed
2021-01-15T21:48:18.293077,8,oximeter,detected
2021-01-15T21:48:18.293273,8,oximeter,persisted
2021-01-15T21:48:18.693070,8,ecg,processed
2021-01-15T21:48:18.693195,8,ecg,detected
2021-01-15T21:48:18.696518,8,ecg,persisted
2021-01-15T21:48:18.893078,8,thermometer,processed
2021-01-15T21:48:18.893171,8,thermometer,detected
2021-01-15T21:48:18.893269,8,thermometer,persisted
2021-01-15T21:48:19.293351,9,oximeter,processed
2021-01-15T21:48:19.293539,9,oximeter,detected
2021-01-15T21:48:19.293816,9,oximeter,persisted
2021-01-15T21:48:19.693523,9,ecg,processed
2021-01-15T21:48:19.693730,9,ecg,detected
2021-01-15T21:48:19.693946,9,ecg,persisted
2021-01-15T21:48:19.893612,9,thermometer,processed
2021-01-15T21:48:19.893808,9,thermometer,detected
2021-01-15T21:48:19.894179,9,thermometer,persisted
2021-01-15T21:48:20.293767,10,oximeter,processed
2021-01-15T21:48:20.293977,10,oximeter,detected
2021-01-15T21:48:20.294276,10,oximeter,persisted
2021-01-15T21:48:20.693910,10,ecg,processed
2021-01-15T21:48:20.694099,10,ecg,detected
2021-01-15T21:48:20.694351,10,ecg,persisted
2021-01-15T21:48:20.893993,10,thermometer,processed
2021-01-15T21:48:20.894153,10,thermometer,detected
2021-01-15T21:48:20.894504,10,thermometer,persisted
2021-01-15T21:48:21.294166,11,oximeter,processed
2021-01-15T21:48:21.294358,11,oximeter,detected
2021-01-15T21:48:21.294647,11,oximeter,persisted
2021-01-15T21:48:21.694367,11,ecg,processed
2021-01-15T21:48:21.694569,11,ecg,detected
2021-01-15T21:48:21.694791,11,ecg,persisted
2021-01-15T21:48:21.894440,11,thermometer,processed
2021-01-15T21:48:21.894671,11,thermometer,detected
2021-01-15T21:48:21.894878,11,thermometer,persisted
2021-01-15T21:48:22.294616,12,oximeter,processed
2021-01-15T21:48:22.294823,12,oximeter,detected
2021-01-15T21:48:22.295048,12,oximeter,persisted
2021-01-15T21:48:22.694761,12,ecg,processed
2021-01-15T21:48:22.694947,12,ecg,detected
2021-01-15T21:48:22.695247,12,ecg,persisted
2021-01-15T21:48:22.894946,12,thermometer,processed
2021-01-15T21:48:22.895126,12,thermometer,detected
2021-01-15T21:48:22.895332,12,thermometer,persisted
2021-01-15T21:48:23.295111,13,oximeter,processed
2021-01-15T21:48:23.295305,13,oximeter,detected
2021-01-15T21:48:23.295572,13,oximeter,persisted
2021-01-15T21:48:23.695246,13,ecg,processed
2021-01-15T21:48:23.698840,13,ecg,detected
2021-01-15T21:48:23.699065,13,ecg,persisted
2021-01-15T21:48:23.895315,13,thermometer,processed
2021-01-15T21:48:23.895522,13,thermometer,detected
2021-01-15T21:48:23.895721,13,thermometer,persisted
2021-01-15T21:48:24.295509,14,oximeter,processed
2021-01-15T21:48:24.295673,14,oximeter,detected
2021-01-15T21:48:24.295891,14,oximeter,persisted
2021-01-15T21:48:24.695662,14,ecg,processed
2021-01-15T21:48:24.695838,14,ecg,detected
2021-01-15T21:48:24.696053,14,ecg,persisted
2021-01-15T21:48:24.895738,14,thermometer,processed
2021-01-15T21:48:24.895939,14,thermometer,detected
2021-01-15T21:48:24.896134,14,thermometer,persisted
2021-01-15T21:48:25.295897,15,oximeter,processed
2021-01-15T21:48:25.296107,15,oximeter,detected
2021-01-15T21:48:25.296307,15,oximeter,persisted
2021-01-15T21:48:25.696062,15,ecg,processed
2021-01-15T21:48:25.696265,15,ecg,detected
2021-01-15T21:48:25.696475,15,ecg,persisted
2021-01-15T21:48:25.896144,15,thermometer,processed
2021-01-15T21:48:25.896335,15,thermometer,detected
2021-01-15T21:48:25.896566,15,thermometer,persisted
2021-01-15T21:48:26.296308,16,oximeter,processed
2021-01-15T21:48:26.296490,16,oximeter,detected
2021-01-15T21:48:26.296721,16,oximeter,persisted
2021-01-15T21:48:26.696489,16,ecg,processed
2021-01-15T21:48:26.696676,16,ecg,detected
2021-01-15T21:48:26.697047,16,ecg,persisted
2021-01-15T21:48:26.896558,16,thermometer,processed
2021-01-15T21:48:26.896774,16,thermometer,detected
2021-01-15T21:48:26.897012,16,thermometer,persisted
2021-01-15T21:48:27.296763,17,oximeter,processed
2021-01-15T21:48:27.296968,17,oximeter,detected
2021-01-15T21:48:27.297192,17,oximeter,persisted
2021-01-15T21:48:27.696889,17,ecg,processed
2021-01-15T21:48:27.697079,17,ecg,detected
2021-01-15T21:48:27.697313,17,ecg,persisted
2021-01-15T21:48:27.896966,17,thermometer,processed
2021-01-15T21:48:27.897172,17,thermometer,detected
2021-01-15T21:48:27.897387,17,thermometer,persisted
2021-01-15T21:48:28.297056,18,oximeter,processed
2021-01-15T21:48:28.297147,18,oximeter,detected
2021-01-15T21:48:28.297237,18,oximeter,persisted
2021-01-15T21:48:28.697365,18,ecg,processed
2021-01-15T21:48:28.697563,18,ecg,detected
2021-01-15T21:48:28.697970,18,ecg,persisted
2021-01-15T21:48:28.897456,18,thermometer,processed
2021-01-15T21:48:28.897644,18,thermometer,detected
2021-01-15T21:48:28.897900,18,thermometer,persisted
2021-01-15T21:48:29.297488,19,oximeter,processed
2021-01-15T21:48:29.297585,19,oximeter,detected
2021-01-15T21:48:29.297718,19,oximeter,persisted
2021-01-15T21:48:29.697657,19,ecg,processed
2021-01-15T21:48:29.697741,19,ecg,detected
2021-01-15T21:48:29.697819,19,ecg,persisted
2021-01-15T21:48:29.897738,19,thermometer,processed
2021-01-15T21:48:29.897832,19,thermometer,detected
2021-01-15T21:48:29.897915,19,thermometer,persisted
2021-01-15T21:48:30.297848,20,oximeter,processed
2021-01-15T21:48:30.297936,20,oximeter,detected
2021-01-15T21:48:30.298014,20,oximeter,persisted
2021-01-15T21:48:30.698004,20,ecg,processed
2021-01-15T21:48:30.698094,20,ecg,detected
2021-01-15T21:48:30.698204,20,ecg,persisted
2021-01-15T21:48:30.898046,20,thermometer,processed
2021-01-15T21:48:30.898130,20,thermometer,detected
2021-01-15T21:48:30.898205,20,thermometer,persisted
2021-01-15T21:48:31.298198,21,oximeter,processed
2021-01-15T21:48:31.298283,21,oximeter,detected
2021-01-15T21:48:31.300195,21,oximeter,persisted
2021-01-15T21:48:31.698347,21,ecg,processed
2021-01-15T21:48:31.698448,21,ecg,detected
2021-01-15T21:48:31.698782,21,ecg,persisted
2021-01-15T21:48:31.898363,21,thermometer,processed
2021-01-15T21:48:31.898463,21,thermometer,detected
2021-01-15T21:48:31.898629,21,thermometer,persisted
2021-01-15T21:48:32.298513,22,oximeter,processed
2021-01-15T21:48:32.298602,22,oximeter,detected
2021-01-15T21:48:32.298787,22,oximeter,persisted
2021-01-15T21:48:32.698614,22,ecg,processed
2021-01-15T21:48:32.698709,22,ecg,detected
2021-01-15T21:48:32.698791,22,ecg,persisted
2021-01-15T21:48:32.898671,22,thermometer,processed
2021-01-15T21:48:32.898753,22,thermometer,detected
2021-01-15T21:48:32.898826,22,thermometer,persisted
2021-01-15T21:48:33.298809,23,oximeter,processed
2021-01-15T21:48:33.298904,23,oximeter,detected
2021-01-15T21:48:33.299023,23,oximeter,persisted
2021-01-15T21:48:33.698934,23,ecg,processed
2021-01-15T21:48:33.699020,23,ecg,detected
2021-01-15T21:48:33.699382,23,ecg,persisted
2021-01-15T21:48:33.899060,23,thermometer,processed
2021-01-15T21:48:33.899191,23,thermometer,detected
2021-01-15T21:48:33.899356,23,thermometer,persisted
2021-01-15T21:48:34.299193,24,oximeter,processed
2021-01-15T21:48:34.299285,24,oximeter,detected
2021-01-15T21:48:34.299352,24,oximeter,persisted
2021-01-15T21:48:34.699325,24,ecg,processed
2021-01-15T21:48:34.699409,24,ecg,detected
2021-01-15T21:48:34.699524,24,ecg,persisted
2021-01-15T21:48:34.899477,24,thermometer,processed
2021-01-15T21:48:34.899575,24,thermometer,detected
2021-01-15T21:48:34.899660,24,thermometer,persisted
2021-01-15T21:48:35.299531,25,oximeter,processed
2021-01-15T21:48:35.299619,25,oximeter,detected
2021-01-15T21:48:35.299787,25,oximeter,persisted
2021-01-15T21:48:35.699670,25,ecg,processed
2021-01-15T21:48:35.699768,25,ecg,detected
2021-01-15T21:48:35.700049,25,ecg,persisted
2021-01-15T21:48:35.899729,25,thermometer,processed
2021-01-15T21:48:35.899833,25,thermometer,detected
2021-01-15T21:48:35.899954,25,thermometer,persisted
2021-01-15T21:48:36.299853,26,oximeter,processed
2021-01-15T21:48:36.299952,26,oximeter,detected
2021-01-15T21:48:36.300081,26,oximeter,persisted
2021-01-15T21:48:36.699965,26,ecg,processed
2021-01-15T21:48:36.700056,26,ecg,detected
2021-01-15T21:48:36.700134,26,ecg,persisted
2021-01-15T21:48:36.900025,26,thermometer,processed
2021-01-15T21:48:36.900104,26,thermometer,detected
2021-01-15T21:48:36.900238,26,thermometer,persisted
2021-01-15T21:48:37.300160,27,oximeter,processed
2021-01-15T21:48:37.300250,27,oximeter,detected
2021-01-15T21:48:37.300332,27,oximeter,persisted
2021-01-15T21:48:37.700294,27,ecg,processed
2021-01-15T21:48:37.700365,27,ecg,detected
2021-01-15T21:48:37.700453,27,ecg,persisted
2021-01-15T21:48:37.900360,27,thermometer,processed
2021-01-15T21:48:37.900443,27,thermometer,detected
2021-01-15T21:48:37.900592,27,thermometer,persisted
2021-01-15T21:48:38.300494,28,oximeter,processed
2021-01-15T21:48:38.300573,28,oximeter,detected
2021-01-15T21:48:38.300660,28,oximeter,persisted
2021-01-15T21:48:38.700666,28,ecg,processed
2021-01-15T21:48:38.700767,28,ecg,detected
2021-01-15T21:48:38.700893,28,ecg,persisted
2021-01-15T21:48:38.900720,28,thermometer,processed
2021-01-15T21:48:38.900804,28,thermometer,detected
2021-01-15T21:48:38.900998,28,thermometer,persisted
2021-01-15T21:48:39.300858,29,oximeter,processed
2021-01-15T21:48:39.300956,29,oximeter,detected
2021-01-15T21:48:39.301025,29,oximeter,persisted
2021-01-15T21:48:39.700986,29,ecg,processed
2021-01-15T21:48:39.701072,29,ecg,detected
2021-01-15T21:48:39.701261,29,ecg,persisted
2021-01-15T21:48:39.901040,29,thermometer,processed
2021-01-15T21:48:39.901126,29,thermometer,detected
2021-01-15T21:48:39.901218,29,thermometer,persisted
2021-01-15T21:48:40.301224,30,oximeter,processed
2021-01-15T21:48:40.301552,30,oximeter,detected
2021-01-15T21:48:40.301631,30,oximeter,persisted
2021-01-15T21:48:40.701324,30,ecg,processed
2021-01-15T21:48:40.701426,30,ecg,detected
2021-01-15T21:48:40.701498,30,ecg,persisted
2021-01-15T21:48:40.901388,30,thermometer,processed
2021-01-15T21:48:40.901482,30,thermometer,detected
2021-01-15T21:48:40.901821,30,thermometer,persisted
2021-01-15T21:48:41.301585,31,oximeter,processed
2021-01-15T21:48:41.301711,31,oximeter,detected
2021-01-15T21:48:41.301915,31,oximeter,persisted
2021-01-15T21:48:41.701651,31,ecg,processed
2021-01-15T21:48:41.701744,31,ecg,detected
2021-01-15T21:48:41.701832,31,ecg,persisted
2021-01-15T21:48:43.702273,33,ecg,processed
2021-01-15T21:48:43.702363,33,ecg,detected
2021-01-15T21:48:43.702435,33,ecg,persisted
2021-01-15T21:48:43.902335,33,thermometer,processed
2021-01-15T21:48:43.902410,33,thermometer,detected
2021-01-15T21:48:43.902496,33,thermometer,persisted
2021-01-15T21:48:44.302477,34,oximeter,processed
2021-01-15T21:48:44.302575,34,oximeter,detected
2021-01-15T21:48:44.302650,34,oximeter,persisted
2021-01-15T21:48:44.702597,34,ecg,processed
2021-01-15T21:48:44.702660,34,ecg,detected
2021-01-15T21:48:44.702741,34,ecg,persisted
2021-01-15T21:48:44.902676,34,thermometer,processed
2021-01-15T21:48:44.902768,34,thermometer,detected
2021-01-15T21:48:44.902939,34,thermometer,persisted
2021-01-15T21:48:45.302815,35,oximeter,processed
2021-01-15T21:48:45.302893,35,oximeter,detected
2021-01-15T21:48:45.303045,35,oximeter,persisted
2021-01-15T21:48:47.303471,37,oximeter,processed
2021-01-15T21:48:47.303566,37,oximeter,detected
2021-01-15T21:48:47.303714,37,oximeter,persisted
2021-01-15T21:48:47.703633,37,ecg,processed
2021-01-15T21:48:47.703733,37,ecg,detected
2021-01-15T21:48:47.703904,37,ecg,persisted
2021-01-15T21:48:48.303892,38,oximeter,processed
2021-01-15T21:48:48.304054,38,oximeter,detected
2021-01-15T21:48:48.304402,38,oximeter,persisted
2021-01-15T21:48:48.904152,38,thermometer,processed
2021-01-15T21:48:48.904350,38,thermometer,detected
2021-01-15T21:48:48.904609,38,thermometer,persisted
2021-01-15T21:48:49.304316,39,oximeter,processed
2021-01-15T21:48:49.304513,39,oximeter,detected
2021-01-15T21:48:49.304757,39,oximeter,persisted
2021-01-15T21:48:49.704387,39,ecg,processed
2021-01-15T21:48:49.704478,39,ecg,detected
2021-01-15T21:48:49.704686,39,ecg,persisted
2021-01-15T21:48:49.904433,39,thermometer,processed
2021-01-15T21:48:49.904511,39,thermometer,detected
2021-01-15T21:48:49.904596,39,thermometer,persisted
2021-01-15T21:48:50.304625,40,oximeter,processed
2021-01-15T21:48:50.304713,40,oximeter,detected
2021-01-15T21:48:50.304835,40,oximeter,persisted
2021-01-15T21:48:50.704758,40,ecg,processed
2021-01-15T21:48:50.704841,40,ecg,detected
2021-01-15T21:48:50.704918,40,ecg,persisted
2021-01-15T21:48:50.904831,40,thermometer,processed
2021-01-15T21:48:50.904927,40,thermometer,detected
2021-01-15T21:48:50.905004,40,thermometer,persisted
2021-01-15T21:48:51.305121,41,oximeter,processed
2021-01-15T21:48:51.305345,41,oximeter,detected
2021-01-15T21:48:51.305559,41,oximeter,persisted
2021-01-15T21:48:51.705230,41,ecg,processed
2021-01-15T21:48:51.705416,41,ecg,detected
2021-01-15T21:48:51.705641,41,ecg,persisted
2021-01-15T21:48:51.905354,41,thermometer,processed
2021-01-15T21:48:51.905509,41,thermometer,detected
2021-01-15T21:48:51.905706,41,thermometer,persisted
2021-01-15T21:48:52.305510,42,oximeter,processed
2021-01-15T21:48:52.305724,42,oximeter,detected
2021-01-15T21:48:52.305936,42,oximeter,persisted
2021-01-15T21:48:52.705714,42,ecg,processed
2021-01-15T21:48:52.705898,42,ecg,detected
2021-01-15T21:48:52.706144,42,ecg,persisted
2021-01-15T21:48:52.905785,42,thermometer,processed
2021-01-15T21:48:52.905946,42,thermometer,detected
2021-01-15T21:48:52.906171,42,thermometer,persisted
2021-01-15T21:48:53.305933,43,oximeter,processed
2021-01-15T21:48:53.306137,43,oximeter,detected
2021-01-15T21:48:53.306361,43,oximeter,persisted
2021-01-15T21:48:53.706153,43,ecg,processed
2021-01-15T21:48:53.706327,43,ecg,detected
2021-01-15T21:48:53.706547,43,ecg,persisted
2021-01-15T21:48:53.906199,43,thermometer,processed
2021-01-15T21:48:53.906385,43,thermometer,detected
2021-01-15T21:48:53.906625,43,thermometer,persisted
2021-01-15T21:48:54.306363,44,oximeter,processed
2021-01-15T21:48:54.306545,44,oximeter,detected
2021-01-15T21:48:54.306733,44,oximeter,persisted
2021-01-15T21:48:54.706579,44,ecg,processed
2021-01-15T21:48:54.706758,44,ecg,detected
2021-01-15T21:48:54.707054,44,ecg,persisted
2021-01-15T21:48:54.906615,44,thermometer,processed
2021-01-15T21:48:54.906798,44,thermometer,detected
2021-01-15T21:48:54.907048,44,thermometer,persisted
2021-01-15T21:48:55.306793,45,oximeter,processed
2021-01-15T21:48:55.306988,45,oximeter,detected
2021-01-15T21:48:55.307202,45,oximeter,persisted
2021-01-15T21:48:55.706977,45,ecg,processed
2021-01-15T21:48:55.707166,45,ecg,detected
2021-01-15T21:48:55.707393,45,ecg,persisted
2021-01-15T21:48:55.907088,45,thermometer,processed
2021-01-15T21:48:55.907279,45,thermometer,detected
2021-01-15T21:48:55.907537,45,thermometer,persisted
2021-01-15T21:48:56.307291,46,oximeter,processed
2021-01-15T21:48:56.307506,46,oximeter,detected
2021-01-15T21:48:56.307758,46,oximeter,persisted
2021-01-15T21:48:56.707550,46,ecg,processed
2021-01-15T21:48:56.707733,46,ecg,detected
2021-01-15T21:48:56.709010,46,ecg,persisted
2021-01-15T21:48:56.907571,46,thermometer,processed
2021-01-15T21:48:56.907729,46,thermometer,detected
2021-01-15T21:48:56.908115,46,thermometer,persisted
2021-01-15T21:48:57.707870,47,ecg,processed
2021-01-15T21:48:57.708050,47,ecg,detected
2021-01-15T21:48:57.708290,47,ecg,persisted
2021-01-15T21:48:57.907919,47,thermometer,processed
2021-01-15T21:48:57.908111,47,thermometer,detected
2021-01-15T21:48:57.908500,47,thermometer,persisted
2021-01-15T21:48:58.308068,48,oximeter,processed
2021-01-15T21:48:58.308226,48,oximeter,detected
2021-01-15T21:48:58.308447,48,oximeter,persisted
2021-01-15T21:48:58.708255,48,ecg,processed
2021-01-15T21:48:58.708407,48,ecg,detected
2021-01-15T21:48:58.708606,48,ecg,persisted
2021-01-15T21:48:58.908332,48,thermometer,processed
2021-01-15T21:48:58.908495,48,thermometer,detected
2021-01-15T21:48:58.908704,48,thermometer,persisted
2021-01-15T21:48:59.308513,49,oximeter,processed
2021-01-15T21:48:59.308702,49,oximeter,detected
2021-01-15T21:48:59.309037,49,oximeter,persisted
2021-01-15T21:48:59.708752,49,ecg,processed
2021-01-15T21:48:59.708916,49,ecg,detected
2021-01-15T21:48:59.709327,49,ecg,persisted
2021-01-15T21:48:59.908744,49,thermometer,processed
2021-01-15T21:48:59.908905,49,thermometer,detected
2021-01-15T21:48:59.909101,49,thermometer,persisted
2021-01-15T21:49:00.308842,50,oximeter,processed
2021-01-15T21:49:00.308935,50,oximeter,detected
2021-01-15T21:49:00.309067,50,oximeter,persisted
2021-01-15T21:49:01.309341,51,oximeter,processed
2021-01-15T21:49:01.309508,51,oximeter,detected
2021-01-15T21:49:01.309712,51,oximeter,persisted
2021-01-15T21:49:01.709596,51,thermometer,processed
2021-01-15T21:49:01.709753,51,thermometer,detected
2021-01-15T21:49:01.709955,51,thermometer,persisted
2021-01-15T21:49:02.309808,52,oximeter,processed
2021-01-15T21:49:02.310005,52,oximeter,detected
2021-01-15T21:49:02.310238,52,oximeter,persisted
2021-01-15T21:49:02.509854,52,ecg,processed
2021-01-15T21:49:02.511375,52,ecg,detected
2021-01-15T21:49:02.511656,52,ecg,persisted
2021-01-15T21:49:02.709946,52,thermometer,processed
2021-01-15T21:49:02.710097,52,thermometer,detected
2021-01-15T21:49:02.710465,52,thermometer,persisted
2021-01-15T21:49:03.310200,53,oximeter,processed
2021-01-15T21:49:03.310399,53,oximeter,detected
2021-01-15T21:49:03.310629,53,oximeter,persisted
2021-01-15T21:49:03.510266,53,ecg,processed
2021-01-15T21:49:03.510387,53,ecg,detected
2021-01-15T21:49:03.510577,53,ecg,persisted
2021-01-15T21:49:04.310608,54,oximeter,processed
2021-01-15T21:49:04.310798,54,oximeter,detected
2021-01-15T21:49:04.311018,54,oximeter,persisted
2021-01-15T21:49:04.510666,54,ecg,processed
2021-01-15T21:49:04.510810,54,ecg,detected
2021-01-15T21:49:04.511049,54,ecg,persisted
2021-01-15T21:49:04.710764,54,thermometer,processed
2021-01-15T21:49:04.710929,54,thermometer,detected
2021-01-15T21:49:04.711170,54,thermometer,persisted
2021-01-15T21:49:05.311025,55,oximeter,processed
2021-01-15T21:49:05.311181,55,oximeter,detected
2021-01-15T21:49:05.311388,55,oximeter,persisted
2021-01-15T21:49:05.511073,55,ecg,processed
2021-01-15T21:49:05.511202,55,ecg,detected
2021-01-15T21:49:05.511401,55,ecg,persisted
2021-01-15T21:49:05.711130,55,thermometer,processed
2021-01-15T21:49:05.711276,55,thermometer,detected
2021-01-15T21:49:05.711538,55,thermometer,persisted
2021-01-15T21:49:06.311430,56,oximeter,processed
2021-01-15T21:49:06.311628,56,oximeter,detected
2021-01-15T21:49:06.311846,56,oximeter,persisted
2021-01-15T21:49:06.511529,56,ecg,processed
2021-01-15T21:49:06.511678,56,ecg,detected
2021-01-15T21:49:06.511903,56,ecg,persisted
2021-01-15T21:49:06.711569,56,thermometer,processed
2021-01-15T21:49:06.711708,56,thermometer,detected
2021-01-15T21:49:06.711933,56,thermometer,persisted
2021-01-15T21:49:07.311744,57,oximeter,processed
2021-01-15T21:49:07.311923,57,oximeter,detected
2021-01-15T21:49:07.312194,57,oximeter,persisted
2021-01-15T21:49:07.511878,57,ecg,processed
2021-01-15T21:49:07.512036,57,ecg,detected
2021-01-15T21:49:07.512278,57,ecg,persisted
2021-01-15T21:49:07.711894,57,thermometer,processed
2021-01-15T21:49:07.712016,57,thermometer,detected
2021-01-15T21:49:07.712216,57,thermometer,persisted
2021-01-15T21:49:08.312153,58,oximeter,processed
2021-01-15T21:49:08.312309,58,oximeter,detected
2021-01-15T21:49:08.312484,58,oximeter,persisted
2021-01-15T21:49:09.312587,59,oximeter,processed
2021-01-15T21:49:09.312781,59,oximeter,detected
2021-01-15T21:49:09.312996,59,oximeter,persisted
2021-01-15T21:49:09.512645,59,ecg,processed
2021-01-15T21:49:09.512810,59,ecg,detected
2021-01-15T21:49:09.513099,59,ecg,persisted
2021-01-15T21:49:10.313017,60,oximeter,processed
2021-01-15T21:49:10.313227,60,oximeter,detected
2021-01-15T21:49:10.313445,60,oximeter,persisted
2021-01-15T21:49:10.513030,60,ecg,processed
2021-01-15T21:49:10.513144,60,ecg,detected
2021-01-15T21:49:10.513298,60,ecg,persisted
2021-01-15T21:49:10.713111,60,thermometer,processed
2021-01-15T21:49:10.713229,60,thermometer,detected
2021-01-15T21:49:10.713430,60,thermometer,persisted
2021-01-15T21:49:11.313418,61,oximeter,processed
2021-01-15T21:49:11.313611,61,oximeter,detected
2021-01-15T21:49:11.313830,61,oximeter,persisted
2021-01-15T21:49:11.513486,61,ecg,processed
2021-01-15T21:49:11.513646,61,ecg,detected
2021-01-15T21:49:11.513973,61,ecg,persisted
2021-01-15T21:49:11.713540,61,thermometer,processed
2021-01-15T21:49:11.713691,61,thermometer,detected
2021-01-15T21:49:11.713934,61,thermometer,persisted
2021-01-15T21:49:12.313815,62,oximeter,processed
2021-01-15T21:49:12.313970,62,oximeter,detected
2021-01-15T21:49:12.314181,62,oximeter,persisted
2021-01-15T21:49:12.513882,62,ecg,processed
2021-01-15T21:49:12.514025,62,ecg,detected
2021-01-15T21:49:12.514225,62,ecg,persisted
2021-01-15T21:49:13.314232,63,oximeter,processed
2021-01-15T21:49:13.314395,63,oximeter,detected
2021-01-15T21:49:13.314789,63,oximeter,persisted
2021-01-15T21:49:15.315129,65,oximeter,processed
2021-01-15T21:49:15.315322,65,oximeter,detected
2021-01-15T21:49:15.315585,65,oximeter,persisted
2021-01-15T21:49:16.315358,66,oximeter,processed
2021-01-15T21:49:16.315472,66,oximeter,detected
2021-01-15T21:49:16.315573,66,oximeter,persisted
2021-01-15T21:49:16.515545,66,ecg,processed
2021-01-15T21:49:16.515707,66,ecg,detected
2021-01-15T21:49:16.515894,66,ecg,persisted
2021-01-15T21:49:16.715504,66,thermometer,processed
2021-01-15T21:49:16.715596,66,thermometer,detected
2021-01-15T21:49:16.715729,66,thermometer,persisted
2021-01-15T21:49:17.315704,67,oximeter,processed
2021-01-15T21:49:17.315777,67,oximeter,detected
2021-01-15T21:49:17.315844,67,oximeter,persisted
2021-01-15T21:49:17.515724,67,ecg,processed
2021-01-15T21:49:17.515781,67,ecg,detected
2021-01-15T21:49:17.519216,67,ecg,persisted
