
2021-01-17T06:12:45.224484,2,oximeter,processed
2021-01-17T06:12:45.224688,2,oximeter,detected
2021-01-17T06:12:45.224913,2,oximeter,persisted
2021-01-17T06:12:45.424499,2,ecg,processed
2021-01-17T06:12:45.424660,2,ecg,detected
2021-01-17T06:12:45.424852,2,ecg,persisted
2021-01-17T06:12:45.624632,2,thermometer,processed
2021-01-17T06:12:45.624812,2,thermometer,detected
2021-01-17T06:12:45.625221,2,thermometer,persisted
2021-01-17T06:12:46.224877,3,oximeter,processed
2021-01-17T06:12:46.225054,3,oximeter,detected
2021-01-17T06:12:46.225279,3,oximeter,persisted
2021-01-17T06:12:46.424936,3,ecg,processed
2021-01-17T06:12:46.425134,3,ecg,detected
2021-01-17T06:12:46.425347,3,ecg,persisted
2021-01-17T06:12:46.625093,3,thermometer,processed
2021-01-17T06:12:46.625281,3,thermometer,detected
2021-01-17T06:12:46.625712,3,thermometer,persisted
2021-01-17T06:12:47.225257,4,oximeter,processed
2021-01-17T06:12:47.225426,4,oximeter,detected
2021-01-17T06:12:47.225644,4,oximeter,persisted
2021-01-17T06:12:47.425395,4,ecg,processed
2021-01-17T06:12:47.425596,4,ecg,detected
2021-01-17T06:12:47.425835,4,ecg,persisted
2021-01-17T06:12:47.625384,4,thermometer,processed
2021-01-17T06:12:47.625488,4,thermometer,detected
2021-01-17T06:12:47.625763,4,thermometer,persisted
2021-01-17T06:12:48.225643,5,oximeter,processed
2021-01-17T06:12:48.225834,5,oximeter,detected
2021-01-17T06:12:48.226093,5,oximeter,persisted
2021-01-17T06:12:48.425748,5,ecg,processed
2021-01-17T06:12:48.425939,5,ecg,detected
2021-01-17T06:12:48.426157,5,ecg,persisted
2021-01-17T06:12:48.625800,5,thermometer,processed
2021-01-17T06:12:48.625989,5,thermometer,detected
2021-01-17T06:12:48.626179,5,thermometer,persisted
2021-01-17T06:12:49.226072,6,oximeter,processed
2021-01-17T06:12:49.226290,6,oximeter,detected
2021-01-17T06:12:49.226532,6,oximeter,persisted
2021-01-17T06:12:49.426122,6,ecg,processed
2021-01-17T06:12:49.426308,6,ecg,detected
2021-01-17T06:12:49.426525,6,ecg,persisted
2021-01-17T06:12:49.626232,6,thermometer,processed
2021-01-17T06:12:49.626381,6,thermometer,detected
2021-01-17T06:12:49.626551,6,thermometer,persisted
2021-01-17T06:12:50.226469,7,oximeter,processed
2021-01-17T06:12:50.226631,7,oximeter,detected
2021-01-17T06:12:50.226829,7,oximeter,persisted
2021-01-17T06:12:50.426547,7,ecg,processed
2021-01-17T06:12:50.426722,7,ecg,detected
2021-01-17T06:12:50.426920,7,ecg,persisted
2021-01-17T06:12:50.626621,7,thermometer,processed
2021-01-17T06:12:50.626797,7,thermometer,detected
2021-01-17T06:12:50.627027,7,thermometer,persisted
2021-01-17T06:12:51.226878,8,oximeter,processed
2021-01-17T06:12:51.227039,8,oximeter,detected
2021-01-17T06:12:51.227245,8,oximeter,persisted
2021-01-17T06:12:51.426955,8,ecg,processed
2021-01-17T06:12:51.427160,8,ecg,detected
2021-01-17T06:12:51.427413,8,ecg,persisted
2021-01-17T06:12:51.627100,8,thermometer,processed
2021-01-17T06:12:51.627269,8,thermometer,detected
2021-01-17T06:12:51.627488,8,thermometer,persisted
2021-01-17T06:12:52.227354,9,oximeter,processed
2021-01-17T06:12:52.227527,9,oximeter,detected
2021-01-17T06:12:52.227705,9,oximeter,persisted
2021-01-17T06:12:52.427424,9,ecg,processed
2021-01-17T06:12:52.427577,9,ecg,detected
2021-01-17T06:12:52.427780,9,ecg,persisted
2021-01-17T06:12:52.627394,9,thermometer,processed
2021-01-17T06:12:52.627479,9,thermometer,detected
2021-01-17T06:12:52.627559,9,thermometer,persisted
2021-01-17T06:12:53.227705,10,oximeter,processed
2021-01-17T06:12:53.227868,10,oximeter,detected
2021-01-17T06:12:53.228092,10,oximeter,persisted
2021-01-17T06:12:53.427773,10,ecg,processed
2021-01-17T06:12:53.427931,10,ecg,detected
2021-01-17T06:12:53.428123,10,ecg,persisted
2021-01-17T06:12:53.627828,10,thermometer,processed
2021-01-17T06:12:53.627978,10,thermometer,detected
2021-01-17T06:12:53.628187,10,thermometer,persisted
2021-01-17T06:12:54.228051,11,oximeter,processed
2021-01-17T06:12:54.228249,11,oximeter,detected
2021-01-17T06:12:54.228465,11,oximeter,persisted
2021-01-17T06:12:54.428169,11,ecg,processed
2021-01-17T06:12:54.428338,11,ecg,detected
2021-01-17T06:12:54.428531,11,ecg,persisted
2021-01-17T06:12:54.628265,11,thermometer,processed
2021-01-17T06:12:54.628463,11,thermometer,detected
2021-01-17T06:12:54.628819,11,thermometer,persisted
2021-01-17T06:12:55.228456,12,oximeter,processed
2021-01-17T06:12:55.228656,12,oximeter,detected
2021-01-17T06:12:55.228888,12,oximeter,persisted
2021-01-17T06:12:55.428557,12,ecg,processed
2021-01-17T06:12:55.428769,12,ecg,detected
2021-01-17T06:12:55.428984,12,ecg,persisted
2021-01-17T06:12:55.628648,12,thermometer,processed
2021-01-17T06:12:55.628780,12,thermometer,detected
2021-01-17T06:12:55.628925,12,thermometer,persisted
2021-01-17T06:12:56.228885,13,oximeter,processed
2021-01-17T06:12:56.229051,13,oximeter,detected
2021-01-17T06:12:56.229309,13,oximeter,persisted
2021-01-17T06:12:56.428959,13,ecg,processed
2021-01-17T06:12:56.429151,13,ecg,detected
2021-01-17T06:12:56.429380,13,ecg,persisted
2021-01-17T06:12:56.629082,13,thermometer,processed
2021-01-17T06:12:56.629231,13,thermometer,detected
2021-01-17T06:12:56.629440,13,thermometer,persisted
2021-01-17T06:12:57.229301,14,oximeter,processed
2021-01-17T06:12:57.229466,14,oximeter,detected
2021-01-17T06:12:57.229651,14,oximeter,persisted
2021-01-17T06:12:57.429374,14,ecg,processed
2021-01-17T06:12:57.429559,14,ecg,detected
2021-01-17T06:12:57.429823,14,ecg,persisted
2021-01-17T06:12:57.629451,14,thermometer,processed
2021-01-17T06:12:57.629642,14,thermometer,detected
2021-01-17T06:12:57.629899,14,thermometer,persisted
2021-01-17T06:12:58.229711,15,oximeter,processed
2021-01-17T06:12:58.229911,15,oximeter,detected
2021-01-17T06:12:58.230163,15,oximeter,persisted
2021-01-17T06:12:58.429806,15,ecg,processed
2021-01-17T06:12:58.430006,15,ecg,detected
2021-01-17T06:12:58.430246,15,ecg,persisted
2021-01-17T06:12:58.629968,15,thermometer,processed
2021-01-17T06:12:58.630165,15,thermometer,detected
2021-01-17T06:12:58.630418,15,thermometer,persisted
2021-01-17T06:12:59.230154,16,oximeter,processed
2021-01-17T06:12:59.230317,16,oximeter,detected
2021-01-17T06:12:59.230547,16,oximeter,persisted
2021-01-17T06:12:59.430246,16,ecg,processed
2021-01-17T06:12:59.430453,16,ecg,detected
2021-01-17T06:12:59.430667,16,ecg,persisted
2021-01-17T06:12:59.630384,16,thermometer,processed
2021-01-17T06:12:59.630588,16,thermometer,detected
2021-01-17T06:12:59.630968,16,thermometer,persisted
2021-01-17T06:13:00.230612,17,oximeter,processed
2021-01-17T06:13:00.230805,17,oximeter,detected
2021-01-17T06:13:00.231024,17,oximeter,persisted
2021-01-17T06:13:00.430665,17,ecg,processed
2021-01-17T06:13:00.430855,17,ecg,detected
2021-01-17T06:13:00.431056,17,ecg,persisted
2021-01-17T06:13:00.630778,17,thermometer,processed
2021-01-17T06:13:00.630987,17,thermometer,detected
2021-01-17T06:13:00.631427,17,thermometer,persisted
2021-01-17T06:13:01.231028,18,oximeter,processed
2021-01-17T06:13:01.231183,18,oximeter,detected
2021-01-17T06:13:01.231435,18,oximeter,persisted
2021-01-17T06:13:01.431087,18,ecg,processed
2021-01-17T06:13:01.431316,18,ecg,detected
2021-01-17T06:13:01.431536,18,ecg,persisted
2021-01-17T06:13:01.631268,18,thermometer,processed
2021-01-17T06:13:01.631451,18,thermometer,detected
2021-01-17T06:13:01.631772,18,thermometer,persisted
2021-01-17T06:13:02.231452,19,oximeter,processed
2021-01-17T06:13:02.231607,19,oximeter,detected
2021-01-17T06:13:02.231794,19,oximeter,persisted
2021-01-17T06:13:02.431563,19,ecg,processed
2021-01-17T06:13:02.431756,19,ecg,detected
2021-01-17T06:13:02.431966,19,ecg,persisted
2021-01-17T06:13:02.631607,19,thermometer,processed
2021-01-17T06:13:02.631798,19,thermometer,detected
2021-01-17T06:13:02.631985,19,thermometer,persisted
2021-01-17T06:13:03.231837,20,oximeter,processed
2021-01-17T06:13:03.232021,20,oximeter,detected
2021-01-17T06:13:03.232245,20,oximeter,persisted
2021-01-17T06:13:03.431934,20,ecg,processed
2021-01-17T06:13:03.432123,20,ecg,detected
2021-01-17T06:13:03.432351,20,ecg,persisted
2021-01-17T06:13:03.632004,20,thermometer,processed
2021-01-17T06:13:03.632157,20,thermometer,detected
2021-01-17T06:13:03.632522,20,thermometer,persisted
2021-01-17T06:13:04.232267,21,oximeter,processed
2021-01-17T06:13:04.232428,21,oximeter,detected
2021-01-17T06:13:04.232693,21,oximeter,persisted
2021-01-17T06:13:04.432372,21,ecg,processed
2021-01-17T06:13:04.432524,21,ecg,detected
2021-01-17T06:13:04.432758,21,ecg,persisted
2021-01-17T06:13:04.632431,21,thermometer,processed
2021-01-17T06:13:04.632607,21,thermometer,detected
2021-01-17T06:13:04.632818,21,thermometer,persisted
2021-01-17T06:13:05.232716,22,oximeter,processed
2021-01-17T06:13:05.232914,22,oximeter,detected
2021-01-17T06:13:05.233128,22,oximeter,persisted
2021-01-17T06:13:05.432794,22,ecg,processed
2021-01-17T06:13:05.432970,22,ecg,detected
2021-01-17T06:13:05.433159,22,ecg,persisted
2021-01-17T06:13:05.632872,22,thermometer,processed
2021-01-17T06:13:05.633023,22,thermometer,detected
2021-01-17T06:13:05.633184,22,thermometer,persisted
2021-01-17T06:13:06.233133,23,oximeter,processed
2021-01-17T06:13:06.233331,23,oximeter,detected
2021-01-17T06:13:06.233551,23,oximeter,persisted
2021-01-17T06:13:06.433229,23,ecg,processed
2021-01-17T06:13:06.433385,23,ecg,detected
2021-01-17T06:13:06.433595,23,ecg,persisted
2021-01-17T06:13:06.633323,23,thermometer,processed
2021-01-17T06:13:06.633502,23,thermometer,detected
2021-01-17T06:13:06.633690,23,thermometer,persisted
2021-01-17T06:13:07.233538,24,oximeter,processed
2021-01-17T06:13:07.233699,24,oximeter,detected
2021-01-17T06:13:07.233951,24,oximeter,persisted
2021-01-17T06:13:07.433660,24,ecg,processed
2021-01-17T06:13:07.433843,24,ecg,detected
2021-01-17T06:13:07.434062,24,ecg,persisted
2021-01-17T06:13:07.633752,24,thermometer,processed
2021-01-17T06:13:07.633901,24,thermometer,detected
2021-01-17T06:13:07.634210,24,thermometer,persisted
2021-01-17T06:13:08.233995,25,oximeter,processed
2021-01-17T06:13:08.234146,25,oximeter,detected
2021-01-17T06:13:08.234386,25,oximeter,persisted
2021-01-17T06:13:08.434061,25,ecg,processed
2021-01-17T06:13:08.434263,25,ecg,detected
2021-01-17T06:13:08.434514,25,ecg,persisted
2021-01-17T06:13:08.634157,25,thermometer,processed
2021-01-17T06:13:08.634353,25,thermometer,detected
2021-01-17T06:13:08.634540,25,thermometer,persisted
2021-01-17T06:13:09.234399,26,oximeter,processed
2021-01-17T06:13:09.234562,26,oximeter,detected
2021-01-17T06:13:09.234940,26,oximeter,persisted
2021-01-17T06:13:09.434501,26,ecg,processed
2021-01-17T06:13:09.434668,26,ecg,detected
2021-01-17T06:13:09.434846,26,ecg,persisted
2021-01-17T06:13:09.634579,26,thermometer,processed
2021-01-17T06:13:09.634746,26,thermometer,detected
2021-01-17T06:13:09.634941,26,thermometer,persisted
2021-01-17T06:13:10.234842,27,oximeter,processed
2021-01-17T06:13:10.235009,27,oximeter,detected
2021-01-17T06:13:10.235272,27,oximeter,persisted
2021-01-17T06:13:10.434915,27,ecg,processed
2021-01-17T06:13:10.435114,27,ecg,detected
2021-01-17T06:13:10.435378,27,ecg,persisted
2021-01-17T06:13:10.635077,27,thermometer,processed
2021-01-17T06:13:10.635260,27,thermometer,detected
2021-01-17T06:13:10.635466,27,thermometer,persisted
2021-01-17T06:13:11.235252,28,oximeter,processed
2021-01-17T06:13:11.235454,28,oximeter,detected
2021-01-17T06:13:11.235660,28,oximeter,persisted
2021-01-17T06:13:11.435409,28,ecg,processed
2021-01-17T06:13:11.435603,28,ecg,detected
2021-01-17T06:13:11.435838,28,ecg,persisted
2021-01-17T06:13:11.635445,28,thermometer,processed
2021-01-17T06:13:11.635607,28,thermometer,detected
2021-01-17T06:13:11.635821,28,thermometer,persisted
2021-01-17T06:13:12.235727,29,oximeter,processed
2021-01-17T06:13:12.235891,29,oximeter,detected
2021-01-17T06:13:12.236228,29,oximeter,persisted
2021-01-17T06:13:12.435780,29,ecg,processed
2021-01-17T06:13:12.435939,29,ecg,detected
2021-01-17T06:13:12.436185,29,ecg,persisted
2021-01-17T06:13:12.635910,29,thermometer,processed
2021-01-17T06:13:12.636126,29,thermometer,detected
2021-01-17T06:13:12.636428,29,thermometer,persisted
2021-01-17T06:13:13.236161,30,oximeter,processed
2021-01-17T06:13:13.236354,30,oximeter,detected
2021-01-17T06:13:13.236602,30,oximeter,persisted
2021-01-17T06:13:13.436204,30,ecg,processed
2021-01-17T06:13:13.436373,30,ecg,detected
2021-01-17T06:13:13.436600,30,ecg,persisted
2021-01-17T06:13:13.636280,30,thermometer,processed
2021-01-17T06:13:13.636436,30,thermometer,detected
2021-01-17T06:13:13.636690,30,thermometer,persisted
2021-01-17T06:13:14.236594,31,oximeter,processed
2021-01-17T06:13:14.236779,31,oximeter,detected
2021-01-17T06:13:14.237005,31,oximeter,persisted
2021-01-17T06:13:14.436614,31,ecg,processed
2021-01-17T06:13:14.436806,31,ecg,detected
2021-01-17T06:13:14.437026,31,ecg,persisted
2021-01-17T06:13:14.636764,31,thermometer,processed
2021-01-17T06:13:14.636944,31,thermometer,detected
2021-01-17T06:13:14.637307,31,thermometer,persisted
2021-01-17T06:13:15.237039,32,oximeter,processed
2021-01-17T06:13:15.237252,32,oximeter,detected
2021-01-17T06:13:15.237797,32,oximeter,persisted
2021-01-17T06:13:15.437062,32,ecg,processed
2021-01-17T06:13:15.437257,32,ecg,detected
2021-01-17T06:13:15.437474,32,ecg,persisted
2021-01-17T06:13:15.637129,32,thermometer,processed
2021-01-17T06:13:15.637302,32,thermometer,detected
2021-01-17T06:13:15.637528,32,thermometer,persisted
2021-01-17T06:13:16.237426,33,oximeter,processed
2021-01-17T06:13:16.237676,33,oximeter,detected
2021-01-17T06:13:16.238331,33,oximeter,persisted
2021-01-17T06:13:16.437519,33,ecg,processed
2021-01-17T06:13:16.437718,33,ecg,detected
2021-01-17T06:13:16.437965,33,ecg,persisted
2021-01-17T06:13:16.637653,33,thermometer,processed
2021-01-17T06:13:16.637844,33,thermometer,detected
2021-01-17T06:13:16.638055,33,thermometer,persisted
2021-01-17T06:13:17.237841,34,oximeter,processed
2021-01-17T06:13:17.238033,34,oximeter,detected
2021-01-17T06:13:17.238241,34,oximeter,persisted
2021-01-17T06:13:17.437915,34,ecg,processed
2021-01-17T06:13:17.438102,34,ecg,detected
2021-01-17T06:13:17.438323,34,ecg,persisted
2021-01-17T06:13:17.638033,34,thermometer,processed
2021-01-17T06:13:17.638240,34,thermometer,detected
2021-01-17T06:13:17.638472,34,thermometer,persisted
2021-01-17T06:13:18.238269,35,oximeter,processed
2021-01-17T06:13:18.238434,35,oximeter,detected
2021-01-17T06:13:18.238652,35,oximeter,persisted
2021-01-17T06:13:18.438341,35,ecg,processed
2021-01-17T06:13:18.438532,35,ecg,detected
2021-01-17T06:13:18.438781,35,ecg,persisted
2021-01-17T06:13:18.638449,35,thermometer,processed
2021-01-17T06:13:18.638631,35,thermometer,detected
2021-01-17T06:13:18.639006,35,thermometer,persisted
2021-01-17T06:13:19.238698,36,oximeter,processed
2021-01-17T06:13:19.238855,36,oximeter,detected
2021-01-17T06:13:19.239051,36,oximeter,persisted
2021-01-17T06:13:19.438772,36,ecg,processed
2021-01-17T06:13:19.438962,36,ecg,detected
2021-01-17T06:13:19.439193,36,ecg,persisted
2021-01-17T06:13:19.638874,36,thermometer,processed
2021-01-17T06:13:19.639035,36,thermometer,detected
2021-01-17T06:13:19.639242,36,thermometer,persisted
2021-01-17T06:13:20.239108,37,oximeter,processed
2021-01-17T06:13:20.239272,37,oximeter,detected
2021-01-17T06:13:20.239556,37,oximeter,persisted
2021-01-17T06:13:20.439199,37,ecg,processed
2021-01-17T06:13:20.439408,37,ecg,detected
2021-01-17T06:13:20.439620,37,ecg,persisted
2021-01-17T06:13:20.639381,37,thermometer,processed
2021-01-17T06:13:20.639551,37,thermometer,detected
2021-01-17T06:13:20.639984,37,thermometer,persisted
2021-01-17T06:13:21.239532,38,oximeter,processed
2021-01-17T06:13:21.239702,38,oximeter,detected
2021-01-17T06:13:21.239943,38,oximeter,persisted
2021-01-17T06:13:21.439603,38,ecg,processed
2021-01-17T06:13:21.439764,38,ecg,detected
2021-01-17T06:13:21.439975,38,ecg,persisted
2021-01-17T06:13:21.639736,38,thermometer,processed
2021-01-17T06:13:21.639929,38,thermometer,detected
2021-01-17T06:13:21.640322,38,thermometer,persisted
2021-01-17T06:13:22.239926,39,oximeter,processed
2021-01-17T06:13:22.240119,39,oximeter,detected
2021-01-17T06:13:22.240332,39,oximeter,persisted
2021-01-17T06:13:22.440003,39,ecg,processed
2021-01-17T06:13:22.440156,39,ecg,detected
2021-01-17T06:13:22.440359,39,ecg,persisted
2021-01-17T06:13:22.640100,39,thermometer,processed
2021-01-17T06:13:22.640292,39,thermometer,detected
2021-01-17T06:13:22.640495,39,thermometer,persisted
2021-01-17T06:13:23.240405,40,oximeter,processed
2021-01-17T06:13:23.240650,40,oximeter,detected
2021-01-17T06:13:23.240927,40,oximeter,persisted
2021-01-17T06:13:23.440439,40,ecg,processed
2021-01-17T06:13:23.440635,40,ecg,detected
2021-01-17T06:13:23.440857,40,ecg,persisted
2021-01-17T06:13:23.640600,40,thermometer,processed
2021-01-17T06:13:23.640824,40,thermometer,detected
2021-01-17T06:13:23.641192,40,thermometer,persisted
2021-01-17T06:13:24.240787,41,oximeter,processed
2021-01-17T06:13:24.240962,41,oximeter,detected
2021-01-17T06:13:24.241180,41,oximeter,persisted
2021-01-17T06:13:24.440890,41,ecg,processed
2021-01-17T06:13:24.441097,41,ecg,detected
2021-01-17T06:13:24.441335,41,ecg,persisted
2021-01-17T06:13:24.640968,41,thermometer,processed
2021-01-17T06:13:24.641166,41,thermometer,detected
2021-01-17T06:13:24.641374,41,thermometer,persisted
2021-01-17T06:13:25.241220,42,oximeter,processed
2021-01-17T06:13:25.241419,42,oximeter,detected
2021-01-17T06:13:25.241638,42,oximeter,persisted
2021-01-17T06:13:25.441294,42,ecg,processed
2021-01-17T06:13:25.441453,42,ecg,detected
2021-01-17T06:13:25.441648,42,ecg,persisted
2021-01-17T06:13:25.641359,42,thermometer,processed
2021-01-17T06:13:25.641492,42,thermometer,detected
2021-01-17T06:13:25.641690,42,thermometer,persisted
2021-01-17T06:13:26.241588,43,oximeter,processed
2021-01-17T06:13:26.241785,43,oximeter,detected
2021-01-17T06:13:26.242006,43,oximeter,persisted
2021-01-17T06:13:26.441687,43,ecg,processed
2021-01-17T06:13:26.441886,43,ecg,detected
2021-01-17T06:13:26.442130,43,ecg,persisted
2021-01-17T06:13:26.641842,43,thermometer,processed
2021-01-17T06:13:26.642004,43,thermometer,detected
2021-01-17T06:13:26.642174,43,thermometer,persisted
2021-01-17T06:13:27.242030,44,oximeter,processed
2021-01-17T06:13:27.242189,44,oximeter,detected
2021-01-17T06:13:27.242449,44,oximeter,persisted
2021-01-17T06:13:27.442141,44,ecg,processed
2021-01-17T06:13:27.442294,44,ecg,detected
2021-01-17T06:13:27.442485,44,ecg,persisted
2021-01-17T06:13:27.642218,44,thermometer,processed
2021-01-17T06:13:27.642411,44,thermometer,detected
2021-01-17T06:13:27.642970,44,thermometer,persisted
2021-01-17T06:13:28.242421,45,oximeter,processed
2021-01-17T06:13:28.242585,45,oximeter,detected
2021-01-17T06:13:28.242809,45,oximeter,persisted
2021-01-17T06:13:28.442543,45,ecg,processed
2021-01-17T06:13:28.442763,45,ecg,detected
2021-01-17T06:13:28.442972,45,ecg,persisted
2021-01-17T06:13:28.642664,45,thermometer,processed
2021-01-17T06:13:28.642848,45,thermometer,detected
2021-01-17T06:13:28.643209,45,thermometer,persisted
2021-01-17T06:13:29.242844,46,oximeter,processed
2021-01-17T06:13:29.243044,46,oximeter,detected
2021-01-17T06:13:29.243446,46,oximeter,persisted
2021-01-17T06:13:29.442938,46,ecg,processed
2021-01-17T06:13:29.443132,46,ecg,detected
2021-01-17T06:13:29.443405,46,ecg,persisted
2021-01-17T06:13:29.643040,46,thermometer,processed
2021-01-17T06:13:29.643222,46,thermometer,detected
2021-01-17T06:13:29.643452,46,thermometer,persisted
2021-01-17T06:13:30.243339,47,oximeter,processed
2021-01-17T06:13:30.243509,47,oximeter,detected
2021-01-17T06:13:30.243738,47,oximeter,persisted
2021-01-17T06:13:30.443453,47,ecg,processed
2021-01-17T06:13:30.443656,47,ecg,detected
2021-01-17T06:13:30.444038,47,ecg,persisted
2021-01-17T06:13:30.643516,47,thermometer,processed
2021-01-17T06:13:30.643700,47,thermometer,detected
2021-01-17T06:13:30.643886,47,thermometer,persisted
2021-01-17T06:13:31.243644,48,oximeter,processed
2021-01-17T06:13:31.243839,48,oximeter,detected
2021-01-17T06:13:31.244115,48,oximeter,persisted
2021-01-17T06:13:31.443724,48,ecg,processed
2021-01-17T06:13:31.443898,48,ecg,detected
2021-01-17T06:13:31.444122,48,ecg,persisted
2021-01-17T06:13:31.643795,48,thermometer,processed
2021-01-17T06:13:31.643908,48,thermometer,detected
2021-01-17T06:13:31.644029,48,thermometer,persisted
2021-01-17T06:13:32.244094,49,oximeter,processed
2021-01-17T06:13:32.244261,49,oximeter,detected
2021-01-17T06:13:32.244466,49,oximeter,persisted
2021-01-17T06:13:32.444130,49,ecg,processed
2021-01-17T06:13:32.444316,49,ecg,detected
2021-01-17T06:13:32.444546,49,ecg,persisted
2021-01-17T06:13:32.644281,49,thermometer,processed
2021-01-17T06:13:32.644496,49,thermometer,detected
2021-01-17T06:13:32.648011,49,thermometer,persisted
2021-01-17T06:13:33.244455,50,oximeter,processed
2021-01-17T06:13:33.244652,50,oximeter,detected
2021-01-17T06:13:33.244876,50,oximeter,persisted
2021-01-17T06:13:33.444546,50,ecg,processed
2021-01-17T06:13:33.444708,50,ecg,detected
2021-01-17T06:13:33.444924,50,ecg,persisted
2021-01-17T06:13:33.644617,50,thermometer,processed
2021-01-17T06:13:33.644822,50,thermometer,detected
2021-01-17T06:13:33.645044,50,thermometer,persisted
2021-01-17T06:13:34.244874,51,oximeter,processed
2021-01-17T06:13:34.245034,51,oximeter,detected
2021-01-17T06:13:34.245248,51,oximeter,persisted
2021-01-17T06:13:34.444985,51,ecg,processed
2021-01-17T06:13:34.445197,51,ecg,detected
2021-01-17T06:13:34.445442,51,ecg,persisted
2021-01-17T06:13:34.645075,51,thermometer,processed
2021-01-17T06:13:34.645278,51,thermometer,detected
2021-01-17T06:13:34.645776,51,thermometer,persisted
2021-01-17T06:13:35.245250,52,oximeter,processed
2021-01-17T06:13:35.245425,52,oximeter,detected
2021-01-17T06:13:35.245652,52,oximeter,persisted
2021-01-17T06:13:35.445344,52,ecg,processed
2021-01-17T06:13:35.445540,52,ecg,detected
2021-01-17T06:13:35.445766,52,ecg,persisted
2021-01-17T06:13:35.645463,52,thermometer,processed
2021-01-17T06:13:35.645670,52,thermometer,detected
2021-01-17T06:13:35.646358,52,thermometer,persisted
2021-01-17T06:13:36.245813,53,oximeter,processed
2021-01-17T06:13:36.246028,53,oximeter,detected
2021-01-17T06:13:36.246444,53,oximeter,persisted
2021-01-17T06:13:36.445845,53,ecg,processed
2021-01-17T06:13:36.446011,53,ecg,detected
2021-01-17T06:13:36.446208,53,ecg,persisted
2021-01-17T06:13:36.645901,53,thermometer,processed
2021-01-17T06:13:36.646099,53,thermometer,detected
2021-01-17T06:13:36.646334,53,thermometer,persisted
2021-01-17T06:13:37.246143,54,oximeter,processed
2021-01-17T06:13:37.246326,54,oximeter,detected
2021-01-17T06:13:37.246626,54,oximeter,persisted
2021-01-17T06:13:37.446329,54,ecg,processed
2021-01-17T06:13:37.446527,54,ecg,detected
2021-01-17T06:13:37.446732,54,ecg,persisted
2021-01-17T06:13:37.646291,54,thermometer,processed
2021-01-17T06:13:37.646450,54,thermometer,detected
2021-01-17T06:13:37.646609,54,thermometer,persisted
2021-01-17T06:13:38.246532,55,oximeter,processed
2021-01-17T06:13:38.246730,55,oximeter,detected
2021-01-17T06:13:38.246924,55,oximeter,persisted
2021-01-17T06:13:38.446598,55,ecg,processed
2021-01-17T06:13:38.446760,55,ecg,detected
2021-01-17T06:13:38.447022,55,ecg,persisted
2021-01-17T06:13:38.646763,55,thermometer,processed
2021-01-17T06:13:38.646962,55,thermometer,detected
2021-01-17T06:13:38.647164,55,thermometer,persisted
2021-01-17T06:13:39.246977,56,oximeter,processed
2021-01-17T06:13:39.247152,56,oximeter,detected
2021-01-17T06:13:39.247380,56,oximeter,persisted
2021-01-17T06:13:39.447068,56,ecg,processed
2021-01-17T06:13:39.447228,56,ecg,detected
2021-01-17T06:13:39.447463,56,ecg,persisted
2021-01-17T06:13:39.647204,56,thermometer,processed
2021-01-17T06:13:39.647423,56,thermometer,detected
2021-01-17T06:13:39.647615,56,thermometer,persisted
2021-01-17T06:13:40.247434,57,oximeter,processed
2021-01-17T06:13:40.247633,57,oximeter,detected
2021-01-17T06:13:40.247853,57,oximeter,persisted
2021-01-17T06:13:40.447456,57,ecg,processed
2021-01-17T06:13:40.447617,57,ecg,detected
2021-01-17T06:13:40.447843,57,ecg,persisted
2021-01-17T06:13:40.647538,57,thermometer,processed
2021-01-17T06:13:40.647706,57,thermometer,detected
2021-01-17T06:13:40.647930,57,thermometer,persisted
2021-01-17T06:13:41.247815,58,oximeter,processed
2021-01-17T06:13:41.247968,58,oximeter,detected
2021-01-17T06:13:41.248213,58,oximeter,persisted
2021-01-17T06:13:41.447863,58,ecg,processed
2021-01-17T06:13:41.448017,58,ecg,detected
2021-01-17T06:13:41.448224,58,ecg,persisted
2021-01-17T06:13:41.647956,58,thermometer,processed
2021-01-17T06:13:41.648109,58,thermometer,detected
2021-01-17T06:13:41.648299,58,thermometer,persisted
2021-01-17T06:13:42.248228,59,oximeter,processed
2021-01-17T06:13:42.248419,59,oximeter,detected
2021-01-17T06:13:42.248643,59,oximeter,persisted
2021-01-17T06:13:42.448304,59,ecg,processed
2021-01-17T06:13:42.448506,59,ecg,detected
2021-01-17T06:13:42.448767,59,ecg,persisted
2021-01-17T06:13:42.648410,59,thermometer,processed
2021-01-17T06:13:42.648671,59,thermometer,detected
2021-01-17T06:13:42.649033,59,thermometer,persisted
2021-01-17T06:13:43.248647,60,oximeter,processed
2021-01-17T06:13:43.248850,60,oximeter,detected
2021-01-17T06:13:43.249045,60,oximeter,persisted
2021-01-17T06:13:43.448733,60,ecg,processed
2021-01-17T06:13:43.448924,60,ecg,detected
2021-01-17T06:13:43.449145,60,ecg,persisted
2021-01-17T06:13:43.648828,60,thermometer,processed
2021-01-17T06:13:43.649026,60,thermometer,detected
2021-01-17T06:13:43.649455,60,thermometer,persisted
2021-01-17T06:13:44.249064,61,oximeter,processed
2021-01-17T06:13:44.249224,61,oximeter,detected
2021-01-17T06:13:44.249426,61,oximeter,persisted
2021-01-17T06:13:44.449153,61,ecg,processed
2021-01-17T06:13:44.449310,61,ecg,detected
2021-01-17T06:13:44.449489,61,ecg,persisted
2021-01-17T06:13:44.649276,61,thermometer,processed
2021-01-17T06:13:44.649478,61,thermometer,detected
2021-01-17T06:13:44.650316,61,thermometer,persisted
2021-01-17T06:13:45.249486,62,oximeter,processed
2021-01-17T06:13:45.249648,62,oximeter,detected
2021-01-17T06:13:45.249894,62,oximeter,persisted
2021-01-17T06:13:45.449569,62,ecg,processed
2021-01-17T06:13:45.449739,62,ecg,detected
2021-01-17T06:13:45.449967,62,ecg,persisted
2021-01-17T06:13:45.649669,62,thermometer,processed
2021-01-17T06:13:45.649829,62,thermometer,detected
2021-01-17T06:13:45.650038,62,thermometer,persisted
2021-01-17T06:13:46.249939,63,oximeter,processed
2021-01-17T06:13:46.250104,63,oximeter,detected
2021-01-17T06:13:46.250313,63,oximeter,persisted
2021-01-17T06:13:46.450017,63,ecg,processed
2021-01-17T06:13:46.450219,63,ecg,detected
2021-01-17T06:13:46.450473,63,ecg,persisted
2021-01-17T06:13:46.650107,63,thermometer,processed
2021-01-17T06:13:46.650272,63,thermometer,detected
2021-01-17T06:13:46.650490,63,thermometer,persisted
2021-01-17T06:13:47.250372,64,oximeter,processed
2021-01-17T06:13:47.250567,64,oximeter,detected
2021-01-17T06:13:47.250775,64,oximeter,persisted
2021-01-17T06:13:47.450429,64,ecg,processed
2021-01-17T06:13:47.450613,64,ecg,detected
2021-01-17T06:13:47.450850,64,ecg,persisted
2021-01-17T06:13:47.650526,64,thermometer,processed
2021-01-17T06:13:47.650729,64,thermometer,detected
2021-01-17T06:13:47.652305,64,thermometer,persisted
2021-01-17T06:13:48.250799,65,oximeter,processed
2021-01-17T06:13:48.250962,65,oximeter,detected
2021-01-17T06:13:48.251161,65,oximeter,persisted
2021-01-17T06:13:48.450902,65,ecg,processed
2021-01-17T06:13:48.451091,65,ecg,detected
2021-01-17T06:13:48.451329,65,ecg,persisted
2021-01-17T06:13:48.650946,65,thermometer,processed
2021-01-17T06:13:48.651114,65,thermometer,detected
2021-01-17T06:13:48.651382,65,thermometer,persisted
2021-01-17T06:13:49.251214,66,oximeter,processed
2021-01-17T06:13:49.251415,66,oximeter,detected
2021-01-17T06:13:49.251623,66,oximeter,persisted
2021-01-17T06:13:49.451309,66,ecg,processed
2021-01-17T06:13:49.451504,66,ecg,detected
2021-01-17T06:13:49.451736,66,ecg,persisted
2021-01-17T06:13:49.651487,66,thermometer,processed
2021-01-17T06:13:49.651654,66,thermometer,detected
2021-01-17T06:13:49.651870,66,thermometer,persisted
2021-01-17T06:13:50.251635,67,oximeter,processed
2021-01-17T06:13:50.251835,67,oximeter,detected
2021-01-17T06:13:50.252054,67,oximeter,persisted
2021-01-17T06:13:50.451700,67,ecg,processed
2021-01-17T06:13:50.451894,67,ecg,detected
2021-01-17T06:13:50.452123,67,ecg,persisted
2021-01-17T06:13:50.651867,67,thermometer,processed
2021-01-17T06:13:50.652092,67,thermometer,detected
2021-01-17T06:13:50.652480,67,thermometer,persisted
2021-01-17T06:13:51.252043,68,oximeter,processed
2021-01-17T06:13:51.252231,68,oximeter,detected
2021-01-17T06:13:51.252451,68,oximeter,persisted
2021-01-17T06:13:51.452093,68,ecg,processed
2021-01-17T06:13:51.452255,68,ecg,detected
2021-01-17T06:13:51.452558,68,ecg,persisted
2021-01-17T06:13:51.652265,68,thermometer,processed
2021-01-17T06:13:51.652440,68,thermometer,detected
2021-01-17T06:13:51.652652,68,thermometer,persisted
2021-01-17T06:13:52.252470,69,oximeter,processed
2021-01-17T06:13:52.252635,69,oximeter,detected
2021-01-17T06:13:52.252848,69,oximeter,persisted
2021-01-17T06:13:52.452528,69,ecg,processed
2021-01-17T06:13:52.452718,69,ecg,detected
2021-01-17T06:13:52.452960,69,ecg,persisted
2021-01-17T06:13:52.652622,69,thermometer,processed
2021-01-17T06:13:52.652838,69,thermometer,detected
2021-01-17T06:13:52.654294,69,thermometer,persisted
2021-01-17T06:13:53.252872,70,oximeter,processed
2021-01-17T06:13:53.253035,70,oximeter,detected
2021-01-17T06:13:53.253254,70,oximeter,persisted
2021-01-17T06:13:53.452943,70,ecg,processed
2021-01-17T06:13:53.453142,70,ecg,detected
2021-01-17T06:13:53.453379,70,ecg,persisted
2021-01-17T06:13:53.653062,70,thermometer,processed
2021-01-17T06:13:53.653229,70,thermometer,detected
2021-01-17T06:13:53.653434,70,thermometer,persisted
2021-01-17T06:13:54.253291,71,oximeter,processed
2021-01-17T06:13:54.253447,71,oximeter,detected
2021-01-17T06:13:54.253785,71,oximeter,persisted
2021-01-17T06:13:54.453364,71,ecg,processed
2021-01-17T06:13:54.453554,71,ecg,detected
2021-01-17T06:13:54.453755,71,ecg,persisted
2021-01-17T06:13:54.653483,71,thermometer,processed
2021-01-17T06:13:54.653709,71,thermometer,detected
2021-01-17T06:13:54.654031,71,thermometer,persisted
2021-01-17T06:13:55.253694,72,oximeter,processed
2021-01-17T06:13:55.253851,72,oximeter,detected
2021-01-17T06:13:55.254108,72,oximeter,persisted
2021-01-17T06:13:55.453818,72,ecg,processed
2021-01-17T06:13:55.453973,72,ecg,detected
2021-01-17T06:13:55.454164,72,ecg,persisted
2021-01-17T06:13:55.653891,72,thermometer,processed
2021-01-17T06:13:55.654046,72,thermometer,detected
2021-01-17T06:13:55.654256,72,thermometer,persisted
2021-01-17T06:13:56.254119,73,oximeter,processed
2021-01-17T06:13:56.254317,73,oximeter,detected
2021-01-17T06:13:56.254567,73,oximeter,persisted
2021-01-17T06:13:56.454170,73,ecg,processed
2021-01-17T06:13:56.454324,73,ecg,detected
2021-01-17T06:13:56.454534,73,ecg,persisted
2021-01-17T06:13:56.654310,73,thermometer,processed
2021-01-17T06:13:56.654460,73,thermometer,detected
2021-01-17T06:13:56.654712,73,thermometer,persisted
2021-01-17T06:13:57.254551,74,oximeter,processed
2021-01-17T06:13:57.254718,74,oximeter,detected
2021-01-17T06:13:57.254957,74,oximeter,persisted
2021-01-17T06:13:57.454604,74,ecg,processed
2021-01-17T06:13:57.454786,74,ecg,detected
2021-01-17T06:13:57.455025,74,ecg,persisted
2021-01-17T06:13:57.654707,74,thermometer,processed
2021-01-17T06:13:57.654900,74,thermometer,detected
2021-01-17T06:13:57.658392,74,thermometer,persisted
2021-01-17T06:13:58.254995,75,oximeter,processed
2021-01-17T06:13:58.255156,75,oximeter,detected
2021-01-17T06:13:58.255411,75,oximeter,persisted
2021-01-17T06:13:58.455082,75,ecg,processed
2021-01-17T06:13:58.455271,75,ecg,detected
2021-01-17T06:13:58.455503,75,ecg,persisted
2021-01-17T06:13:58.655194,75,thermometer,processed
2021-01-17T06:13:58.655391,75,thermometer,detected
2021-01-17T06:13:58.655587,75,thermometer,persisted
2021-01-17T06:13:59.255434,76,oximeter,processed
2021-01-17T06:13:59.255635,76,oximeter,detected
2021-01-17T06:13:59.255878,76,oximeter,persisted
2021-01-17T06:13:59.455502,76,ecg,processed
2021-01-17T06:13:59.455661,76,ecg,detected
2021-01-17T06:13:59.455869,76,ecg,persisted
2021-01-17T06:13:59.655558,76,thermometer,processed
2021-01-17T06:13:59.655720,76,thermometer,detected
2021-01-17T06:13:59.655893,76,thermometer,persisted
2021-01-17T06:14:00.255824,77,oximeter,processed
2021-01-17T06:14:00.255985,77,oximeter,detected
2021-01-17T06:14:00.256213,77,oximeter,persisted
2021-01-17T06:14:00.455892,77,ecg,processed
2021-01-17T06:14:00.456091,77,ecg,detected
2021-01-17T06:14:00.456299,77,ecg,persisted
2021-01-17T06:14:00.655965,77,thermometer,processed
2021-01-17T06:14:00.656169,77,thermometer,detected
2021-01-17T06:14:00.656392,77,thermometer,persisted
2021-01-17T06:14:01.256220,78,oximeter,processed
2021-01-17T06:14:01.256442,78,oximeter,detected
2021-01-17T06:14:01.256696,78,oximeter,persisted
2021-01-17T06:14:01.456281,78,ecg,processed
2021-01-17T06:14:01.456437,78,ecg,detected
2021-01-17T06:14:01.456671,78,ecg,persisted
2021-01-17T06:14:01.656424,78,thermometer,processed
2021-01-17T06:14:01.656593,78,thermometer,detected
2021-01-17T06:14:01.656803,78,thermometer,persisted
2021-01-17T06:14:02.256650,79,oximeter,processed
2021-01-17T06:14:02.256828,79,oximeter,detected
2021-01-17T06:14:02.257120,79,oximeter,persisted
2021-01-17T06:14:02.456721,79,ecg,processed
2021-01-17T06:14:02.456890,79,ecg,detected
2021-01-17T06:14:02.457108,79,ecg,persisted
2021-01-17T06:14:02.656821,79,thermometer,processed
2021-01-17T06:14:02.657027,79,thermometer,detected
2021-01-17T06:14:02.660677,79,thermometer,persisted
2021-01-17T06:14:03.257057,80,oximeter,processed
2021-01-17T06:14:03.257215,80,oximeter,detected
2021-01-17T06:14:03.257430,80,oximeter,persisted
2021-01-17T06:14:03.457181,80,ecg,processed
2021-01-17T06:14:03.457366,80,ecg,detected
2021-01-17T06:14:03.457623,80,ecg,persisted
2021-01-17T06:14:03.657192,80,thermometer,processed
2021-01-17T06:14:03.657356,80,thermometer,detected
2021-01-17T06:14:03.657577,80,thermometer,persisted
2021-01-17T06:14:04.257513,81,oximeter,processed
2021-01-17T06:14:04.257683,81,oximeter,detected
2021-01-17T06:14:04.258074,81,oximeter,persisted
2021-01-17T06:14:04.457570,81,ecg,processed
2021-01-17T06:14:04.457721,81,ecg,detected
2021-01-17T06:14:04.457926,81,ecg,persisted
2021-01-17T06:14:04.657725,81,thermometer,processed
2021-01-17T06:14:04.657921,81,thermometer,detected
2021-01-17T06:14:04.658128,81,thermometer,persisted
2021-01-17T06:14:05.257930,82,oximeter,processed
2021-01-17T06:14:05.258100,82,oximeter,detected
2021-01-17T06:14:05.258305,82,oximeter,persisted
2021-01-17T06:14:05.458034,82,ecg,processed
2021-01-17T06:14:05.458189,82,ecg,detected
2021-01-17T06:14:05.458430,82,ecg,persisted
2021-01-17T06:14:05.658066,82,thermometer,processed
2021-01-17T06:14:05.658228,82,thermometer,detected
2021-01-17T06:14:05.658437,82,thermometer,persisted
2021-01-17T06:14:06.258326,83,oximeter,processed
2021-01-17T06:14:06.258489,83,oximeter,detected
2021-01-17T06:14:06.258729,83,oximeter,persisted
2021-01-17T06:14:06.458417,83,ecg,processed
2021-01-17T06:14:06.458607,83,ecg,detected
2021-01-17T06:14:06.458826,83,ecg,persisted
2021-01-17T06:14:06.658521,83,thermometer,processed
2021-01-17T06:14:06.658742,83,thermometer,detected
2021-01-17T06:14:06.658988,83,thermometer,persisted
2021-01-17T06:14:07.258762,84,oximeter,processed
2021-01-17T06:14:07.258928,84,oximeter,detected
2021-01-17T06:14:07.259223,84,oximeter,persisted
2021-01-17T06:14:07.458836,84,ecg,processed
2021-01-17T06:14:07.458998,84,ecg,detected
2021-01-17T06:14:07.459197,84,ecg,persisted
2021-01-17T06:14:07.658927,84,thermometer,processed
2021-01-17T06:14:07.659101,84,thermometer,detected
2021-01-17T06:14:07.662510,84,thermometer,persisted
2021-01-17T06:14:08.259165,85,oximeter,processed
2021-01-17T06:14:08.259352,85,oximeter,detected
2021-01-17T06:14:08.259589,85,oximeter,persisted
2021-01-17T06:14:08.459269,85,ecg,processed
2021-01-17T06:14:08.459538,85,ecg,detected
2021-01-17T06:14:08.459737,85,ecg,persisted
2021-01-17T06:14:08.659407,85,thermometer,processed
2021-01-17T06:14:08.659570,85,thermometer,detected
2021-01-17T06:14:08.659799,85,thermometer,persisted
2021-01-17T06:14:09.259585,86,oximeter,processed
2021-01-17T06:14:09.259747,86,oximeter,detected
2021-01-17T06:14:09.259945,86,oximeter,persisted
2021-01-17T06:14:09.459679,86,ecg,processed
2021-01-17T06:14:09.459837,86,ecg,detected
2021-01-17T06:14:09.460074,86,ecg,persisted
2021-01-17T06:14:09.659745,86,thermometer,processed
2021-01-17T06:14:09.659925,86,thermometer,detected
2021-01-17T06:14:09.660178,86,thermometer,persisted
2021-01-17T06:14:10.260022,87,oximeter,processed
2021-01-17T06:14:10.260250,87,oximeter,detected
2021-01-17T06:14:10.260462,87,oximeter,persisted
2021-01-17T06:14:10.460077,87,ecg,processed
2021-01-17T06:14:10.460280,87,ecg,detected
2021-01-17T06:14:10.460613,87,ecg,persisted
2021-01-17T06:14:10.660153,87,thermometer,processed
2021-01-17T06:14:10.660342,87,thermometer,detected
2021-01-17T06:14:10.660550,87,thermometer,persisted
2021-01-17T06:14:11.260397,88,oximeter,processed
2021-01-17T06:14:11.260554,88,oximeter,detected
2021-01-17T06:14:11.260807,88,oximeter,persisted
2021-01-17T06:14:11.460528,88,ecg,processed
2021-01-17T06:14:11.460722,88,ecg,detected
2021-01-17T06:14:11.461076,88,ecg,persisted
2021-01-17T06:14:11.660601,88,thermometer,processed
2021-01-17T06:14:11.660763,88,thermometer,detected
2021-01-17T06:14:11.660991,88,thermometer,persisted
2021-01-17T06:14:12.260853,89,oximeter,processed
2021-01-17T06:14:12.261011,89,oximeter,detected
2021-01-17T06:14:12.261216,89,oximeter,persisted
2021-01-17T06:14:12.460917,89,ecg,processed
2021-01-17T06:14:12.461077,89,ecg,detected
2021-01-17T06:14:12.461332,89,ecg,persisted
2021-01-17T06:14:12.661028,89,thermometer,processed
2021-01-17T06:14:12.661236,89,thermometer,detected
2021-01-17T06:14:12.664748,89,thermometer,persisted
2021-01-17T06:14:13.261339,90,oximeter,processed
2021-01-17T06:14:13.261552,90,oximeter,detected
2021-01-17T06:14:13.262032,90,oximeter,persisted
2021-01-17T06:14:13.461359,90,ecg,processed
2021-01-17T06:14:13.461485,90,ecg,detected
2021-01-17T06:14:13.461715,90,ecg,persisted
2021-01-17T06:14:13.661483,90,thermometer,processed
2021-01-17T06:14:13.661647,90,thermometer,detected
2021-01-17T06:14:13.661867,90,thermometer,persisted
2021-01-17T06:14:14.261661,91,oximeter,processed
2021-01-17T06:14:14.261826,91,oximeter,detected
2021-01-17T06:14:14.262072,91,oximeter,persisted
2021-01-17T06:14:14.461748,91,ecg,processed
2021-01-17T06:14:14.461910,91,ecg,detected
2021-01-17T06:14:14.462109,91,ecg,persisted
2021-01-17T06:14:14.661856,91,thermometer,processed
2021-01-17T06:14:14.662053,91,thermometer,detected
2021-01-17T06:14:14.662300,91,thermometer,persisted
2021-01-17T06:14:15.262098,92,oximeter,processed
2021-01-17T06:14:15.262256,92,oximeter,detected
2021-01-17T06:14:15.262479,92,oximeter,persisted
2021-01-17T06:14:15.462239,92,ecg,processed
2021-01-17T06:14:15.462434,92,ecg,detected
2021-01-17T06:14:15.462595,92,ecg,persisted
2021-01-17T06:14:15.662281,92,thermometer,processed
2021-01-17T06:14:15.662474,92,thermometer,detected
2021-01-17T06:14:15.662683,92,thermometer,persisted
2021-01-17T06:14:16.262477,93,oximeter,processed
2021-01-17T06:14:16.262636,93,oximeter,detected
2021-01-17T06:14:16.262835,93,oximeter,persisted
2021-01-17T06:14:16.462579,93,ecg,processed
2021-01-17T06:14:16.462767,93,ecg,detected
2021-01-17T06:14:16.462970,93,ecg,persisted
2021-01-17T06:14:16.662679,93,thermometer,processed
2021-01-17T06:14:16.662883,93,thermometer,detected
2021-01-17T06:14:16.663547,93,thermometer,persisted
2021-01-17T06:14:17.262938,94,oximeter,processed
2021-01-17T06:14:17.263094,94,oximeter,detected
2021-01-17T06:14:17.263313,94,oximeter,persisted
2021-01-17T06:14:17.463037,94,ecg,processed
2021-01-17T06:14:17.463226,94,ecg,detected
2021-01-17T06:14:17.463494,94,ecg,persisted
2021-01-17T06:14:17.663205,94,thermometer,processed
2021-01-17T06:14:17.663410,94,thermometer,detected
2021-01-17T06:14:17.666888,94,thermometer,persisted
2021-01-17T06:14:18.263405,95,oximeter,processed
2021-01-17T06:14:18.263573,95,oximeter,detected
2021-01-17T06:14:18.263789,95,oximeter,persisted
2021-01-17T06:14:18.463460,95,ecg,processed
2021-01-17T06:14:18.463613,95,ecg,detected
2021-01-17T06:14:18.463814,95,ecg,persisted
2021-01-17T06:14:18.663599,95,thermometer,processed
2021-01-17T06:14:18.663763,95,thermometer,detected
2021-01-17T06:14:18.664137,95,thermometer,persisted
2021-01-17T06:14:19.263859,96,oximeter,processed
2021-01-17T06:14:19.264036,96,oximeter,detected
2021-01-17T06:14:19.264459,96,oximeter,persisted
2021-01-17T06:14:19.463914,96,ecg,processed
2021-01-17T06:14:19.464127,96,ecg,detected
2021-01-17T06:14:19.464335,96,ecg,persisted
2021-01-17T06:14:19.664002,96,thermometer,processed
2021-01-17T06:14:19.664191,96,thermometer,detected
2021-01-17T06:14:19.664568,96,thermometer,persisted
2021-01-17T06:14:20.264214,97,oximeter,processed
2021-01-17T06:14:20.264381,97,oximeter,detected
2021-01-17T06:14:20.264762,97,oximeter,persisted
2021-01-17T06:14:20.464336,97,ecg,processed
2021-01-17T06:14:20.464546,97,ecg,detected
2021-01-17T06:14:20.464912,97,ecg,persisted
2021-01-17T06:14:20.664367,97,thermometer,processed
2021-01-17T06:14:20.664560,97,thermometer,detected
2021-01-17T06:14:20.664742,97,thermometer,persisted
2021-01-17T06:14:21.264606,98,oximeter,processed
2021-01-17T06:14:21.264772,98,oximeter,detected
2021-01-17T06:14:21.264975,98,oximeter,persisted
2021-01-17T06:14:21.464675,98,ecg,processed
2021-01-17T06:14:21.464843,98,ecg,detected
2021-01-17T06:14:21.465082,98,ecg,persisted
2021-01-17T06:14:21.664775,98,thermometer,processed
2021-01-17T06:14:21.664997,98,thermometer,detected
2021-01-17T06:14:21.665199,98,thermometer,persisted
2021-01-17T06:14:22.265086,99,oximeter,processed
2021-01-17T06:14:22.265302,99,oximeter,detected
2021-01-17T06:14:22.265728,99,oximeter,persisted
2021-01-17T06:14:22.465118,99,ecg,processed
2021-01-17T06:14:22.465272,99,ecg,detected
2021-01-17T06:14:22.465506,99,ecg,persisted
2021-01-17T06:14:22.665176,99,thermometer,processed
2021-01-17T06:14:22.665318,99,thermometer,detected
2021-01-17T06:14:22.668776,99,thermometer,persisted
2021-01-17T06:14:23.265438,100,oximeter,processed
2021-01-17T06:14:23.265632,100,oximeter,detected
2021-01-17T06:14:23.265855,100,oximeter,persisted
2021-01-17T06:14:23.465536,100,ecg,processed
2021-01-17T06:14:23.465695,100,ecg,detected
2021-01-17T06:14:23.465910,100,ecg,persisted
2021-01-17T06:14:23.665603,100,thermometer,processed
2021-01-17T06:14:23.665766,100,thermometer,detected
2021-01-17T06:14:23.665979,100,thermometer,persisted
2021-01-17T06:14:24.265901,101,oximeter,processed
2021-01-17T06:14:24.266114,101,oximeter,detected
2021-01-17T06:14:24.266487,101,oximeter,persisted
2021-01-17T06:14:24.465946,101,ecg,processed
2021-01-17T06:14:24.466103,101,ecg,detected
2021-01-17T06:14:24.466289,101,ecg,persisted
2021-01-17T06:14:24.666022,101,thermometer,processed
2021-01-17T06:14:24.666212,101,thermometer,detected
2021-01-17T06:14:24.666419,101,thermometer,persisted
2021-01-17T06:14:25.266212,102,oximeter,processed
2021-01-17T06:14:25.266374,102,oximeter,detected
2021-01-17T06:14:25.266576,102,oximeter,persisted
2021-01-17T06:14:25.466304,102,ecg,processed
2021-01-17T06:14:25.466477,102,ecg,detected
2021-01-17T06:14:25.466664,102,ecg,persisted
2021-01-17T06:14:25.666291,102,thermometer,processed
2021-01-17T06:14:25.666375,102,thermometer,detected
2021-01-17T06:14:25.666454,102,thermometer,persisted
2021-01-17T06:14:26.266575,103,oximeter,processed
2021-01-17T06:14:26.266767,103,oximeter,detected
2021-01-17T06:14:26.266997,103,oximeter,persisted
2021-01-17T06:14:26.466671,103,ecg,processed
2021-01-17T06:14:26.466864,103,ecg,detected
2021-01-17T06:14:26.467077,103,ecg,persisted
2021-01-17T06:14:26.666767,103,thermometer,processed
2021-01-17T06:14:26.666953,103,thermometer,detected
2021-01-17T06:14:26.667192,103,thermometer,persisted
2021-01-17T06:14:27.267039,104,oximeter,processed
2021-01-17T06:14:27.267197,104,oximeter,detected
2021-01-17T06:14:27.267482,104,oximeter,persisted
2021-01-17T06:14:27.467230,104,ecg,processed
2021-01-17T06:14:27.467441,104,ecg,detected
2021-01-17T06:14:27.467701,104,ecg,persisted
2021-01-17T06:14:27.667236,104,thermometer,processed
2021-01-17T06:14:27.667478,104,thermometer,detected
2021-01-17T06:14:27.668331,104,thermometer,persisted
2021-01-17T06:14:28.267514,105,oximeter,processed
2021-01-17T06:14:28.267708,105,oximeter,detected
2021-01-17T06:14:28.268019,105,oximeter,persisted
2021-01-17T06:14:28.467659,105,ecg,processed
2021-01-17T06:14:28.467859,105,ecg,detected
2021-01-17T06:14:28.468086,105,ecg,persisted
2021-01-17T06:14:28.667712,105,thermometer,processed
2021-01-17T06:14:28.667963,105,thermometer,detected
2021-01-17T06:14:28.668175,105,thermometer,persisted
2021-01-17T06:14:29.267920,106,oximeter,processed
2021-01-17T06:14:29.268074,106,oximeter,detected
2021-01-17T06:14:29.268339,106,oximeter,persisted
2021-01-17T06:14:29.468013,106,ecg,processed
2021-01-17T06:14:29.468205,106,ecg,detected
2021-01-17T06:14:29.468434,106,ecg,persisted
2021-01-17T06:14:29.668103,106,thermometer,processed
2021-01-17T06:14:29.668260,106,thermometer,detected
2021-01-17T06:14:29.668510,106,thermometer,persisted
2021-01-17T06:14:30.268340,107,oximeter,processed
2021-01-17T06:14:30.268498,107,oximeter,detected
2021-01-17T06:14:30.268755,107,oximeter,persisted
2021-01-17T06:14:30.468430,107,ecg,processed
2021-01-17T06:14:30.468575,107,ecg,detected
2021-01-17T06:14:30.468771,107,ecg,persisted
2021-01-17T06:14:30.668511,107,thermometer,processed
2021-01-17T06:14:30.668667,107,thermometer,detected
2021-01-17T06:14:30.668938,107,thermometer,persisted
2021-01-17T06:14:31.268767,108,oximeter,processed
2021-01-17T06:14:31.268967,108,oximeter,detected
2021-01-17T06:14:31.269197,108,oximeter,persisted
2021-01-17T06:14:31.468837,108,ecg,processed
2021-01-17T06:14:31.468993,108,ecg,detected
2021-01-17T06:14:31.469244,108,ecg,persisted
2021-01-17T06:14:31.668960,108,thermometer,processed
2021-01-17T06:14:31.669136,108,thermometer,detected
2021-01-17T06:14:31.669351,108,thermometer,persisted
2021-01-17T06:14:32.269189,109,oximeter,processed
2021-01-17T06:14:32.269350,109,oximeter,detected
2021-01-17T06:14:32.269588,109,oximeter,persisted
2021-01-17T06:14:32.469258,109,ecg,processed
2021-01-17T06:14:32.469416,109,ecg,detected
2021-01-17T06:14:32.469671,109,ecg,persisted
2021-01-17T06:14:32.669370,109,thermometer,processed
2021-01-17T06:14:32.669564,109,thermometer,detected
2021-01-17T06:14:32.669790,109,thermometer,persisted
2021-01-17T06:14:33.269611,110,oximeter,processed
2021-01-17T06:14:33.269775,110,oximeter,detected
2021-01-17T06:14:33.270023,110,oximeter,persisted
2021-01-17T06:14:33.669767,110,thermometer,processed
2021-01-17T06:14:33.669934,110,thermometer,detected
2021-01-17T06:14:33.670271,110,thermometer,persisted
2021-01-17T06:14:34.270013,111,oximeter,processed
2021-01-17T06:14:34.270176,111,oximeter,detected
2021-01-17T06:14:34.270431,111,oximeter,persisted
2021-01-17T06:14:34.670353,111,thermometer,processed
2021-01-17T06:14:34.670547,111,thermometer,detected
2021-01-17T06:14:34.671077,111,thermometer,persisted
2021-01-17T06:14:35.270492,112,oximeter,processed
2021-01-17T06:14:35.270645,112,oximeter,detected
2021-01-17T06:14:35.270849,112,oximeter,persisted
2021-01-17T06:14:35.670656,112,thermometer,processed
2021-01-17T06:14:35.670854,112,thermometer,detected
2021-01-17T06:14:35.671053,112,thermometer,persisted
2021-01-17T06:14:36.270914,113,oximeter,processed
2021-01-17T06:14:36.271084,113,oximeter,detected
2021-01-17T06:14:36.271328,113,oximeter,persisted
2021-01-17T06:14:36.671059,113,thermometer,processed
2021-01-17T06:14:36.671256,113,thermometer,detected
2021-01-17T06:14:36.671681,113,thermometer,persisted
2021-01-17T06:14:37.271367,114,oximeter,processed
2021-01-17T06:14:37.271523,114,oximeter,detected
2021-01-17T06:14:37.271707,114,oximeter,persisted
2021-01-17T06:14:37.671495,114,thermometer,processed
2021-01-17T06:14:37.671694,114,thermometer,detected
2021-01-17T06:14:37.671903,114,thermometer,persisted
2021-01-17T06:14:38.271719,115,oximeter,processed
2021-01-17T06:14:38.271891,115,oximeter,detected
2021-01-17T06:14:38.272099,115,oximeter,persisted
2021-01-17T06:14:38.671884,115,thermometer,processed
2021-01-17T06:14:38.672079,115,thermometer,detected
2021-01-17T06:14:38.672270,115,thermometer,persisted
2021-01-17T06:14:39.272218,116,oximeter,processed
2021-01-17T06:14:39.272500,116,oximeter,detected
2021-01-17T06:14:39.273181,116,oximeter,persisted
2021-01-17T06:14:39.672305,116,thermometer,processed
2021-01-17T06:14:39.672474,116,thermometer,detected
2021-01-17T06:14:39.672681,116,thermometer,persisted
2021-01-17T06:14:40.272633,117,oximeter,processed
2021-01-17T06:14:40.272782,117,oximeter,detected
2021-01-17T06:14:40.272976,117,oximeter,persisted
2021-01-17T06:14:40.672827,117,thermometer,processed
2021-01-17T06:14:40.672999,117,thermometer,detected
2021-01-17T06:14:40.673245,117,thermometer,persisted
2021-01-17T06:14:41.273053,118,oximeter,processed
2021-01-17T06:14:41.273267,118,oximeter,detected
2021-01-17T06:14:41.273475,118,oximeter,persisted
2021-01-17T06:14:41.673232,118,thermometer,processed
2021-01-17T06:14:41.673399,118,thermometer,detected
2021-01-17T06:14:41.673581,118,thermometer,persisted
2021-01-17T06:14:42.273520,119,oximeter,processed
2021-01-17T06:14:42.273707,119,oximeter,detected
2021-01-17T06:14:42.273945,119,oximeter,persisted
2021-01-17T06:14:42.673688,119,thermometer,processed
2021-01-17T06:14:42.673888,119,thermometer,detected
2021-01-17T06:14:42.674120,119,thermometer,persisted
