
2021-01-17T03:59:22.228420,2,oximeter,processed
2021-01-17T03:59:22.228651,2,oximeter,detected
2021-01-17T03:59:22.229058,2,oximeter,persisted
2021-01-17T03:59:22.428397,2,ecg,processed
2021-01-17T03:59:22.428617,2,ecg,detected
2021-01-17T03:59:22.428955,2,ecg,persisted
2021-01-17T03:59:22.828562,2,thermometer,processed
2021-01-17T03:59:22.828784,2,thermometer,detected
2021-01-17T03:59:22.829250,2,thermometer,persisted
2021-01-17T03:59:23.228783,3,oximeter,processed
2021-01-17T03:59:23.229013,3,oximeter,detected
2021-01-17T03:59:23.229737,3,oximeter,persisted
2021-01-17T03:59:23.428862,3,ecg,processed
2021-01-17T03:59:23.429058,3,ecg,detected
2021-01-17T03:59:23.429539,3,ecg,persisted
2021-01-17T03:59:23.828983,3,thermometer,processed
2021-01-17T03:59:23.829187,3,thermometer,detected
2021-01-17T03:59:23.829652,3,thermometer,persisted
2021-01-17T03:59:24.229127,4,oximeter,processed
2021-01-17T03:59:24.229338,4,oximeter,detected
2021-01-17T03:59:24.229785,4,oximeter,persisted
2021-01-17T03:59:24.429221,4,ecg,processed
2021-01-17T03:59:24.429423,4,ecg,detected
2021-01-17T03:59:24.429695,4,ecg,persisted
2021-01-17T03:59:24.829409,4,thermometer,processed
2021-01-17T03:59:24.829635,4,thermometer,detected
2021-01-17T03:59:24.830032,4,thermometer,persisted
2021-01-17T03:59:25.030406,5,oximeter,processed
2021-01-17T03:59:25.030591,5,oximeter,detected
2021-01-17T03:59:25.031012,5,oximeter,persisted
2021-01-17T03:59:25.430469,5,ecg,processed
2021-01-17T03:59:25.430629,5,ecg,detected
2021-01-17T03:59:25.430799,5,ecg,persisted
2021-01-17T03:59:25.830679,5,thermometer,processed
2021-01-17T03:59:25.830891,5,thermometer,detected
2021-01-17T03:59:25.831174,5,thermometer,persisted
2021-01-17T03:59:26.030806,6,oximeter,processed
2021-01-17T03:59:26.030978,6,oximeter,detected
2021-01-17T03:59:26.031405,6,oximeter,persisted
2021-01-17T03:59:26.430951,6,ecg,processed
2021-01-17T03:59:26.431146,6,ecg,detected
2021-01-17T03:59:26.431412,6,ecg,persisted
2021-01-17T03:59:26.831084,6,thermometer,processed
2021-01-17T03:59:26.831325,6,thermometer,detected
2021-01-17T03:59:26.831799,6,thermometer,persisted
2021-01-17T03:59:27.031187,7,oximeter,processed
2021-01-17T03:59:27.031390,7,oximeter,detected
2021-01-17T03:59:27.031657,7,oximeter,persisted
2021-01-17T03:59:27.431410,7,ecg,processed
2021-01-17T03:59:27.431638,7,ecg,detected
2021-01-17T03:59:27.432140,7,ecg,persisted
2021-01-17T03:59:27.831470,7,thermometer,processed
2021-01-17T03:59:27.831649,7,thermometer,detected
2021-01-17T03:59:27.831846,7,thermometer,persisted
2021-01-17T03:59:28.031599,8,oximeter,processed
2021-01-17T03:59:28.031746,8,oximeter,detected
2021-01-17T03:59:28.032173,8,oximeter,persisted
2021-01-17T03:59:28.431710,8,ecg,processed
2021-01-17T03:59:28.431900,8,ecg,detected
2021-01-17T03:59:28.432130,8,ecg,persisted
2021-01-17T03:59:28.831864,8,thermometer,processed
2021-01-17T03:59:28.832068,8,thermometer,detected
2021-01-17T03:59:28.832309,8,thermometer,persisted
2021-01-17T03:59:29.031934,9,oximeter,processed
2021-01-17T03:59:29.032077,9,oximeter,detected
2021-01-17T03:59:29.032286,9,oximeter,persisted
2021-01-17T03:59:29.432118,9,ecg,processed
2021-01-17T03:59:29.432346,9,ecg,detected
2021-01-17T03:59:29.433018,9,ecg,persisted
2021-01-17T03:59:29.832253,9,thermometer,processed
2021-01-17T03:59:29.832460,9,thermometer,detected
2021-01-17T03:59:29.832885,9,thermometer,persisted
2021-01-17T03:59:30.032334,10,oximeter,processed
2021-01-17T03:59:30.032537,10,oximeter,detected
2021-01-17T03:59:30.032772,10,oximeter,persisted
2021-01-17T03:59:30.432598,10,ecg,processed
2021-01-17T03:59:30.432837,10,ecg,detected
2021-01-17T03:59:30.433176,10,ecg,persisted
2021-01-17T03:59:30.832691,10,thermometer,processed
2021-01-17T03:59:30.832904,10,thermometer,detected
2021-01-17T03:59:30.833641,10,thermometer,persisted
2021-01-17T03:59:31.032778,11,oximeter,processed
2021-01-17T03:59:31.032928,11,oximeter,detected
2021-01-17T03:59:31.033244,11,oximeter,persisted
2021-01-17T03:59:31.432951,11,ecg,processed
2021-01-17T03:59:31.433174,11,ecg,detected
2021-01-17T03:59:31.433635,11,ecg,persisted
2021-01-17T03:59:31.833121,11,thermometer,processed
2021-01-17T03:59:31.833332,11,thermometer,detected
2021-01-17T03:59:31.833851,11,thermometer,persisted
2021-01-17T03:59:32.033181,12,oximeter,processed
2021-01-17T03:59:32.033348,12,oximeter,detected
2021-01-17T03:59:32.033542,12,oximeter,persisted
2021-01-17T03:59:32.433379,12,ecg,processed
2021-01-17T03:59:32.433621,12,ecg,detected
2021-01-17T03:59:32.433849,12,ecg,persisted
2021-01-17T03:59:32.833544,12,thermometer,processed
2021-01-17T03:59:32.833762,12,thermometer,detected
2021-01-17T03:59:32.833997,12,thermometer,persisted
2021-01-17T03:59:33.033595,13,oximeter,processed
2021-01-17T03:59:33.033790,13,oximeter,detected
2021-01-17T03:59:33.034142,13,oximeter,persisted
2021-01-17T03:59:33.433777,13,ecg,processed
2021-01-17T03:59:33.433997,13,ecg,detected
2021-01-17T03:59:33.434367,13,ecg,persisted
2021-01-17T03:59:33.833923,13,thermometer,processed
2021-01-17T03:59:33.834099,13,thermometer,detected
2021-01-17T03:59:33.834322,13,thermometer,persisted
2021-01-17T03:59:34.034013,14,oximeter,processed
2021-01-17T03:59:34.034226,14,oximeter,detected
2021-01-17T03:59:34.034559,14,oximeter,persisted
2021-01-17T03:59:34.434173,14,ecg,processed
2021-01-17T03:59:34.434382,14,ecg,detected
2021-01-17T03:59:34.434999,14,ecg,persisted
2021-01-17T03:59:34.834327,14,thermometer,processed
2021-01-17T03:59:34.834526,14,thermometer,detected
2021-01-17T03:59:34.834771,14,thermometer,persisted
2021-01-17T03:59:35.034404,15,oximeter,processed
2021-01-17T03:59:35.034567,15,oximeter,detected
2021-01-17T03:59:35.034943,15,oximeter,persisted
2021-01-17T03:59:35.434568,15,ecg,processed
2021-01-17T03:59:35.434785,15,ecg,detected
2021-01-17T03:59:35.435132,15,ecg,persisted
2021-01-17T03:59:35.834730,15,thermometer,processed
2021-01-17T03:59:35.834949,15,thermometer,detected
2021-01-17T03:59:35.835181,15,thermometer,persisted
2021-01-17T03:59:36.034772,16,oximeter,processed
2021-01-17T03:59:36.034906,16,oximeter,detected
2021-01-17T03:59:36.035068,16,oximeter,persisted
2021-01-17T03:59:36.434997,16,ecg,processed
2021-01-17T03:59:36.435211,16,ecg,detected
2021-01-17T03:59:36.435678,16,ecg,persisted
2021-01-17T03:59:36.835141,16,thermometer,processed
2021-01-17T03:59:36.835350,16,thermometer,detected
2021-01-17T03:59:36.835575,16,thermometer,persisted
2021-01-17T03:59:37.035255,17,oximeter,processed
2021-01-17T03:59:37.035499,17,oximeter,detected
2021-01-17T03:59:37.035879,17,oximeter,persisted
2021-01-17T03:59:37.435423,17,ecg,processed
2021-01-17T03:59:37.435611,17,ecg,detected
2021-01-17T03:59:37.436113,17,ecg,persisted
2021-01-17T03:59:37.835561,17,thermometer,processed
2021-01-17T03:59:37.835744,17,thermometer,detected
2021-01-17T03:59:37.836167,17,thermometer,persisted
2021-01-17T03:59:38.035635,18,oximeter,processed
2021-01-17T03:59:38.035843,18,oximeter,detected
2021-01-17T03:59:38.036443,18,oximeter,persisted
2021-01-17T03:59:38.435772,18,ecg,processed
2021-01-17T03:59:38.435994,18,ecg,detected
2021-01-17T03:59:38.436344,18,ecg,persisted
2021-01-17T03:59:38.835944,18,thermometer,processed
2021-01-17T03:59:38.836144,18,thermometer,detected
2021-01-17T03:59:38.836575,18,thermometer,persisted
2021-01-17T03:59:39.036000,19,oximeter,processed
2021-01-17T03:59:39.036177,19,oximeter,detected
2021-01-17T03:59:39.036543,19,oximeter,persisted
2021-01-17T03:59:39.436222,19,ecg,processed
2021-01-17T03:59:39.436437,19,ecg,detected
2021-01-17T03:59:39.436687,19,ecg,persisted
2021-01-17T03:59:39.836363,19,thermometer,processed
2021-01-17T03:59:39.836583,19,thermometer,detected
2021-01-17T03:59:39.837139,19,thermometer,persisted
2021-01-17T03:59:40.036455,20,oximeter,processed
2021-01-17T03:59:40.036632,20,oximeter,detected
2021-01-17T03:59:40.037063,20,oximeter,persisted
2021-01-17T03:59:40.436623,20,ecg,processed
2021-01-17T03:59:40.436854,20,ecg,detected
2021-01-17T03:59:40.437178,20,ecg,persisted
2021-01-17T03:59:40.836777,20,thermometer,processed
2021-01-17T03:59:40.836991,20,thermometer,detected
2021-01-17T03:59:40.837543,20,thermometer,persisted
2021-01-17T03:59:41.036838,21,oximeter,processed
2021-01-17T03:59:41.036961,21,oximeter,detected
2021-01-17T03:59:41.037243,21,oximeter,persisted
2021-01-17T03:59:41.437070,21,ecg,processed
2021-01-17T03:59:41.437280,21,ecg,detected
2021-01-17T03:59:41.437734,21,ecg,persisted
2021-01-17T03:59:41.837228,21,thermometer,processed
2021-01-17T03:59:41.837404,21,thermometer,detected
2021-01-17T03:59:41.837928,21,thermometer,persisted
2021-01-17T03:59:42.037305,22,oximeter,processed
2021-01-17T03:59:42.037472,22,oximeter,detected
2021-01-17T03:59:42.037646,22,oximeter,persisted
2021-01-17T03:59:42.437467,22,ecg,processed
2021-01-17T03:59:42.437684,22,ecg,detected
2021-01-17T03:59:42.438349,22,ecg,persisted
2021-01-17T03:59:42.837667,22,thermometer,processed
2021-01-17T03:59:42.837848,22,thermometer,detected
2021-01-17T03:59:42.838482,22,thermometer,persisted
2021-01-17T03:59:43.037703,23,oximeter,processed
2021-01-17T03:59:43.037855,23,oximeter,detected
2021-01-17T03:59:43.038066,23,oximeter,persisted
2021-01-17T03:59:43.437924,23,ecg,processed
2021-01-17T03:59:43.438116,23,ecg,detected
2021-01-17T03:59:43.438360,23,ecg,persisted
2021-01-17T03:59:43.838063,23,thermometer,processed
2021-01-17T03:59:43.838229,23,thermometer,detected
2021-01-17T03:59:43.838605,23,thermometer,persisted
2021-01-17T03:59:44.038116,24,oximeter,processed
2021-01-17T03:59:44.038283,24,oximeter,detected
2021-01-17T03:59:44.038577,24,oximeter,persisted
2021-01-17T03:59:44.438320,24,ecg,processed
2021-01-17T03:59:44.438540,24,ecg,detected
2021-01-17T03:59:44.438785,24,ecg,persisted
2021-01-17T03:59:44.838466,24,thermometer,processed
2021-01-17T03:59:44.838654,24,thermometer,detected
2021-01-17T03:59:44.838853,24,thermometer,persisted
2021-01-17T03:59:45.038601,25,oximeter,processed
2021-01-17T03:59:45.038814,25,oximeter,detected
2021-01-17T03:59:45.039364,25,oximeter,persisted
2021-01-17T03:59:45.438736,25,ecg,processed
2021-01-17T03:59:45.438954,25,ecg,detected
2021-01-17T03:59:45.439189,25,ecg,persisted
2021-01-17T03:59:45.838911,25,thermometer,processed
2021-01-17T03:59:45.839121,25,thermometer,detected
2021-01-17T03:59:45.839371,25,thermometer,persisted
2021-01-17T03:59:46.038963,26,oximeter,processed
2021-01-17T03:59:46.039145,26,oximeter,detected
2021-01-17T03:59:46.039329,26,oximeter,persisted
2021-01-17T03:59:46.439177,26,ecg,processed
2021-01-17T03:59:46.439421,26,ecg,detected
2021-01-17T03:59:46.439720,26,ecg,persisted
2021-01-17T03:59:46.839379,26,thermometer,processed
2021-01-17T03:59:46.839579,26,thermometer,detected
2021-01-17T03:59:46.839813,26,thermometer,persisted
2021-01-17T03:59:47.039432,27,oximeter,processed
2021-01-17T03:59:47.039609,27,oximeter,detected
2021-01-17T03:59:47.040143,27,oximeter,persisted
2021-01-17T03:59:47.439568,27,ecg,processed
2021-01-17T03:59:47.439803,27,ecg,detected
2021-01-17T03:59:47.440025,27,ecg,persisted
2021-01-17T03:59:47.839695,27,thermometer,processed
2021-01-17T03:59:47.839913,27,thermometer,detected
2021-01-17T03:59:47.840181,27,thermometer,persisted
2021-01-17T03:59:48.039779,28,oximeter,processed
2021-01-17T03:59:48.039959,28,oximeter,detected
2021-01-17T03:59:48.040297,28,oximeter,persisted
2021-01-17T03:59:48.439942,28,ecg,processed
2021-01-17T03:59:48.440167,28,ecg,detected
2021-01-17T03:59:48.440399,28,ecg,persisted
2021-01-17T03:59:48.840088,28,thermometer,processed
2021-01-17T03:59:48.840306,28,thermometer,detected
2021-01-17T03:59:48.840559,28,thermometer,persisted
2021-01-17T03:59:49.040164,29,oximeter,processed
2021-01-17T03:59:49.040301,29,oximeter,detected
2021-01-17T03:59:49.040613,29,oximeter,persisted
2021-01-17T03:59:49.440364,29,ecg,processed
2021-01-17T03:59:49.440607,29,ecg,detected
2021-01-17T03:59:49.440838,29,ecg,persisted
2021-01-17T03:59:49.840447,29,thermometer,processed
2021-01-17T03:59:49.840542,29,thermometer,detected
2021-01-17T03:59:49.840970,29,thermometer,persisted
2021-01-17T03:59:50.040513,30,oximeter,processed
2021-01-17T03:59:50.040610,30,oximeter,detected
2021-01-17T03:59:50.040687,30,oximeter,persisted
2021-01-17T03:59:50.440647,30,ecg,processed
2021-01-17T03:59:50.440732,30,ecg,detected
2021-01-17T03:59:50.440879,30,ecg,persisted
2021-01-17T03:59:50.840879,30,thermometer,processed
2021-01-17T03:59:50.841088,30,thermometer,detected
2021-01-17T03:59:50.841701,30,thermometer,persisted
2021-01-17T03:59:51.841345,31,thermometer,processed
2021-01-17T03:59:51.841864,31,thermometer,detected
2021-01-17T03:59:51.842284,31,thermometer,persisted
2021-01-17T03:59:52.041315,32,oximeter,processed
2021-01-17T03:59:52.041470,32,oximeter,detected
2021-01-17T03:59:52.041587,32,oximeter,persisted
2021-01-17T03:59:53.441927,33,ecg,processed
2021-01-17T03:59:53.442150,33,ecg,detected
2021-01-17T03:59:53.442516,33,ecg,persisted
2021-01-17T03:59:53.842146,33,thermometer,processed
2021-01-17T03:59:53.842383,33,thermometer,detected
2021-01-17T03:59:53.842912,33,thermometer,persisted
2021-01-17T03:59:54.042231,34,oximeter,processed
2021-01-17T03:59:54.042371,34,oximeter,detected
2021-01-17T03:59:54.042787,34,oximeter,persisted
2021-01-17T03:59:54.842506,34,thermometer,processed
2021-01-17T03:59:54.842743,34,thermometer,detected
2021-01-17T03:59:54.843148,34,thermometer,persisted
2021-01-17T03:59:55.042610,35,oximeter,processed
2021-01-17T03:59:55.042796,35,oximeter,detected
2021-01-17T03:59:55.043053,35,oximeter,persisted
2021-01-17T03:59:56.443136,36,ecg,processed
2021-01-17T03:59:56.443367,36,ecg,detected
2021-01-17T03:59:56.443634,36,ecg,persisted
2021-01-17T03:59:57.043449,37,oximeter,processed
2021-01-17T03:59:57.043641,37,oximeter,detected
2021-01-17T03:59:57.043871,37,oximeter,persisted
2021-01-17T03:59:58.043802,38,oximeter,processed
2021-01-17T03:59:58.043979,38,oximeter,detected
2021-01-17T03:59:58.044447,38,oximeter,persisted
2021-01-17T03:59:58.844156,38,thermometer,processed
2021-01-17T03:59:58.844362,38,thermometer,detected
2021-01-17T03:59:58.844926,38,thermometer,persisted
2021-01-17T03:59:59.044202,39,oximeter,processed
2021-01-17T03:59:59.044353,39,oximeter,detected
2021-01-17T03:59:59.044504,39,oximeter,persisted
2021-01-17T03:59:59.444401,39,ecg,processed
2021-01-17T03:59:59.444620,39,ecg,detected
2021-01-17T03:59:59.445042,39,ecg,persisted
2021-01-17T03:59:59.844560,39,thermometer,processed
2021-01-17T03:59:59.844792,39,thermometer,detected
2021-01-17T03:59:59.845179,39,thermometer,persisted
2021-01-17T04:00:00.044665,40,oximeter,processed
2021-01-17T04:00:00.044822,40,oximeter,detected
2021-01-17T04:00:00.045043,40,oximeter,persisted
2021-01-17T04:00:00.444850,40,ecg,processed
2021-01-17T04:00:00.445076,40,ecg,detected
2021-01-17T04:00:00.445473,40,ecg,persisted
2021-01-17T04:00:00.845011,40,thermometer,processed
2021-01-17T04:00:00.845248,40,thermometer,detected
2021-01-17T04:00:00.845474,40,thermometer,persisted
2021-01-17T04:00:01.045020,41,oximeter,processed
2021-01-17T04:00:01.045171,41,oximeter,detected
2021-01-17T04:00:01.045325,41,oximeter,persisted
2021-01-17T04:00:01.445303,41,ecg,processed
2021-01-17T04:00:01.445530,41,ecg,detected
2021-01-17T04:00:01.446042,41,ecg,persisted
2021-01-17T04:00:01.845393,41,thermometer,processed
2021-01-17T04:00:01.845615,41,thermometer,detected
2021-01-17T04:00:01.845853,41,thermometer,persisted
2021-01-17T04:00:02.045541,42,oximeter,processed
2021-01-17T04:00:02.045770,42,oximeter,detected
2021-01-17T04:00:02.046052,42,oximeter,persisted
2021-01-17T04:00:02.445649,42,ecg,processed
2021-01-17T04:00:02.445871,42,ecg,detected
2021-01-17T04:00:02.446254,42,ecg,persisted
2021-01-17T04:00:02.845817,42,thermometer,processed
2021-01-17T04:00:02.846076,42,thermometer,detected
2021-01-17T04:00:02.846481,42,thermometer,persisted
2021-01-17T04:00:03.045917,43,oximeter,processed
2021-01-17T04:00:03.046140,43,oximeter,detected
2021-01-17T04:00:03.046525,43,oximeter,persisted
2021-01-17T04:00:03.446084,43,ecg,processed
2021-01-17T04:00:03.446309,43,ecg,detected
2021-01-17T04:00:03.446889,43,ecg,persisted
2021-01-17T04:00:03.846253,43,thermometer,processed
2021-01-17T04:00:03.846480,43,thermometer,detected
2021-01-17T04:00:03.846872,43,thermometer,persisted
2021-01-17T04:00:04.046354,44,oximeter,processed
2021-01-17T04:00:04.046514,44,oximeter,detected
2021-01-17T04:00:04.046677,44,oximeter,persisted
2021-01-17T04:00:04.846696,44,thermometer,processed
2021-01-17T04:00:04.846955,44,thermometer,detected
2021-01-17T04:00:04.847570,44,thermometer,persisted
2021-01-17T04:00:05.046853,45,oximeter,processed
2021-01-17T04:00:05.047041,45,oximeter,detected
2021-01-17T04:00:05.047466,45,oximeter,persisted
2021-01-17T04:00:06.047185,46,oximeter,processed
2021-01-17T04:00:06.047405,46,oximeter,detected
2021-01-17T04:00:06.047792,46,oximeter,persisted
2021-01-17T04:00:06.447359,46,ecg,processed
2021-01-17T04:00:06.447543,46,ecg,detected
2021-01-17T04:00:06.448197,46,ecg,persisted
2021-01-17T04:00:06.847463,46,thermometer,processed
2021-01-17T04:00:06.847651,46,thermometer,detected
2021-01-17T04:00:06.847881,46,thermometer,persisted
2021-01-17T04:00:07.047670,47,oximeter,processed
2021-01-17T04:00:07.047879,47,oximeter,detected
2021-01-17T04:00:07.048250,47,oximeter,persisted
2021-01-17T04:00:07.447774,47,ecg,processed
2021-01-17T04:00:07.447965,47,ecg,detected
2021-01-17T04:00:07.448183,47,ecg,persisted
2021-01-17T04:00:07.847940,47,thermometer,processed
2021-01-17T04:00:07.848187,47,thermometer,detected
2021-01-17T04:00:07.848628,47,thermometer,persisted
2021-01-17T04:00:08.047988,48,oximeter,processed
2021-01-17T04:00:08.048202,48,oximeter,detected
2021-01-17T04:00:08.048672,48,oximeter,persisted
2021-01-17T04:00:08.448147,48,ecg,processed
2021-01-17T04:00:08.448343,48,ecg,detected
2021-01-17T04:00:08.448566,48,ecg,persisted
2021-01-17T04:00:08.848418,48,thermometer,processed
2021-01-17T04:00:08.848634,48,thermometer,detected
2021-01-17T04:00:08.849092,48,thermometer,persisted
2021-01-17T04:00:09.048541,49,oximeter,processed
2021-01-17T04:00:09.048778,49,oximeter,detected
2021-01-17T04:00:09.049122,49,oximeter,persisted
2021-01-17T04:00:09.448706,49,ecg,processed
2021-01-17T04:00:09.448899,49,ecg,detected
2021-01-17T04:00:09.449508,49,ecg,persisted
2021-01-17T04:00:09.648748,49,thermometer,processed
2021-01-17T04:00:09.650899,49,thermometer,detected
2021-01-17T04:00:09.651183,49,thermometer,persisted
2021-01-17T04:00:10.049030,50,oximeter,processed
2021-01-17T04:00:10.049228,50,oximeter,detected
2021-01-17T04:00:10.049683,50,oximeter,persisted
2021-01-17T04:00:10.649132,50,thermometer,processed
2021-01-17T04:00:10.649229,50,thermometer,detected
2021-01-17T04:00:10.649670,50,thermometer,persisted
2021-01-17T04:00:11.049387,51,oximeter,processed
2021-01-17T04:00:11.049634,51,oximeter,detected
2021-01-17T04:00:11.049949,51,oximeter,persisted
2021-01-17T04:00:11.449532,51,ecg,processed
2021-01-17T04:00:11.449760,51,ecg,detected
2021-01-17T04:00:11.450167,51,ecg,persisted
2021-01-17T04:00:11.649621,51,thermometer,processed
2021-01-17T04:00:11.649820,51,thermometer,detected
2021-01-17T04:00:11.649943,51,thermometer,persisted
2021-01-17T04:00:12.049802,52,oximeter,processed
2021-01-17T04:00:12.049989,52,oximeter,detected
2021-01-17T04:00:12.050460,52,oximeter,persisted
2021-01-17T04:00:12.450012,52,ecg,processed
2021-01-17T04:00:12.450223,52,ecg,detected
2021-01-17T04:00:12.450646,52,ecg,persisted
2021-01-17T04:00:12.650087,52,thermometer,processed
2021-01-17T04:00:12.650228,52,thermometer,detected
2021-01-17T04:00:12.650922,52,thermometer,persisted
2021-01-17T04:00:13.050204,53,oximeter,processed
2021-01-17T04:00:13.050398,53,oximeter,detected
2021-01-17T04:00:13.050681,53,oximeter,persisted
2021-01-17T04:00:13.450432,53,ecg,processed
2021-01-17T04:00:13.450665,53,ecg,detected
2021-01-17T04:00:13.451157,53,ecg,persisted
2021-01-17T04:00:14.450801,54,ecg,processed
2021-01-17T04:00:14.451027,54,ecg,detected
2021-01-17T04:00:14.451354,54,ecg,persisted
2021-01-17T04:00:14.651021,54,thermometer,processed
2021-01-17T04:00:14.651175,54,thermometer,detected
2021-01-17T04:00:14.652056,54,thermometer,persisted
2021-01-17T04:00:15.051102,55,oximeter,processed
2021-01-17T04:00:15.051406,55,oximeter,detected
2021-01-17T04:00:15.051777,55,oximeter,persisted
2021-01-17T04:00:15.451239,55,ecg,processed
2021-01-17T04:00:15.451457,55,ecg,detected
2021-01-17T04:00:15.451835,55,ecg,persisted
2021-01-17T04:00:15.651353,55,thermometer,processed
2021-01-17T04:00:15.651502,55,thermometer,detected
2021-01-17T04:00:15.651817,55,thermometer,persisted
2021-01-17T04:00:16.051523,56,oximeter,processed
2021-01-17T04:00:16.051706,56,oximeter,detected
2021-01-17T04:00:16.052170,56,oximeter,persisted
2021-01-17T04:00:16.451672,56,ecg,processed
2021-01-17T04:00:16.451935,56,ecg,detected
2021-01-17T04:00:16.452492,56,ecg,persisted
2021-01-17T04:00:16.651768,56,thermometer,processed
2021-01-17T04:00:16.651880,56,thermometer,detected
2021-01-17T04:00:16.652165,56,thermometer,persisted
2021-01-17T04:00:17.051885,57,oximeter,processed
2021-01-17T04:00:17.052090,57,oximeter,detected
2021-01-17T04:00:17.052405,57,oximeter,persisted
2021-01-17T04:00:17.452086,57,ecg,processed
2021-01-17T04:00:17.452306,57,ecg,detected
2021-01-17T04:00:17.452557,57,ecg,persisted
2021-01-17T04:00:17.652128,57,thermometer,processed
2021-01-17T04:00:17.652284,57,thermometer,detected
2021-01-17T04:00:17.652571,57,thermometer,persisted
2021-01-17T04:00:18.052361,58,oximeter,processed
2021-01-17T04:00:18.052553,58,oximeter,detected
2021-01-17T04:00:18.052946,58,oximeter,persisted
2021-01-17T04:00:18.452507,58,ecg,processed
2021-01-17T04:00:18.452695,58,ecg,detected
2021-01-17T04:00:18.452891,58,ecg,persisted
2021-01-17T04:00:18.652566,58,thermometer,processed
2021-01-17T04:00:18.652731,58,thermometer,detected
2021-01-17T04:00:18.652853,58,thermometer,persisted
2021-01-17T04:00:19.052781,59,oximeter,processed
2021-01-17T04:00:19.052934,59,oximeter,detected
2021-01-17T04:00:19.053231,59,oximeter,persisted
2021-01-17T04:00:19.452937,59,ecg,processed
2021-01-17T04:00:19.453163,59,ecg,detected
2021-01-17T04:00:19.453564,59,ecg,persisted
2021-01-17T04:00:20.053201,60,oximeter,processed
2021-01-17T04:00:20.053420,60,oximeter,detected
2021-01-17T04:00:20.053918,60,oximeter,persisted
2021-01-17T04:00:20.453366,60,ecg,processed
2021-01-17T04:00:20.453557,60,ecg,detected
2021-01-17T04:00:20.453995,60,ecg,persisted
2021-01-17T04:00:20.653386,60,thermometer,processed
2021-01-17T04:00:20.653524,60,thermometer,detected
2021-01-17T04:00:20.653673,60,thermometer,persisted
2021-01-17T04:00:21.053664,61,oximeter,processed
2021-01-17T04:00:21.053875,61,oximeter,detected
2021-01-17T04:00:21.054180,61,oximeter,persisted
2021-01-17T04:00:21.453859,61,ecg,processed
2021-01-17T04:00:21.454112,61,ecg,detected
2021-01-17T04:00:21.454634,61,ecg,persisted
2021-01-17T04:00:21.653923,61,thermometer,processed
2021-01-17T04:00:21.654064,61,thermometer,detected
2021-01-17T04:00:21.654282,61,thermometer,persisted
2021-01-17T04:00:22.054019,62,oximeter,processed
2021-01-17T04:00:22.054210,62,oximeter,detected
2021-01-17T04:00:22.054613,62,oximeter,persisted
2021-01-17T04:00:22.454207,62,ecg,processed
2021-01-17T04:00:22.454418,62,ecg,detected
2021-01-17T04:00:22.454666,62,ecg,persisted
2021-01-17T04:00:23.654653,63,thermometer,processed
2021-01-17T04:00:23.654787,63,thermometer,detected
2021-01-17T04:00:23.655031,63,thermometer,persisted
2021-01-17T04:00:25.455500,65,ecg,processed
2021-01-17T04:00:25.455685,65,ecg,detected
2021-01-17T04:00:25.456289,65,ecg,persisted
2021-01-17T04:00:26.055732,66,oximeter,processed
2021-01-17T04:00:26.055967,66,oximeter,detected
2021-01-17T04:00:26.056337,66,oximeter,persisted
2021-01-17T04:00:26.455843,66,ecg,processed
2021-01-17T04:00:26.456070,66,ecg,detected
2021-01-17T04:00:26.456524,66,ecg,persisted
2021-01-17T04:00:26.655904,66,thermometer,processed
2021-01-17T04:00:26.656087,66,thermometer,detected
2021-01-17T04:00:26.656548,66,thermometer,persisted
2021-01-17T04:00:27.056163,67,oximeter,processed
2021-01-17T04:00:27.056364,67,oximeter,detected
2021-01-17T04:00:27.056714,67,oximeter,persisted
2021-01-17T04:00:29.457171,69,ecg,processed
2021-01-17T04:00:29.457380,69,ecg,detected
2021-01-17T04:00:29.457783,69,ecg,persisted
2021-01-17T04:00:30.057468,70,oximeter,processed
2021-01-17T04:00:30.057702,70,oximeter,detected
2021-01-17T04:00:30.058083,70,oximeter,persisted
2021-01-17T04:00:30.457569,70,ecg,processed
2021-01-17T04:00:30.457796,70,ecg,detected
2021-01-17T04:00:30.458240,70,ecg,persisted
2021-01-17T04:00:30.657653,70,thermometer,processed
2021-01-17T04:00:30.657846,70,thermometer,detected
2021-01-17T04:00:30.658148,70,thermometer,persisted
2021-01-17T04:00:31.057851,71,oximeter,processed
2021-01-17T04:00:31.058093,71,oximeter,detected
2021-01-17T04:00:31.058638,71,oximeter,persisted
2021-01-17T04:00:31.458000,71,ecg,processed
2021-01-17T04:00:31.458241,71,ecg,detected
2021-01-17T04:00:31.458776,71,ecg,persisted
2021-01-17T04:00:32.058315,72,oximeter,processed
2021-01-17T04:00:32.058515,72,oximeter,detected
2021-01-17T04:00:32.058824,72,oximeter,persisted
2021-01-17T04:00:32.658489,72,thermometer,processed
2021-01-17T04:00:32.658600,72,thermometer,detected
2021-01-17T04:00:32.658697,72,thermometer,persisted
2021-01-17T04:00:33.458910,73,ecg,processed
2021-01-17T04:00:33.459136,73,ecg,detected
2021-01-17T04:00:33.459774,73,ecg,persisted
2021-01-17T04:00:34.059162,74,oximeter,processed
2021-01-17T04:00:34.059426,74,oximeter,detected
2021-01-17T04:00:34.060348,74,oximeter,persisted
2021-01-17T04:00:34.459274,74,ecg,processed
2021-01-17T04:00:34.459517,74,ecg,detected
2021-01-17T04:00:34.459758,74,ecg,persisted
2021-01-17T04:00:34.659342,74,thermometer,processed
2021-01-17T04:00:34.659481,74,thermometer,detected
2021-01-17T04:00:34.659700,74,thermometer,persisted
2021-01-17T04:00:37.060322,77,oximeter,processed
2021-01-17T04:00:37.060558,77,oximeter,detected
2021-01-17T04:00:37.060803,77,oximeter,persisted
2021-01-17T04:00:37.460531,77,ecg,processed
2021-01-17T04:00:37.460774,77,ecg,detected
2021-01-17T04:00:37.461258,77,ecg,persisted
2021-01-17T04:00:38.060765,78,oximeter,processed
2021-01-17T04:00:38.060994,78,oximeter,detected
2021-01-17T04:00:38.061385,78,oximeter,persisted
2021-01-17T04:00:39.061195,79,oximeter,processed
2021-01-17T04:00:39.061424,79,oximeter,detected
2021-01-17T04:00:39.061872,79,oximeter,persisted
2021-01-17T04:00:39.661415,79,thermometer,processed
2021-01-17T04:00:39.661588,79,thermometer,detected
2021-01-17T04:00:39.661798,79,thermometer,persisted
2021-01-17T04:00:40.461768,80,ecg,processed
2021-01-17T04:00:40.461982,80,ecg,detected
2021-01-17T04:00:40.462210,80,ecg,persisted
2021-01-17T04:00:41.062215,81,oximeter,processed
2021-01-17T04:00:41.062475,81,oximeter,detected
2021-01-17T04:00:41.062954,81,oximeter,persisted
2021-01-17T04:00:41.462204,81,ecg,processed
2021-01-17T04:00:41.462399,81,ecg,detected
2021-01-17T04:00:41.462623,81,ecg,persisted
2021-01-17T04:00:41.662247,81,thermometer,processed
2021-01-17T04:00:41.662392,81,thermometer,detected
2021-01-17T04:00:41.662586,81,thermometer,persisted
2021-01-17T04:00:42.062483,82,oximeter,processed
2021-01-17T04:00:42.062721,82,oximeter,detected
2021-01-17T04:00:42.062974,82,oximeter,persisted
2021-01-17T04:00:42.462698,82,ecg,processed
2021-01-17T04:00:42.462941,82,ecg,detected
2021-01-17T04:00:42.463550,82,ecg,persisted
2021-01-17T04:00:42.662765,82,thermometer,processed
2021-01-17T04:00:42.662928,82,thermometer,detected
2021-01-17T04:00:42.663082,82,thermometer,persisted
2021-01-17T04:00:43.062987,83,oximeter,processed
2021-01-17T04:00:43.063274,83,oximeter,detected
2021-01-17T04:00:43.063847,83,oximeter,persisted
2021-01-17T04:00:43.463119,83,ecg,processed
2021-01-17T04:00:43.463364,83,ecg,detected
2021-01-17T04:00:43.463805,83,ecg,persisted
2021-01-17T04:00:43.663234,83,thermometer,processed
2021-01-17T04:00:43.663478,83,thermometer,detected
2021-01-17T04:00:43.663937,83,thermometer,persisted
2021-01-17T04:00:44.063447,84,oximeter,processed
2021-01-17T04:00:44.063745,84,oximeter,detected
2021-01-17T04:00:44.064124,84,oximeter,persisted
2021-01-17T04:00:44.463595,84,ecg,processed
2021-01-17T04:00:44.463817,84,ecg,detected
2021-01-17T04:00:44.464436,84,ecg,persisted
2021-01-17T04:00:44.663688,84,thermometer,processed
2021-01-17T04:00:44.663831,84,thermometer,detected
2021-01-17T04:00:44.664038,84,thermometer,persisted
2021-01-17T04:00:45.063860,85,oximeter,processed
2021-01-17T04:00:45.064070,85,oximeter,detected
2021-01-17T04:00:45.064246,85,oximeter,persisted
2021-01-17T04:00:45.464042,85,ecg,processed
2021-01-17T04:00:45.464266,85,ecg,detected
2021-01-17T04:00:45.464626,85,ecg,persisted
2021-01-17T04:00:45.664120,85,thermometer,processed
2021-01-17T04:00:45.664295,85,thermometer,detected
2021-01-17T04:00:45.664442,85,thermometer,persisted
2021-01-17T04:00:46.064349,86,oximeter,processed
2021-01-17T04:00:46.064570,86,oximeter,detected
2021-01-17T04:00:46.064850,86,oximeter,persisted
2021-01-17T04:00:46.464471,86,ecg,processed
2021-01-17T04:00:46.464694,86,ecg,detected
2021-01-17T04:00:46.465341,86,ecg,persisted
2021-01-17T04:00:46.664563,86,thermometer,processed
2021-01-17T04:00:46.664754,86,thermometer,detected
2021-01-17T04:00:46.665255,86,thermometer,persisted
2021-01-17T04:00:47.064804,87,oximeter,processed
2021-01-17T04:00:47.064983,87,oximeter,detected
2021-01-17T04:00:47.065426,87,oximeter,persisted
2021-01-17T04:00:47.464935,87,ecg,processed
2021-01-17T04:00:47.465144,87,ecg,detected
2021-01-17T04:00:47.465720,87,ecg,persisted
2021-01-17T04:00:47.665070,87,thermometer,processed
2021-01-17T04:00:47.665283,87,thermometer,detected
2021-01-17T04:00:47.665608,87,thermometer,persisted
2021-01-17T04:00:48.465457,88,ecg,processed
2021-01-17T04:00:48.465699,88,ecg,detected
2021-01-17T04:00:48.466241,88,ecg,persisted
2021-01-17T04:00:49.065739,89,oximeter,processed
2021-01-17T04:00:49.065956,89,oximeter,detected
2021-01-17T04:00:49.066527,89,oximeter,persisted
2021-01-17T04:00:49.665963,89,thermometer,processed
2021-01-17T04:00:49.666166,89,thermometer,detected
2021-01-17T04:00:49.666367,89,thermometer,persisted
2021-01-17T04:00:50.066172,90,oximeter,processed
2021-01-17T04:00:50.066378,90,oximeter,detected
2021-01-17T04:00:50.066666,90,oximeter,persisted
2021-01-17T04:00:50.466296,90,ecg,processed
2021-01-17T04:00:50.466510,90,ecg,detected
2021-01-17T04:00:50.466930,90,ecg,persisted
2021-01-17T04:00:50.666428,90,thermometer,processed
2021-01-17T04:00:50.666655,90,thermometer,detected
2021-01-17T04:00:50.666958,90,thermometer,persisted
2021-01-17T04:00:51.066588,91,oximeter,processed
2021-01-17T04:00:51.067372,91,oximeter,detected
2021-01-17T04:00:51.067687,91,oximeter,persisted
2021-01-17T04:00:51.466747,91,ecg,processed
2021-01-17T04:00:51.466936,91,ecg,detected
2021-01-17T04:00:51.467200,91,ecg,persisted
2021-01-17T04:00:51.666884,91,thermometer,processed
2021-01-17T04:00:51.667114,91,thermometer,detected
2021-01-17T04:00:51.667521,91,thermometer,persisted
2021-01-17T04:00:52.067041,92,oximeter,processed
2021-01-17T04:00:52.067350,92,oximeter,detected
2021-01-17T04:00:52.067845,92,oximeter,persisted
2021-01-17T04:00:52.467278,92,ecg,processed
2021-01-17T04:00:52.467569,92,ecg,detected
2021-01-17T04:00:52.468201,92,ecg,persisted
2021-01-17T04:00:52.667241,92,thermometer,processed
2021-01-17T04:00:52.667385,92,thermometer,detected
2021-01-17T04:00:52.667570,92,thermometer,persisted
2021-01-17T04:00:53.067514,93,oximeter,processed
2021-01-17T04:00:53.067701,93,oximeter,detected
2021-01-17T04:00:53.067957,93,oximeter,persisted
2021-01-17T04:00:54.467956,94,ecg,processed
2021-01-17T04:00:54.468132,94,ecg,detected
2021-01-17T04:00:54.468346,94,ecg,persisted
2021-01-17T04:00:55.068270,95,oximeter,processed
2021-01-17T04:00:55.068532,95,oximeter,detected
2021-01-17T04:00:55.068850,95,oximeter,persisted
2021-01-17T04:00:57.069150,97,oximeter,processed
2021-01-17T04:00:57.069386,97,oximeter,detected
2021-01-17T04:00:57.070087,97,oximeter,persisted
2021-01-17T04:00:57.469232,97,ecg,processed
2021-01-17T04:00:57.469479,97,ecg,detected
2021-01-17T04:00:57.469865,97,ecg,persisted
2021-01-17T04:00:57.669358,97,thermometer,processed
2021-01-17T04:00:57.669572,97,thermometer,detected
2021-01-17T04:00:57.669909,97,thermometer,persisted
2021-01-17T04:00:58.069561,98,oximeter,processed
2021-01-17T04:00:58.069875,98,oximeter,detected
2021-01-17T04:00:58.070386,98,oximeter,persisted
2021-01-17T04:00:58.469658,98,ecg,processed
2021-01-17T04:00:58.469885,98,ecg,detected
2021-01-17T04:00:58.470356,98,ecg,persisted
2021-01-17T04:00:58.669710,98,thermometer,processed
2021-01-17T04:00:58.669933,98,thermometer,detected
2021-01-17T04:00:58.670336,98,thermometer,persisted
2021-01-17T04:00:59.670194,99,thermometer,processed
2021-01-17T04:00:59.670455,99,thermometer,detected
2021-01-17T04:00:59.670756,99,thermometer,persisted
2021-01-17T04:01:00.070324,100,oximeter,processed
2021-01-17T04:01:00.070558,100,oximeter,detected
2021-01-17T04:01:00.070940,100,oximeter,persisted
2021-01-17T04:01:00.470559,100,ecg,processed
2021-01-17T04:01:00.470760,100,ecg,detected
2021-01-17T04:01:00.470990,100,ecg,persisted
2021-01-17T04:01:01.070780,101,oximeter,processed
2021-01-17T04:01:01.071007,101,oximeter,detected
2021-01-17T04:01:01.071329,101,oximeter,persisted
2021-01-17T04:01:01.470948,101,ecg,processed
2021-01-17T04:01:01.471162,101,ecg,detected
2021-01-17T04:01:01.471612,101,ecg,persisted
2021-01-17T04:01:01.671056,101,thermometer,processed
2021-01-17T04:01:01.671273,101,thermometer,detected
2021-01-17T04:01:01.671596,101,thermometer,persisted
2021-01-17T04:01:03.071706,103,oximeter,processed
2021-01-17T04:01:03.071939,103,oximeter,detected
2021-01-17T04:01:03.072591,103,oximeter,persisted
2021-01-17T04:01:03.471842,103,ecg,processed
2021-01-17T04:01:03.472082,103,ecg,detected
2021-01-17T04:01:03.472473,103,ecg,persisted
2021-01-17T04:01:03.671952,103,thermometer,processed
2021-01-17T04:01:03.672119,103,thermometer,detected
2021-01-17T04:01:03.672316,103,thermometer,persisted
2021-01-17T04:01:04.072138,104,oximeter,processed
2021-01-17T04:01:04.072350,104,oximeter,detected
2021-01-17T04:01:04.072701,104,oximeter,persisted
2021-01-17T04:01:04.472306,104,ecg,processed
2021-01-17T04:01:04.472568,104,ecg,detected
2021-01-17T04:01:04.472776,104,ecg,persisted
2021-01-17T04:01:04.672444,104,thermometer,processed
2021-01-17T04:01:04.672683,104,thermometer,detected
2021-01-17T04:01:04.673023,104,thermometer,persisted
2021-01-17T04:01:05.072600,105,oximeter,processed
2021-01-17T04:01:05.072847,105,oximeter,detected
2021-01-17T04:01:05.073146,105,oximeter,persisted
2021-01-17T04:01:05.472702,105,ecg,processed
2021-01-17T04:01:05.472925,105,ecg,detected
2021-01-17T04:01:05.473147,105,ecg,persisted
2021-01-17T04:01:05.672779,105,thermometer,processed
2021-01-17T04:01:05.673003,105,thermometer,detected
2021-01-17T04:01:05.673431,105,thermometer,persisted
2021-01-17T04:01:06.073007,106,oximeter,processed
2021-01-17T04:01:06.073235,106,oximeter,detected
2021-01-17T04:01:06.073608,106,oximeter,persisted
2021-01-17T04:01:06.473093,106,ecg,processed
2021-01-17T04:01:06.473285,106,ecg,detected
2021-01-17T04:01:06.473636,106,ecg,persisted
2021-01-17T04:01:06.673185,106,thermometer,processed
2021-01-17T04:01:06.673348,106,thermometer,detected
2021-01-17T04:01:06.673833,106,thermometer,persisted
2021-01-17T04:01:08.473981,108,ecg,processed
2021-01-17T04:01:08.474207,108,ecg,detected
2021-01-17T04:01:08.474466,108,ecg,persisted
2021-01-17T04:01:08.674078,108,thermometer,processed
2021-01-17T04:01:08.674264,108,thermometer,detected
2021-01-17T04:01:08.674449,108,thermometer,persisted
2021-01-17T04:01:09.074209,109,oximeter,processed
2021-01-17T04:01:09.074440,109,oximeter,detected
2021-01-17T04:01:09.074694,109,oximeter,persisted
2021-01-17T04:01:09.474412,109,ecg,processed
2021-01-17T04:01:09.474624,109,ecg,detected
2021-01-17T04:01:09.475248,109,ecg,persisted
2021-01-17T04:01:10.474794,110,ecg,processed
2021-01-17T04:01:10.475015,110,ecg,detected
2021-01-17T04:01:10.475607,110,ecg,persisted
2021-01-17T04:01:10.674912,110,thermometer,processed
2021-01-17T04:01:10.675140,110,thermometer,detected
2021-01-17T04:01:10.675543,110,thermometer,persisted
2021-01-17T04:01:11.075132,111,oximeter,processed
2021-01-17T04:01:11.075378,111,oximeter,detected
2021-01-17T04:01:11.076119,111,oximeter,persisted
2021-01-17T04:01:12.075558,112,oximeter,processed
2021-01-17T04:01:12.075790,112,oximeter,detected
2021-01-17T04:01:12.076045,112,oximeter,persisted
2021-01-17T04:01:12.475725,112,ecg,processed
2021-01-17T04:01:12.475924,112,ecg,detected
2021-01-17T04:01:12.476173,112,ecg,persisted
2021-01-17T04:01:13.075965,113,oximeter,processed
2021-01-17T04:01:13.076168,113,oximeter,detected
2021-01-17T04:01:13.076955,113,oximeter,persisted
2021-01-17T04:01:13.476185,113,ecg,processed
2021-01-17T04:01:13.476437,113,ecg,detected
2021-01-17T04:01:13.476604,113,ecg,persisted
2021-01-17T04:01:13.676223,113,thermometer,processed
2021-01-17T04:01:13.676430,113,thermometer,detected
2021-01-17T04:01:13.676827,113,thermometer,persisted
2021-01-17T04:01:14.076381,114,oximeter,processed
2021-01-17T04:01:14.076602,114,oximeter,detected
2021-01-17T04:01:14.077178,114,oximeter,persisted
2021-01-17T04:01:14.476557,114,ecg,processed
2021-01-17T04:01:14.476742,114,ecg,detected
2021-01-17T04:01:14.477139,114,ecg,persisted
2021-01-17T04:01:15.076847,115,oximeter,processed
2021-01-17T04:01:15.077124,115,oximeter,detected
2021-01-17T04:01:15.077548,115,oximeter,persisted
2021-01-17T04:01:15.476988,115,ecg,processed
2021-01-17T04:01:15.477179,115,ecg,detected
2021-01-17T04:01:15.477816,115,ecg,persisted
2021-01-17T04:01:15.677062,115,thermometer,processed
2021-01-17T04:01:15.677255,115,thermometer,detected
2021-01-17T04:01:15.677702,115,thermometer,persisted
2021-01-17T04:01:16.477429,116,ecg,processed
2021-01-17T04:01:16.477665,116,ecg,detected
2021-01-17T04:01:16.478038,116,ecg,persisted
2021-01-17T04:01:16.677501,116,thermometer,processed
2021-01-17T04:01:16.677743,116,thermometer,detected
2021-01-17T04:01:16.678015,116,thermometer,persisted
2021-01-17T04:01:17.077691,117,oximeter,processed
2021-01-17T04:01:17.077905,117,oximeter,detected
2021-01-17T04:01:17.078371,117,oximeter,persisted
2021-01-17T04:01:17.477843,117,ecg,processed
2021-01-17T04:01:17.478059,117,ecg,detected
2021-01-17T04:01:17.478423,117,ecg,persisted
2021-01-17T04:01:17.677954,117,thermometer,processed
2021-01-17T04:01:17.678147,117,thermometer,detected
2021-01-17T04:01:17.678401,117,thermometer,persisted
2021-01-17T04:01:18.478307,118,ecg,processed
2021-01-17T04:01:18.478535,118,ecg,detected
2021-01-17T04:01:18.478954,118,ecg,persisted
2021-01-17T04:01:18.678370,118,thermometer,processed
2021-01-17T04:01:18.678598,118,thermometer,detected
2021-01-17T04:01:18.679012,118,thermometer,persisted
2021-01-17T04:01:19.078549,119,oximeter,processed
2021-01-17T04:01:19.078739,119,oximeter,detected
2021-01-17T04:01:19.079118,119,oximeter,persisted
2021-01-17T04:01:19.678781,119,thermometer,processed
2021-01-17T04:01:19.678966,119,thermometer,detected
2021-01-17T04:01:19.679152,119,thermometer,persisted
